[2020/07/26-15:28:55] [main] [INFO ] [nat.phc.blog.BlogApplication] : Starting BlogApplication on PENGhc with PID 4832 (E:\code\java\SobBlogSystem\target\classes started by PengHaiChen in E:\code\java\SobBlogSystem)
[2020/07/26-15:28:55] [main] [INFO ] [nat.phc.blog.BlogApplication] : No active profile set, falling back to default profiles: default
[2020/07/26-15:29:00] [main] [INFO ] [nat.phc.blog.BlogApplication] : Started BlogApplication in 4.71 seconds (JVM running for 5.541)
[2020/07/26-16:12:43] [main] [INFO ] [nat.phc.blog.BlogApplication] : Starting BlogApplication on PENGhc with PID 18272 (E:\code\java\SobBlogSystem\target\classes started by PengHaiChen in E:\code\java\SobBlogSystem)
[2020/07/26-16:12:43] [main] [INFO ] [nat.phc.blog.BlogApplication] : No active profile set, falling back to default profiles: default
[2020/07/26-16:12:47] [main] [INFO ] [nat.phc.blog.BlogApplication] : Started BlogApplication in 4.561 seconds (JVM running for 5.274)
[2020/07/26-16:14:31] [http-nio-2333-exec-5] [INFO ] [nat.phc.blog.controller.user.UserApi] : email========>1839233520@qq.com
[2020/07/26-16:14:31] [http-nio-2333-exec-5] [INFO ] [nat.phc.blog.service.impl.UserServiceImpl] : 申请发送email的ip地址为=====》0_0_0_0_0_0_0_1
[2020/07/26-16:14:31] [http-nio-2333-exec-5] [INFO ] [nat.phc.blog.service.impl.UserServiceImpl] : 当前发送次数null
[2020/07/26-16:14:31] [http-nio-2333-exec-5] [INFO ] [nat.phc.blog.service.impl.UserServiceImpl] : 是否存再验证码对象null
[2020/07/26-16:14:31] [http-nio-2333-exec-5] [INFO ] [nat.phc.blog.service.impl.UserServiceImpl] : 申请发送email的验证码为405989
[2020/07/26-16:14:32] [phc_blog_task_worker-1] [INFO ] [nat.phc.blog.utils.EmailSender] : email send..........
[2020/07/26-16:18:22] [main] [INFO ] [nat.phc.blog.BlogApplication] : Starting BlogApplication on PENGhc with PID 10636 (E:\code\java\SobBlogSystem\target\classes started by PengHaiChen in E:\code\java\SobBlogSystem)
[2020/07/26-16:18:22] [main] [INFO ] [nat.phc.blog.BlogApplication] : No active profile set, falling back to default profiles: default
[2020/07/26-16:18:27] [main] [INFO ] [nat.phc.blog.BlogApplication] : Started BlogApplication in 4.729 seconds (JVM running for 5.446)
[2020/07/26-16:26:51] [http-nio-2333-exec-7] [INFO ] [nat.phc.blog.controller.user.UserApi] : email========>1839233520@qq.com
[2020/07/26-16:26:51] [http-nio-2333-exec-7] [INFO ] [nat.phc.blog.service.impl.UserServiceImpl] : 申请发送email的ip地址为=====》0_0_0_0_0_0_0_1
[2020/07/26-16:26:51] [http-nio-2333-exec-7] [INFO ] [nat.phc.blog.service.impl.UserServiceImpl] : 当前发送次数1
[2020/07/26-16:26:51] [http-nio-2333-exec-7] [INFO ] [nat.phc.blog.service.impl.UserServiceImpl] : 是否存再验证码对象null
[2020/07/26-16:26:51] [http-nio-2333-exec-7] [INFO ] [nat.phc.blog.service.impl.UserServiceImpl] : 申请发送email的验证码为996927
[2020/07/26-16:26:53] [phc_blog_task_worker-1] [INFO ] [nat.phc.blog.utils.EmailSender] : email send..........
[2020/07/26-16:29:02] [main] [INFO ] [nat.phc.blog.BlogApplication] : Starting BlogApplication on PENGhc with PID 9148 (E:\code\java\SobBlogSystem\target\classes started by PengHaiChen in E:\code\java\SobBlogSystem)
[2020/07/26-16:29:02] [main] [INFO ] [nat.phc.blog.BlogApplication] : No active profile set, falling back to default profiles: default
[2020/07/26-16:29:06] [main] [INFO ] [nat.phc.blog.BlogApplication] : Started BlogApplication in 4.383 seconds (JVM running for 5.163)
[2020/07/26-16:29:40] [http-nio-2333-exec-3] [INFO ] [nat.phc.blog.controller.user.UserApi] : email========>1839233520@qq.com
[2020/07/26-16:29:40] [http-nio-2333-exec-3] [INFO ] [nat.phc.blog.service.impl.UserServiceImpl] : 申请发送email的ip地址为=====》0_0_0_0_0_0_0_1
[2020/07/26-16:29:40] [http-nio-2333-exec-3] [INFO ] [nat.phc.blog.service.impl.UserServiceImpl] : 当前发送次数2
[2020/07/26-16:29:40] [http-nio-2333-exec-3] [INFO ] [nat.phc.blog.service.impl.UserServiceImpl] : 是否存再验证码对象null
[2020/07/26-16:29:40] [http-nio-2333-exec-3] [INFO ] [nat.phc.blog.service.impl.UserServiceImpl] : 申请发送email的验证码为787556
[2020/07/26-16:29:42] [phc_blog_task_worker-1] [INFO ] [nat.phc.blog.utils.EmailSender] : email send..........
[2020/07/26-16:32:25] [http-nio-2333-exec-3] [INFO ] [nat.phc.blog.controller.user.UserApi] : email========>1839233520@qq.com
[2020/07/26-16:32:25] [http-nio-2333-exec-3] [INFO ] [nat.phc.blog.service.impl.UserServiceImpl] : 申请发送email的ip地址为=====》0_0_0_0_0_0_0_1
[2020/07/26-16:32:25] [http-nio-2333-exec-3] [INFO ] [nat.phc.blog.service.impl.UserServiceImpl] : 当前发送次数3
[2020/07/26-16:32:25] [http-nio-2333-exec-3] [INFO ] [nat.phc.blog.service.impl.UserServiceImpl] : 是否存再验证码对象null
[2020/07/26-16:32:25] [http-nio-2333-exec-3] [INFO ] [nat.phc.blog.service.impl.UserServiceImpl] : 申请发送email的验证码为638398
[2020/07/26-16:32:26] [phc_blog_task_worker-2] [INFO ] [nat.phc.blog.utils.EmailSender] : email send..........
[2020/07/26-16:36:58] [main] [INFO ] [nat.phc.blog.BlogApplication] : Starting BlogApplication on PENGhc with PID 16876 (E:\code\java\SobBlogSystem\target\classes started by PengHaiChen in E:\code\java\SobBlogSystem)
[2020/07/26-16:36:58] [main] [INFO ] [nat.phc.blog.BlogApplication] : No active profile set, falling back to default profiles: default
[2020/07/26-16:37:02] [main] [INFO ] [nat.phc.blog.BlogApplication] : Started BlogApplication in 4.44 seconds (JVM running for 5.145)
[2020/07/26-16:37:12] [http-nio-2333-exec-2] [INFO ] [nat.phc.blog.service.impl.UserServiceImpl] : 两个验证码ehwa6:638398
[2020/07/26-16:39:04] [http-nio-2333-exec-5] [INFO ] [nat.phc.blog.service.impl.UserServiceImpl] : 两个验证码638398:638398
