[2020/07/24-07:34:46] [main] [INFO ] [nat.phc.blog.BlogApplication] : Starting BlogApplication on PENGhc with PID 7972 (E:\code\java\SobBlogSystem\target\classes started by PengHaiChen in E:\code\java\SobBlogSystem)
[2020/07/24-07:34:46] [main] [INFO ] [nat.phc.blog.BlogApplication] : No active profile set, falling back to default profiles: default
[2020/07/24-07:34:49] [main] [INFO ] [nat.phc.blog.BlogApplication] : Started BlogApplication in 4.076 seconds (JVM running for 4.976)
[2020/07/24-07:41:13] [main] [INFO ] [nat.phc.blog.BlogApplication] : Starting BlogApplication on PENGhc with PID 7908 (E:\code\java\SobBlogSystem\target\classes started by PengHaiChen in E:\code\java\SobBlogSystem)
[2020/07/24-07:41:13] [main] [INFO ] [nat.phc.blog.BlogApplication] : No active profile set, falling back to default profiles: default
[2020/07/24-07:41:17] [main] [INFO ] [nat.phc.blog.BlogApplication] : Started BlogApplication in 3.726 seconds (JVM running for 4.401)
[2020/07/24-07:47:41] [main] [INFO ] [nat.phc.blog.BlogApplication] : Starting BlogApplication on PENGhc with PID 5432 (E:\code\java\SobBlogSystem\target\classes started by PengHaiChen in E:\code\java\SobBlogSystem)
[2020/07/24-07:47:41] [main] [INFO ] [nat.phc.blog.BlogApplication] : No active profile set, falling back to default profiles: default
[2020/07/24-07:47:44] [main] [INFO ] [nat.phc.blog.BlogApplication] : Started BlogApplication in 3.607 seconds (JVM running for 4.263)
[2020/07/24-09:30:49] [main] [INFO ] [nat.phc.blog.BlogApplication] : Starting BlogApplication on PENGhc with PID 14424 (E:\code\java\SobBlogSystem\target\classes started by PengHaiChen in E:\code\java\SobBlogSystem)
[2020/07/24-09:30:49] [main] [INFO ] [nat.phc.blog.BlogApplication] : No active profile set, falling back to default profiles: default
[2020/07/24-09:30:53] [main] [INFO ] [nat.phc.blog.BlogApplication] : Started BlogApplication in 3.767 seconds (JVM running for 4.485)
[2020/07/24-09:35:40] [main] [INFO ] [nat.phc.blog.BlogApplication] : Starting BlogApplication on PENGhc with PID 10536 (E:\code\java\SobBlogSystem\target\classes started by PengHaiChen in E:\code\java\SobBlogSystem)
[2020/07/24-09:35:40] [main] [INFO ] [nat.phc.blog.BlogApplication] : No active profile set, falling back to default profiles: default
[2020/07/24-09:35:43] [main] [INFO ] [nat.phc.blog.BlogApplication] : Started BlogApplication in 3.622 seconds (JVM running for 4.425)
[2020/07/24-09:58:32] [main] [INFO ] [nat.phc.blog.BlogApplication] : Starting BlogApplication on PENGhc with PID 18560 (E:\code\java\SobBlogSystem\target\classes started by PengHaiChen in E:\code\java\SobBlogSystem)
[2020/07/24-09:58:32] [main] [INFO ] [nat.phc.blog.BlogApplication] : No active profile set, falling back to default profiles: default
[2020/07/24-09:58:35] [main] [INFO ] [nat.phc.blog.BlogApplication] : Started BlogApplication in 3.96 seconds (JVM running for 4.736)
[2020/07/24-10:02:19] [main] [INFO ] [nat.phc.blog.BlogApplication] : Starting BlogApplication on PENGhc with PID 18332 (E:\code\java\SobBlogSystem\target\classes started by PengHaiChen in E:\code\java\SobBlogSystem)
[2020/07/24-10:02:19] [main] [INFO ] [nat.phc.blog.BlogApplication] : No active profile set, falling back to default profiles: default
[2020/07/24-10:02:23] [main] [INFO ] [nat.phc.blog.BlogApplication] : Started BlogApplication in 3.625 seconds (JVM running for 4.304)
[2020/07/24-10:05:01] [main] [INFO ] [nat.phc.blog.BlogApplication] : Starting BlogApplication on PENGhc with PID 13872 (E:\code\java\SobBlogSystem\target\classes started by PengHaiChen in E:\code\java\SobBlogSystem)
[2020/07/24-10:05:01] [main] [INFO ] [nat.phc.blog.BlogApplication] : No active profile set, falling back to default profiles: default
[2020/07/24-10:05:07] [main] [INFO ] [nat.phc.blog.BlogApplication] : Starting BlogApplication on PENGhc with PID 520 (E:\code\java\SobBlogSystem\target\classes started by PengHaiChen in E:\code\java\SobBlogSystem)
[2020/07/24-10:05:07] [main] [INFO ] [nat.phc.blog.BlogApplication] : No active profile set, falling back to default profiles: default
[2020/07/24-10:05:10] [main] [INFO ] [nat.phc.blog.BlogApplication] : Started BlogApplication in 3.495 seconds (JVM running for 4.231)
[2020/07/24-10:05:13] [main] [INFO ] [nat.phc.blog.BlogApplication] : Starting BlogApplication on PENGhc with PID 15784 (E:\code\java\SobBlogSystem\target\classes started by PengHaiChen in E:\code\java\SobBlogSystem)
[2020/07/24-10:05:13] [main] [INFO ] [nat.phc.blog.BlogApplication] : No active profile set, falling back to default profiles: default
[2020/07/24-10:05:32] [main] [INFO ] [nat.phc.blog.BlogApplication] : Starting BlogApplication on PENGhc with PID 3532 (E:\code\java\SobBlogSystem\target\classes started by PengHaiChen in E:\code\java\SobBlogSystem)
[2020/07/24-10:05:32] [main] [INFO ] [nat.phc.blog.BlogApplication] : No active profile set, falling back to default profiles: default
[2020/07/24-10:06:01] [main] [INFO ] [nat.phc.blog.BlogApplication] : Starting BlogApplication on PENGhc with PID 568 (E:\code\java\SobBlogSystem\target\classes started by PengHaiChen in E:\code\java\SobBlogSystem)
[2020/07/24-10:06:01] [main] [INFO ] [nat.phc.blog.BlogApplication] : No active profile set, falling back to default profiles: default
[2020/07/24-10:06:05] [main] [INFO ] [nat.phc.blog.BlogApplication] : Started BlogApplication in 4.08 seconds (JVM running for 5.027)
[2020/07/24-10:06:15] [main] [INFO ] [nat.phc.blog.BlogApplication] : Starting BlogApplication on PENGhc with PID 16456 (E:\code\java\SobBlogSystem\target\classes started by PengHaiChen in E:\code\java\SobBlogSystem)
[2020/07/24-10:06:15] [main] [INFO ] [nat.phc.blog.BlogApplication] : No active profile set, falling back to default profiles: default
[2020/07/24-10:07:14] [main] [INFO ] [nat.phc.blog.BlogApplication] : Starting BlogApplication on PENGhc with PID 18760 (E:\code\java\SobBlogSystem\target\classes started by PengHaiChen in E:\code\java\SobBlogSystem)
[2020/07/24-10:07:14] [main] [INFO ] [nat.phc.blog.BlogApplication] : No active profile set, falling back to default profiles: default
[2020/07/24-10:07:18] [main] [INFO ] [nat.phc.blog.BlogApplication] : Started BlogApplication in 4.225 seconds (JVM running for 5.175)
[2020/07/24-10:10:35] [main] [INFO ] [nat.phc.blog.BlogApplication] : Starting BlogApplication on PENGhc with PID 3916 (E:\code\java\SobBlogSystem\target\classes started by PengHaiChen in E:\code\java\SobBlogSystem)
[2020/07/24-10:10:35] [main] [INFO ] [nat.phc.blog.BlogApplication] : No active profile set, falling back to default profiles: default
[2020/07/24-10:10:39] [main] [INFO ] [nat.phc.blog.BlogApplication] : Started BlogApplication in 3.615 seconds (JVM running for 4.38)
[2020/07/24-10:57:43] [main] [INFO ] [nat.phc.blog.BlogApplication] : Starting BlogApplication on PENGhc with PID 9036 (E:\code\java\SobBlogSystem\target\classes started by PengHaiChen in E:\code\java\SobBlogSystem)
[2020/07/24-10:57:43] [main] [INFO ] [nat.phc.blog.BlogApplication] : No active profile set, falling back to default profiles: default
[2020/07/24-10:57:46] [main] [INFO ] [nat.phc.blog.BlogApplication] : Started BlogApplication in 3.769 seconds (JVM running for 4.45)
[2020/07/24-10:57:55] [main] [INFO ] [nat.phc.blog.BlogApplication] : Starting BlogApplication on PENGhc with PID 14640 (E:\code\java\SobBlogSystem\target\classes started by PengHaiChen in E:\code\java\SobBlogSystem)
[2020/07/24-10:57:55] [main] [INFO ] [nat.phc.blog.BlogApplication] : No active profile set, falling back to default profiles: default
[2020/07/24-10:57:59] [main] [INFO ] [nat.phc.blog.BlogApplication] : Started BlogApplication in 3.715 seconds (JVM running for 4.354)
[2020/07/24-11:14:15] [main] [INFO ] [nat.phc.blog.BlogApplication] : Starting BlogApplication on PENGhc with PID 14000 (E:\code\java\SobBlogSystem\target\classes started by PengHaiChen in E:\code\java\SobBlogSystem)
[2020/07/24-11:14:15] [main] [INFO ] [nat.phc.blog.BlogApplication] : No active profile set, falling back to default profiles: default
[2020/07/24-11:14:18] [main] [INFO ] [nat.phc.blog.BlogApplication] : Started BlogApplication in 3.427 seconds (JVM running for 4.084)
[2020/07/24-11:19:56] [main] [INFO ] [nat.phc.blog.BlogApplication] : Starting BlogApplication on PENGhc with PID 8620 (E:\code\java\SobBlogSystem\target\classes started by PengHaiChen in E:\code\java\SobBlogSystem)
[2020/07/24-11:19:56] [main] [INFO ] [nat.phc.blog.BlogApplication] : No active profile set, falling back to default profiles: default
[2020/07/24-11:19:59] [main] [INFO ] [nat.phc.blog.BlogApplication] : Started BlogApplication in 3.771 seconds (JVM running for 4.426)
[2020/07/24-11:30:32] [main] [INFO ] [nat.phc.blog.BlogApplication] : Starting BlogApplication on PENGhc with PID 19072 (E:\code\java\SobBlogSystem\target\classes started by PengHaiChen in E:\code\java\SobBlogSystem)
[2020/07/24-11:30:32] [main] [INFO ] [nat.phc.blog.BlogApplication] : No active profile set, falling back to default profiles: default
[2020/07/24-11:30:36] [main] [INFO ] [nat.phc.blog.BlogApplication] : Started BlogApplication in 3.569 seconds (JVM running for 4.262)
[2020/07/24-11:32:34] [main] [INFO ] [nat.phc.blog.BlogApplication] : Starting BlogApplication on PENGhc with PID 14404 (E:\code\java\SobBlogSystem\target\classes started by PengHaiChen in E:\code\java\SobBlogSystem)
[2020/07/24-11:32:34] [main] [INFO ] [nat.phc.blog.BlogApplication] : No active profile set, falling back to default profiles: default
[2020/07/24-11:32:37] [main] [INFO ] [nat.phc.blog.BlogApplication] : Started BlogApplication in 3.494 seconds (JVM running for 4.113)
[2020/07/24-11:35:50] [main] [INFO ] [nat.phc.blog.BlogApplication] : Starting BlogApplication on PENGhc with PID 15484 (E:\code\java\SobBlogSystem\target\classes started by PengHaiChen in E:\code\java\SobBlogSystem)
[2020/07/24-11:35:50] [main] [INFO ] [nat.phc.blog.BlogApplication] : No active profile set, falling back to default profiles: default
[2020/07/24-11:35:54] [main] [INFO ] [nat.phc.blog.BlogApplication] : Started BlogApplication in 3.67 seconds (JVM running for 4.32)
[2020/07/24-11:36:54] [main] [INFO ] [nat.phc.blog.BlogApplication] : Starting BlogApplication on PENGhc with PID 924 (E:\code\java\SobBlogSystem\target\classes started by PengHaiChen in E:\code\java\SobBlogSystem)
[2020/07/24-11:36:54] [main] [INFO ] [nat.phc.blog.BlogApplication] : No active profile set, falling back to default profiles: default
[2020/07/24-11:36:57] [main] [INFO ] [nat.phc.blog.BlogApplication] : Started BlogApplication in 3.515 seconds (JVM running for 4.132)
[2020/07/24-11:37:14] [main] [INFO ] [nat.phc.blog.BlogApplication] : Starting BlogApplication on PENGhc with PID 11644 (E:\code\java\SobBlogSystem\target\classes started by PengHaiChen in E:\code\java\SobBlogSystem)
[2020/07/24-11:37:14] [main] [INFO ] [nat.phc.blog.BlogApplication] : No active profile set, falling back to default profiles: default
[2020/07/24-11:37:17] [main] [INFO ] [nat.phc.blog.BlogApplication] : Started BlogApplication in 3.696 seconds (JVM running for 4.37)
[2020/07/24-11:45:06] [main] [INFO ] [nat.phc.blog.BlogApplication] : Starting BlogApplication on PENGhc with PID 5616 (E:\code\java\SobBlogSystem\target\classes started by PengHaiChen in E:\code\java\SobBlogSystem)
[2020/07/24-11:45:06] [main] [INFO ] [nat.phc.blog.BlogApplication] : No active profile set, falling back to default profiles: default
[2020/07/24-11:45:09] [main] [INFO ] [nat.phc.blog.BlogApplication] : Started BlogApplication in 3.622 seconds (JVM running for 4.35)
[2020/07/24-11:52:31] [main] [INFO ] [nat.phc.blog.BlogApplication] : Starting BlogApplication on PENGhc with PID 11664 (E:\code\java\SobBlogSystem\target\classes started by PengHaiChen in E:\code\java\SobBlogSystem)
[2020/07/24-11:52:31] [main] [INFO ] [nat.phc.blog.BlogApplication] : No active profile set, falling back to default profiles: default
[2020/07/24-11:52:35] [main] [INFO ] [nat.phc.blog.BlogApplication] : Started BlogApplication in 3.952 seconds (JVM running for 4.644)
[2020/07/24-11:54:12] [http-nio-2333-exec-3] [INFO ] [nat.phc.blog.controller.TestController] : hello
[2020/07/24-11:57:15] [main] [INFO ] [nat.phc.blog.BlogApplication] : Starting BlogApplication on PENGhc with PID 10008 (E:\code\java\SobBlogSystem\target\classes started by PengHaiChen in E:\code\java\SobBlogSystem)
[2020/07/24-11:57:15] [main] [INFO ] [nat.phc.blog.BlogApplication] : No active profile set, falling back to default profiles: default
[2020/07/24-11:57:18] [main] [INFO ] [nat.phc.blog.BlogApplication] : Started BlogApplication in 4.049 seconds (JVM running for 4.726)
[2020/07/24-11:57:21] [http-nio-2333-exec-1] [INFO ] [nat.phc.blog.controller.TestController] : hello
[2020/07/24-14:24:50] [main] [INFO ] [nat.phc.blog.BlogApplication] : Starting BlogApplication on PENGhc with PID 6276 (E:\code\java\SobBlogSystem\target\classes started by PengHaiChen in E:\code\java\SobBlogSystem)
[2020/07/24-14:24:50] [main] [INFO ] [nat.phc.blog.BlogApplication] : No active profile set, falling back to default profiles: default
[2020/07/24-14:24:54] [main] [INFO ] [nat.phc.blog.BlogApplication] : Started BlogApplication in 4.025 seconds (JVM running for 4.703)
[2020/07/24-14:28:49] [http-nio-2333-exec-2] [INFO ] [nat.phc.blog.service.impl.UserServiceImpl] : 当前ip=====》0:0:0:0:0:0:0:1
[2020/07/24-14:48:07] [main] [INFO ] [nat.phc.blog.BlogApplication] : Starting BlogApplication on PENGhc with PID 20080 (E:\code\java\SobBlogSystem\target\classes started by PengHaiChen in E:\code\java\SobBlogSystem)
[2020/07/24-14:48:07] [main] [INFO ] [nat.phc.blog.BlogApplication] : No active profile set, falling back to default profiles: default
[2020/07/24-14:48:11] [main] [INFO ] [nat.phc.blog.BlogApplication] : Started BlogApplication in 3.942 seconds (JVM running for 4.643)
[2020/07/24-14:48:12] [http-nio-2333-exec-1] [INFO ] [nat.phc.blog.controller.TestController] : captcha content == > 8rwmd
[2020/07/24-14:48:14] [http-nio-2333-exec-3] [INFO ] [nat.phc.blog.controller.TestController] : captcha content == > 8tm9d
[2020/07/24-14:48:15] [http-nio-2333-exec-4] [INFO ] [nat.phc.blog.controller.TestController] : captcha content == > yngnv
[2020/07/24-14:48:15] [http-nio-2333-exec-5] [INFO ] [nat.phc.blog.controller.TestController] : captcha content == > tmp98
[2020/07/24-14:48:16] [http-nio-2333-exec-7] [INFO ] [nat.phc.blog.controller.TestController] : captcha content == > rpupp
[2020/07/24-14:48:16] [http-nio-2333-exec-8] [INFO ] [nat.phc.blog.controller.TestController] : captcha content == > pudyw
[2020/07/24-14:48:17] [http-nio-2333-exec-9] [INFO ] [nat.phc.blog.controller.TestController] : captcha content == > nsex5
[2020/07/24-14:50:07] [main] [INFO ] [nat.phc.blog.BlogApplication] : Starting BlogApplication on PENGhc with PID 9284 (E:\code\java\SobBlogSystem\target\classes started by PengHaiChen in E:\code\java\SobBlogSystem)
[2020/07/24-14:50:07] [main] [INFO ] [nat.phc.blog.BlogApplication] : No active profile set, falling back to default profiles: default
[2020/07/24-14:50:11] [main] [INFO ] [nat.phc.blog.BlogApplication] : Started BlogApplication in 4.051 seconds (JVM running for 4.725)
[2020/07/24-14:50:15] [http-nio-2333-exec-2] [INFO ] [nat.phc.blog.controller.TestController] : captcha content == > shqzg
[2020/07/24-14:50:20] [http-nio-2333-exec-3] [INFO ] [nat.phc.blog.controller.TestController] : captcha content == > r6rnk
[2020/07/24-14:50:21] [http-nio-2333-exec-4] [INFO ] [nat.phc.blog.controller.TestController] : captcha content == > aveak
[2020/07/24-14:50:22] [http-nio-2333-exec-5] [INFO ] [nat.phc.blog.controller.TestController] : captcha content == > wsrqv
[2020/07/24-14:50:22] [http-nio-2333-exec-6] [INFO ] [nat.phc.blog.controller.TestController] : captcha content == > c2xjc
[2020/07/24-14:50:23] [http-nio-2333-exec-7] [INFO ] [nat.phc.blog.controller.TestController] : captcha content == > rsarp
[2020/07/24-14:50:23] [http-nio-2333-exec-8] [INFO ] [nat.phc.blog.controller.TestController] : captcha content == > vgrhb
[2020/07/24-14:50:50] [main] [INFO ] [nat.phc.blog.BlogApplication] : Starting BlogApplication on PENGhc with PID 10964 (E:\code\java\SobBlogSystem\target\classes started by PengHaiChen in E:\code\java\SobBlogSystem)
[2020/07/24-14:50:50] [main] [INFO ] [nat.phc.blog.BlogApplication] : No active profile set, falling back to default profiles: default
[2020/07/24-14:50:54] [main] [INFO ] [nat.phc.blog.BlogApplication] : Started BlogApplication in 3.834 seconds (JVM running for 4.494)
[2020/07/24-14:51:17] [main] [INFO ] [nat.phc.blog.BlogApplication] : Starting BlogApplication on PENGhc with PID 13560 (E:\code\java\SobBlogSystem\target\classes started by PengHaiChen in E:\code\java\SobBlogSystem)
[2020/07/24-14:51:17] [main] [INFO ] [nat.phc.blog.BlogApplication] : No active profile set, falling back to default profiles: default
[2020/07/24-14:51:21] [main] [INFO ] [nat.phc.blog.BlogApplication] : Started BlogApplication in 4.079 seconds (JVM running for 4.795)
[2020/07/24-14:51:26] [http-nio-2333-exec-2] [INFO ] [nat.phc.blog.controller.TestController] : captcha content == > yzmh4
[2020/07/24-14:51:28] [http-nio-2333-exec-3] [INFO ] [nat.phc.blog.controller.TestController] : captcha content == > edkq9
[2020/07/24-14:51:29] [http-nio-2333-exec-5] [INFO ] [nat.phc.blog.controller.TestController] : captcha content == > mfbwe
[2020/07/24-14:51:42] [main] [INFO ] [nat.phc.blog.BlogApplication] : Starting BlogApplication on PENGhc with PID 18132 (E:\code\java\SobBlogSystem\target\classes started by PengHaiChen in E:\code\java\SobBlogSystem)
[2020/07/24-14:51:42] [main] [INFO ] [nat.phc.blog.BlogApplication] : No active profile set, falling back to default profiles: default
[2020/07/24-14:51:46] [main] [INFO ] [nat.phc.blog.BlogApplication] : Started BlogApplication in 4.601 seconds (JVM running for 5.789)
[2020/07/24-14:51:48] [http-nio-2333-exec-1] [INFO ] [nat.phc.blog.controller.TestController] : captcha content == > wamvn
[2020/07/24-14:56:43] [http-nio-2333-exec-4] [INFO ] [nat.phc.blog.controller.TestController] : captcha content == > 5yae8
[2020/07/24-14:56:48] [http-nio-2333-exec-5] [INFO ] [nat.phc.blog.controller.TestController] : captcha content == > bdjuc
[2020/07/24-14:56:48] [http-nio-2333-exec-7] [INFO ] [nat.phc.blog.controller.TestController] : captcha content == > dv9wr
[2020/07/24-14:56:49] [http-nio-2333-exec-6] [INFO ] [nat.phc.blog.controller.TestController] : captcha content == > ueedf
[2020/07/24-14:56:49] [http-nio-2333-exec-8] [INFO ] [nat.phc.blog.controller.TestController] : captcha content == > dkw7f
[2020/07/24-14:56:49] [http-nio-2333-exec-9] [INFO ] [nat.phc.blog.controller.TestController] : captcha content == > a86gf
[2020/07/24-14:56:50] [http-nio-2333-exec-10] [INFO ] [nat.phc.blog.controller.TestController] : captcha content == > h3ztz
[2020/07/24-14:56:50] [http-nio-2333-exec-2] [INFO ] [nat.phc.blog.controller.TestController] : captcha content == > qb36e
[2020/07/24-15:09:37] [http-nio-2333-exec-4] [INFO ] [nat.phc.blog.controller.TestController] : captcha content == > qtw7x
[2020/07/24-15:09:38] [http-nio-2333-exec-5] [INFO ] [nat.phc.blog.controller.TestController] : captcha content == > c6wta
[2020/07/24-15:12:04] [http-nio-2333-exec-6] [INFO ] [nat.phc.blog.controller.TestController] : captcha content == > fecty
[2020/07/24-15:23:17] [http-nio-2333-exec-2] [INFO ] [nat.phc.blog.controller.TestController] : captcha content == > 5snem
[2020/07/24-15:25:13] [http-nio-2333-exec-5] [INFO ] [nat.phc.blog.controller.TestController] : captcha content == > 4hwkc
[2020/07/24-15:28:00] [http-nio-2333-exec-8] [INFO ] [nat.phc.blog.controller.TestController] : captcha content == > r8tfe
[2020/07/24-15:28:08] [http-nio-2333-exec-10] [INFO ] [nat.phc.blog.controller.TestController] : captcha content == > eqd5w
[2020/07/24-15:35:31] [http-nio-2333-exec-4] [INFO ] [nat.phc.blog.controller.TestController] : captcha content == > uwste
[2020/07/24-15:35:37] [http-nio-2333-exec-7] [INFO ] [nat.phc.blog.controller.TestController] : captcha content == > h3t74
[2020/07/24-18:46:17] [main] [INFO ] [nat.phc.blog.BlogApplication] : Starting BlogApplication on PENGhc with PID 12244 (E:\code\java\SobBlogSystem\target\classes started by PengHaiChen in E:\code\java\SobBlogSystem)
[2020/07/24-18:46:17] [main] [INFO ] [nat.phc.blog.BlogApplication] : No active profile set, falling back to default profiles: default
[2020/07/24-18:46:20] [main] [INFO ] [nat.phc.blog.BlogApplication] : Started BlogApplication in 4.171 seconds (JVM running for 4.985)
[2020/07/24-18:48:24] [main] [INFO ] [nat.phc.blog.BlogApplication] : Starting BlogApplication on PENGhc with PID 3156 (E:\code\java\SobBlogSystem\target\classes started by PengHaiChen in E:\code\java\SobBlogSystem)
[2020/07/24-18:48:24] [main] [INFO ] [nat.phc.blog.BlogApplication] : No active profile set, falling back to default profiles: default
[2020/07/24-18:48:27] [main] [INFO ] [nat.phc.blog.BlogApplication] : Started BlogApplication in 3.954 seconds (JVM running for 4.885)
[2020/07/24-18:50:51] [http-nio-2333-exec-1] [INFO ] [nat.phc.blog.service.impl.UserServiceImpl] : 当前ip=====》0:0:0:0:0:0:0:1
