[2020/07/28-08:19:08] [main] [INFO ] [nat.phc.blog.BlogApplication] : Starting BlogApplication on PENGhc with PID 7616 (E:\code\java\SobBlogSystem\target\classes started by PengHaiChen in E:\code\java\SobBlogSystem)
[2020/07/28-08:19:08] [main] [INFO ] [nat.phc.blog.BlogApplication] : No active profile set, falling back to default profiles: default
[2020/07/28-08:19:13] [main] [INFO ] [nat.phc.blog.BlogApplication] : Started BlogApplication in 4.694 seconds (JVM running for 5.474)
[2020/07/28-14:30:45] [main] [INFO ] [nat.phc.blog.BlogApplication] : Starting BlogApplication on PENGhc with PID 1492 (E:\code\java\SobBlogSystem\target\classes started by PengHaiChen in E:\code\java\SobBlogSystem)
[2020/07/28-14:30:45] [main] [INFO ] [nat.phc.blog.BlogApplication] : No active profile set, falling back to default profiles: default
[2020/07/28-14:30:50] [main] [INFO ] [nat.phc.blog.BlogApplication] : Started BlogApplication in 5.666 seconds (JVM running for 6.519)
[2020/07/28-17:46:15] [main] [INFO ] [nat.phc.blog.BlogApplication] : Starting BlogApplication on PENGhc with PID 900 (E:\code\java\SobBlogSystem\target\classes started by PengHaiChen in E:\code\java\SobBlogSystem)
[2020/07/28-17:46:15] [main] [INFO ] [nat.phc.blog.BlogApplication] : No active profile set, falling back to default profiles: default
[2020/07/28-17:46:19] [main] [INFO ] [nat.phc.blog.BlogApplication] : Started BlogApplication in 4.891 seconds (JVM running for 5.969)
[2020/07/28-17:47:12] [http-nio-2333-exec-6] [INFO ] [nat.phc.blog.controller.TestController] : 评论内容===》你文章还不错
[2020/07/28-17:47:12] [http-nio-2333-exec-6] [INFO ] [nat.phc.blog.controller.TestController] : {user_name=admin, roles=role_admin, sign=null, id=736294346722115584, avatar=https://s1.ax1x.com/2020/07/23/ULBMBF.th.jpg, exp=1595936796, email=phcbest2017@outlook.com}
[2020/07/28-17:47:32] [http-nio-2333-exec-9] [INFO ] [nat.phc.blog.controller.TestController] : 评论内容===》你文章还不错
[2020/07/28-17:47:32] [http-nio-2333-exec-9] [INFO ] [nat.phc.blog.controller.TestController] : {user_name=admin, roles=role_admin, sign=null, id=736294346722115584, avatar=https://s1.ax1x.com/2020/07/23/ULBMBF.th.jpg, exp=1595936796, email=phcbest2017@outlook.com}
[2020/07/28-17:49:04] [http-nio-2333-exec-1] [INFO ] [nat.phc.blog.controller.TestController] : 评论内容===》你文章还不错
[2020/07/28-17:49:04] [http-nio-2333-exec-1] [INFO ] [nat.phc.blog.controller.TestController] : {user_name=admin, roles=role_admin, sign=null, id=736294346722115584, avatar=https://s1.ax1x.com/2020/07/23/ULBMBF.th.jpg, exp=1595936796, email=phcbest2017@outlook.com}
[2020/07/28-17:49:07] [http-nio-2333-exec-3] [INFO ] [nat.phc.blog.controller.TestController] : 评论内容===》你文章还不错
[2020/07/28-17:49:07] [http-nio-2333-exec-3] [INFO ] [nat.phc.blog.controller.TestController] : {user_name=admin, roles=role_admin, sign=null, id=736294346722115584, avatar=https://s1.ax1x.com/2020/07/23/ULBMBF.th.jpg, exp=1595936796, email=phcbest2017@outlook.com}
[2020/07/28-17:49:33] [http-nio-2333-exec-4] [INFO ] [nat.phc.blog.controller.TestController] : 评论内容===》你文章还不错
[2020/07/28-17:49:33] [http-nio-2333-exec-4] [INFO ] [nat.phc.blog.controller.TestController] : {user_name=admin, roles=role_admin, sign=null, id=736294346722115584, avatar=https://s1.ax1x.com/2020/07/23/ULBMBF.th.jpg, exp=1595936796, email=phcbest2017@outlook.com}
[2020/07/28-17:50:06] [http-nio-2333-exec-6] [INFO ] [nat.phc.blog.controller.TestController] : 评论内容===》你文章还不错
[2020/07/28-17:50:06] [http-nio-2333-exec-6] [INFO ] [nat.phc.blog.controller.TestController] : {user_name=admin, roles=role_admin, sign=null, id=736294346722115584, avatar=https://s1.ax1x.com/2020/07/23/ULBMBF.th.jpg, exp=1595936796, email=phcbest2017@outlook.com}
[2020/07/28-17:52:03] [main] [INFO ] [nat.phc.blog.BlogApplication] : Starting BlogApplication on PENGhc with PID 20224 (E:\code\java\SobBlogSystem\target\classes started by PengHaiChen in E:\code\java\SobBlogSystem)
[2020/07/28-17:52:03] [main] [INFO ] [nat.phc.blog.BlogApplication] : No active profile set, falling back to default profiles: default
[2020/07/28-17:52:07] [main] [INFO ] [nat.phc.blog.BlogApplication] : Started BlogApplication in 4.553 seconds (JVM running for 5.28)
[2020/07/28-17:52:16] [http-nio-2333-exec-2] [INFO ] [nat.phc.blog.controller.TestController] : 评论内容===》你文章还不错
[2020/07/28-17:52:17] [http-nio-2333-exec-2] [INFO ] [nat.phc.blog.controller.TestController] : {user_name=admin, roles=role_admin, sign=null, id=736294346722115584, avatar=https://s1.ax1x.com/2020/07/23/ULBMBF.th.jpg, exp=1595936796, email=phcbest2017@outlook.com}
[2020/07/28-17:55:48] [main] [INFO ] [nat.phc.blog.BlogApplication] : Starting BlogApplication on PENGhc with PID 12972 (E:\code\java\SobBlogSystem\target\classes started by PengHaiChen in E:\code\java\SobBlogSystem)
[2020/07/28-17:55:48] [main] [INFO ] [nat.phc.blog.BlogApplication] : No active profile set, falling back to default profiles: default
[2020/07/28-17:55:55] [main] [INFO ] [nat.phc.blog.BlogApplication] : Started BlogApplication in 7.115 seconds (JVM running for 8.446)
[2020/07/28-17:55:55] [http-nio-2333-exec-1] [INFO ] [nat.phc.blog.controller.TestController] : 评论内容===》你文章还不错
[2020/07/28-17:55:57] [http-nio-2333-exec-1] [INFO ] [nat.phc.blog.controller.TestController] : {user_name=admin, roles=role_admin, sign=null, id=736294346722115584, avatar=https://s1.ax1x.com/2020/07/23/ULBMBF.th.jpg, exp=1595936796, email=phcbest2017@outlook.com}
[2020/07/28-18:05:25] [main] [INFO ] [nat.phc.blog.BlogApplication] : Starting BlogApplication on PENGhc with PID 19808 (E:\code\java\SobBlogSystem\target\classes started by PengHaiChen in E:\code\java\SobBlogSystem)
[2020/07/28-18:05:25] [main] [INFO ] [nat.phc.blog.BlogApplication] : No active profile set, falling back to default profiles: default
[2020/07/28-18:05:29] [main] [INFO ] [nat.phc.blog.BlogApplication] : Started BlogApplication in 4.284 seconds (JVM running for 4.977)
[2020/07/28-18:05:55] [http-nio-2333-exec-4] [INFO ] [nat.phc.blog.controller.TestController] : 评论内容===》你文章还不错
[2020/07/28-18:05:56] [http-nio-2333-exec-4] [INFO ] [nat.phc.blog.controller.TestController] : {user_name=admin, roles=role_admin, sign=null, id=736294346722115584, avatar=https://s1.ax1x.com/2020/07/23/ULBMBF.th.jpg, exp=1595936796, email=phcbest2017@outlook.com}
[2020/07/28-18:05:56] [http-nio-2333-exec-4] [INFO ] [nat.phc.blog.controller.TestController] : 提交评论解析Token内容===》{user_name=admin, roles=role_admin, sign=null, id=736294346722115584, avatar=https://s1.ax1x.com/2020/07/23/ULBMBF.th.jpg, exp=1595936796, email=phcbest2017@outlook.com}
[2020/07/28-18:06:45] [http-nio-2333-exec-3] [INFO ] [nat.phc.blog.controller.TestController] : 评论内容===》你文章还不错
[2020/07/28-18:06:45] [http-nio-2333-exec-3] [INFO ] [nat.phc.blog.controller.TestController] : {user_name=admin, roles=role_admin, sign=null, id=736294346722115584, avatar=https://s1.ax1x.com/2020/07/23/ULBMBF.th.jpg, exp=1595936796, email=phcbest2017@outlook.com}
[2020/07/28-18:06:45] [http-nio-2333-exec-3] [INFO ] [nat.phc.blog.controller.TestController] : 提交评论解析Token内容===》{user_name=admin, roles=role_admin, sign=null, id=736294346722115584, avatar=https://s1.ax1x.com/2020/07/23/ULBMBF.th.jpg, exp=1595936796, email=phcbest2017@outlook.com}
[2020/07/28-18:17:18] [http-nio-2333-exec-6] [INFO ] [nat.phc.blog.controller.TestController] : 评论内容===》你文章还不错
[2020/07/28-18:17:37] [http-nio-2333-exec-7] [INFO ] [nat.phc.blog.controller.TestController] : 评论内容===》你文章还不错
[2020/07/28-18:34:03] [main] [INFO ] [nat.phc.blog.BlogApplication] : Starting BlogApplication on PENGhc with PID 14684 (E:\code\java\SobBlogSystem\target\classes started by PengHaiChen in E:\code\java\SobBlogSystem)
[2020/07/28-18:34:03] [main] [INFO ] [nat.phc.blog.BlogApplication] : No active profile set, falling back to default profiles: default
[2020/07/28-18:34:08] [main] [INFO ] [nat.phc.blog.BlogApplication] : Started BlogApplication in 4.793 seconds (JVM running for 5.532)
[2020/07/28-18:34:08] [http-nio-2333-exec-1] [INFO ] [nat.phc.blog.controller.TestController] : 评论内容===》你文章还不错
[2020/07/28-18:36:01] [http-nio-2333-exec-7] [INFO ] [nat.phc.blog.controller.TestController] : 评论内容===》你文章还不错
[2020/07/28-18:36:01] [http-nio-2333-exec-7] [INFO ] [nat.phc.blog.controller.TestController] : 提交评论解析Token内容===》{user_name=admin, roles=role_admin, sign=null, id=736294346722115584, avatar=https://s1.ax1x.com/2020/07/23/ULBMBF.th.jpg, exp=1595939756, email=phcbest2017@outlook.com}
