[2020/07/30-08:18:29] [main] [INFO ] [nat.phc.blog.BlogApplication] : Starting BlogApplication on PENGhc with PID 5456 (E:\code\java\SobBlogSystem\target\classes started by PengHaiChen in E:\code\java\SobBlogSystem)
[2020/07/30-08:18:29] [main] [INFO ] [nat.phc.blog.BlogApplication] : No active profile set, falling back to default profiles: default
[2020/07/30-08:18:34] [main] [INFO ] [nat.phc.blog.BlogApplication] : Started BlogApplication in 5.046 seconds (JVM running for 6.143)
[2020/07/30-09:47:01] [main] [INFO ] [nat.phc.blog.BlogApplication] : Starting BlogApplication on PENGhc with PID 7968 (E:\code\java\SobBlogSystem\target\classes started by PengHaiChen in E:\code\java\SobBlogSystem)
[2020/07/30-09:47:01] [main] [INFO ] [nat.phc.blog.BlogApplication] : No active profile set, falling back to default profiles: default
[2020/07/30-09:47:05] [main] [INFO ] [nat.phc.blog.BlogApplication] : Started BlogApplication in 4.59 seconds (JVM running for 5.44)
[2020/07/30-10:26:04] [main] [INFO ] [nat.phc.blog.BlogApplication] : Starting BlogApplication on PENGhc with PID 10824 (E:\code\java\SobBlogSystem\target\classes started by PengHaiChen in E:\code\java\SobBlogSystem)
[2020/07/30-10:26:04] [main] [INFO ] [nat.phc.blog.BlogApplication] : No active profile set, falling back to default profiles: default
[2020/07/30-10:26:08] [main] [INFO ] [nat.phc.blog.BlogApplication] : Started BlogApplication in 4.57 seconds (JVM running for 5.305)
[2020/07/30-10:27:04] [http-nio-2333-exec-1] [INFO ] [nat.phc.blog.controller.TestController] : 评论内容===》你文章还不错
[2020/07/30-10:27:38] [http-nio-2333-exec-5] [INFO ] [nat.phc.blog.controller.TestController] : 评论内容===》你文章还不错
[2020/07/30-10:27:40] [http-nio-2333-exec-6] [INFO ] [nat.phc.blog.controller.TestController] : 评论内容===》你文章还不错
[2020/07/30-10:34:18] [main] [INFO ] [nat.phc.blog.BlogApplication] : Starting BlogApplication on PENGhc with PID 11580 (E:\code\java\SobBlogSystem\target\classes started by PengHaiChen in E:\code\java\SobBlogSystem)
[2020/07/30-10:34:18] [main] [INFO ] [nat.phc.blog.BlogApplication] : No active profile set, falling back to default profiles: default
[2020/07/30-10:34:22] [main] [INFO ] [nat.phc.blog.BlogApplication] : Started BlogApplication in 4.493 seconds (JVM running for 5.269)
[2020/07/30-10:37:48] [main] [INFO ] [nat.phc.blog.BlogApplication] : Starting BlogApplication on PENGhc with PID 10664 (E:\code\java\SobBlogSystem\target\classes started by PengHaiChen in E:\code\java\SobBlogSystem)
[2020/07/30-10:37:48] [main] [INFO ] [nat.phc.blog.BlogApplication] : No active profile set, falling back to default profiles: default
[2020/07/30-10:37:52] [main] [INFO ] [nat.phc.blog.BlogApplication] : Started BlogApplication in 4.429 seconds (JVM running for 5.188)
[2020/07/30-10:38:28] [http-nio-2333-exec-3] [INFO ] [nat.phc.blog.controller.TestController] : 评论内容===》你文章还不错
[2020/07/30-10:38:36] [http-nio-2333-exec-4] [INFO ] [nat.phc.blog.controller.TestController] : 评论内容===》你文章还不错
[2020/07/30-10:42:39] [main] [INFO ] [nat.phc.blog.BlogApplication] : Starting BlogApplication on PENGhc with PID 12892 (E:\code\java\SobBlogSystem\target\classes started by PengHaiChen in E:\code\java\SobBlogSystem)
[2020/07/30-10:42:39] [main] [INFO ] [nat.phc.blog.BlogApplication] : No active profile set, falling back to default profiles: default
[2020/07/30-10:42:43] [main] [INFO ] [nat.phc.blog.BlogApplication] : Started BlogApplication in 4.967 seconds (JVM running for 5.787)
[2020/07/30-10:42:44] [http-nio-2333-exec-2] [INFO ] [nat.phc.blog.controller.TestController] : 评论内容===》你文章还不错
[2020/07/30-10:43:18] [http-nio-2333-exec-1] [INFO ] [nat.phc.blog.controller.TestController] : 评论内容===》2020-07-30 10:43:16 
[2020/07/30-10:47:01] [http-nio-2333-exec-5] [INFO ] [nat.phc.blog.controller.TestController] : 评论内容===》2020-07-30 10:43:16 
[2020/07/30-10:48:59] [http-nio-2333-exec-8] [INFO ] [nat.phc.blog.controller.TestController] : 评论内容===》2020-07-30 10:43:16 
[2020/07/30-10:58:29] [http-nio-2333-exec-2] [INFO ] [nat.phc.blog.controller.TestController] : 评论内容===》2020-07-30 10:43:16 
[2020/07/30-10:58:30] [http-nio-2333-exec-1] [INFO ] [nat.phc.blog.controller.TestController] : 评论内容===》2020-07-30 10:43:16 
[2020/07/30-10:58:35] [http-nio-2333-exec-3] [INFO ] [nat.phc.blog.controller.TestController] : 评论内容===》2020-07-30 10:43:16 
[2020/07/30-10:58:36] [http-nio-2333-exec-4] [INFO ] [nat.phc.blog.controller.TestController] : 评论内容===》2020-07-30 10:43:16 
[2020/07/30-10:58:41] [http-nio-2333-exec-5] [INFO ] [nat.phc.blog.controller.TestController] : 评论内容===》2020-07-30 10:43:16 
[2020/07/30-10:58:44] [http-nio-2333-exec-6] [INFO ] [nat.phc.blog.controller.TestController] : 评论内容===》2020-07-30 10:43:16 
[2020/07/30-11:02:10] [http-nio-2333-exec-9] [INFO ] [nat.phc.blog.controller.TestController] : 评论内容===》2020-07-30 10:43:16 
[2020/07/30-11:02:13] [http-nio-2333-exec-2] [INFO ] [nat.phc.blog.controller.TestController] : 评论内容===》2020-07-30 10:43:16 
[2020/07/30-11:02:14] [http-nio-2333-exec-3] [INFO ] [nat.phc.blog.controller.TestController] : 评论内容===》2020-07-30 10:43:16 
[2020/07/30-11:02:15] [http-nio-2333-exec-5] [INFO ] [nat.phc.blog.controller.TestController] : 评论内容===》2020-07-30 10:43:16 
[2020/07/30-11:02:15] [http-nio-2333-exec-6] [INFO ] [nat.phc.blog.controller.TestController] : 评论内容===》2020-07-30 10:43:16 
[2020/07/30-15:07:45] [main] [INFO ] [nat.phc.blog.BlogApplication] : Starting BlogApplication on PENGhc with PID 9256 (E:\code\java\SobBlogSystem\target\classes started by PengHaiChen in E:\code\java\SobBlogSystem)
[2020/07/30-15:07:45] [main] [INFO ] [nat.phc.blog.BlogApplication] : No active profile set, falling back to default profiles: default
[2020/07/30-15:07:51] [main] [INFO ] [nat.phc.blog.BlogApplication] : Started BlogApplication in 5.552 seconds (JVM running for 6.454)
[2020/07/30-15:08:14] [http-nio-2333-exec-2] [INFO ] [nat.phc.blog.controller.TestController] : 评论内容===》2020-07-30 10:43:16 
[2020/07/30-15:08:41] [main] [INFO ] [nat.phc.blog.BlogApplication] : Starting BlogApplication on PENGhc with PID 8580 (E:\code\java\SobBlogSystem\target\classes started by PengHaiChen in E:\code\java\SobBlogSystem)
[2020/07/30-15:08:41] [main] [INFO ] [nat.phc.blog.BlogApplication] : No active profile set, falling back to default profiles: default
[2020/07/30-15:08:47] [main] [INFO ] [nat.phc.blog.BlogApplication] : Started BlogApplication in 6.497 seconds (JVM running for 7.605)
[2020/07/30-15:08:58] [http-nio-2333-exec-2] [INFO ] [nat.phc.blog.controller.TestController] : 评论内容===》2020-07-30 10:43:16 
[2020/07/30-15:09:56] [http-nio-2333-exec-4] [INFO ] [nat.phc.blog.controller.TestController] : 评论内容===》2020-07-30 10:43:16 
[2020/07/30-15:11:10] [http-nio-2333-exec-9] [INFO ] [nat.phc.blog.controller.TestController] : 评论内容===》2020-07-30 10:43:16 
[2020/07/30-15:11:17] [http-nio-2333-exec-10] [INFO ] [nat.phc.blog.controller.TestController] : 评论内容===》2020-07-30 10:43:16 
[2020/07/30-15:11:25] [http-nio-2333-exec-1] [INFO ] [nat.phc.blog.controller.TestController] : 评论内容===》2020-07-30 10:43:16 
[2020/07/30-15:25:21] [main] [INFO ] [nat.phc.blog.BlogApplication] : Starting BlogApplication on PENGhc with PID 4184 (E:\code\java\SobBlogSystem\target\classes started by PengHaiChen in E:\code\java\SobBlogSystem)
[2020/07/30-15:25:21] [main] [INFO ] [nat.phc.blog.BlogApplication] : No active profile set, falling back to default profiles: default
[2020/07/30-15:25:25] [main] [INFO ] [nat.phc.blog.BlogApplication] : Started BlogApplication in 4.379 seconds (JVM running for 5.12)
[2020/07/30-15:25:30] [http-nio-2333-exec-2] [INFO ] [nat.phc.blog.controller.TestController] : 评论内容===》2020-07-30 10:43:16 
[2020/07/30-15:25:40] [http-nio-2333-exec-3] [INFO ] [nat.phc.blog.controller.TestController] : 评论内容===》2020-07-30 10:43:16 
[2020/07/30-15:27:27] [main] [INFO ] [nat.phc.blog.BlogApplication] : Starting BlogApplication on PENGhc with PID 13444 (E:\code\java\SobBlogSystem\target\classes started by PengHaiChen in E:\code\java\SobBlogSystem)
[2020/07/30-15:27:27] [main] [INFO ] [nat.phc.blog.BlogApplication] : No active profile set, falling back to default profiles: default
[2020/07/30-15:27:31] [main] [INFO ] [nat.phc.blog.BlogApplication] : Started BlogApplication in 4.347 seconds (JVM running for 5.074)
[2020/07/30-15:27:34] [http-nio-2333-exec-1] [INFO ] [nat.phc.blog.controller.TestController] : 评论内容===》2020-07-30 10:43:16 
[2020/07/30-15:28:55] [main] [INFO ] [nat.phc.blog.BlogApplication] : Starting BlogApplication on PENGhc with PID 14228 (E:\code\java\SobBlogSystem\target\classes started by PengHaiChen in E:\code\java\SobBlogSystem)
[2020/07/30-15:28:55] [main] [INFO ] [nat.phc.blog.BlogApplication] : No active profile set, falling back to default profiles: default
[2020/07/30-15:29:00] [main] [INFO ] [nat.phc.blog.BlogApplication] : Started BlogApplication in 4.488 seconds (JVM running for 5.25)
[2020/07/30-15:29:02] [http-nio-2333-exec-1] [INFO ] [nat.phc.blog.controller.TestController] : 评论内容===》2020-07-30 10:43:16 
[2020/07/30-15:29:18] [http-nio-2333-exec-3] [INFO ] [nat.phc.blog.controller.TestController] : 评论内容===》2020-07-30 10:43:16 
[2020/07/30-15:29:41] [http-nio-2333-exec-4] [INFO ] [nat.phc.blog.controller.TestController] : 评论内容===》2020-07-30 10:43:16 
[2020/07/30-15:30:17] [http-nio-2333-exec-5] [INFO ] [nat.phc.blog.controller.TestController] : 评论内容===》2020-07-30 10:43:16 
[2020/07/30-15:30:33] [http-nio-2333-exec-6] [INFO ] [nat.phc.blog.controller.TestController] : 评论内容===》2020-07-30 10:43:16 
[2020/07/30-15:31:06] [main] [INFO ] [nat.phc.blog.BlogApplication] : Starting BlogApplication on PENGhc with PID 2236 (E:\code\java\SobBlogSystem\target\classes started by PengHaiChen in E:\code\java\SobBlogSystem)
[2020/07/30-15:31:06] [main] [INFO ] [nat.phc.blog.BlogApplication] : No active profile set, falling back to default profiles: default
[2020/07/30-15:31:10] [main] [INFO ] [nat.phc.blog.BlogApplication] : Started BlogApplication in 4.355 seconds (JVM running for 5.12)
[2020/07/30-15:31:14] [http-nio-2333-exec-2] [INFO ] [nat.phc.blog.controller.TestController] : 评论内容===》2020-07-30 10:43:16 
[2020/07/30-15:31:15] [http-nio-2333-exec-3] [INFO ] [nat.phc.blog.controller.TestController] : 评论内容===》2020-07-30 10:43:16 
[2020/07/30-15:31:15] [http-nio-2333-exec-4] [INFO ] [nat.phc.blog.controller.TestController] : 评论内容===》2020-07-30 10:43:16 
[2020/07/30-15:31:16] [http-nio-2333-exec-5] [INFO ] [nat.phc.blog.controller.TestController] : 评论内容===》2020-07-30 10:43:16 
[2020/07/30-15:31:16] [http-nio-2333-exec-6] [INFO ] [nat.phc.blog.controller.TestController] : 评论内容===》2020-07-30 10:43:16 
[2020/07/30-15:31:17] [http-nio-2333-exec-7] [INFO ] [nat.phc.blog.controller.TestController] : 评论内容===》2020-07-30 10:43:16 
[2020/07/30-15:31:18] [http-nio-2333-exec-8] [INFO ] [nat.phc.blog.controller.TestController] : 评论内容===》2020-07-30 10:43:16 
[2020/07/30-15:34:00] [http-nio-2333-exec-1] [INFO ] [nat.phc.blog.controller.TestController] : 评论内容===》2020-07-30 10:43:16 
[2020/07/30-15:34:01] [http-nio-2333-exec-2] [INFO ] [nat.phc.blog.controller.TestController] : 评论内容===》2020-07-30 10:43:16 
[2020/07/30-15:34:01] [http-nio-2333-exec-3] [INFO ] [nat.phc.blog.controller.TestController] : 评论内容===》2020-07-30 10:43:16 
[2020/07/30-15:34:14] [http-nio-2333-exec-9] [INFO ] [nat.phc.blog.controller.TestController] : 评论内容===》2020-07-30 10:43:16 
[2020/07/30-15:34:29] [http-nio-2333-exec-10] [INFO ] [nat.phc.blog.controller.TestController] : 评论内容===》想性交
[2020/07/30-15:34:36] [http-nio-2333-exec-1] [INFO ] [nat.phc.blog.controller.TestController] : 评论内容===》sex=
[2020/07/30-15:34:41] [http-nio-2333-exec-2] [INFO ] [nat.phc.blog.controller.TestController] : 评论内容===》2020-07-30 15:34:39 
[2020/07/30-15:43:09] [main] [INFO ] [nat.phc.blog.BlogApplication] : Starting BlogApplication on PENGhc with PID 15376 (E:\code\java\SobBlogSystem\target\classes started by PengHaiChen in E:\code\java\SobBlogSystem)
[2020/07/30-15:43:09] [main] [INFO ] [nat.phc.blog.BlogApplication] : No active profile set, falling back to default profiles: default
[2020/07/30-15:43:13] [main] [INFO ] [nat.phc.blog.BlogApplication] : Started BlogApplication in 4.493 seconds (JVM running for 5.239)
[2020/07/30-15:43:56] [http-nio-2333-exec-1] [INFO ] [nat.phc.blog.controller.TestController] : 评论内容===》2020-07-30 15:34:39 
[2020/07/30-15:44:01] [http-nio-2333-exec-3] [INFO ] [nat.phc.blog.controller.TestController] : 评论内容===》2020-07-30 15:34:39 
[2020/07/30-15:44:01] [http-nio-2333-exec-4] [INFO ] [nat.phc.blog.controller.TestController] : 评论内容===》2020-07-30 15:34:39 
[2020/07/30-15:44:02] [http-nio-2333-exec-5] [INFO ] [nat.phc.blog.controller.TestController] : 评论内容===》2020-07-30 15:34:39 
[2020/07/30-15:44:02] [http-nio-2333-exec-6] [INFO ] [nat.phc.blog.controller.TestController] : 评论内容===》2020-07-30 15:34:39 
[2020/07/30-19:26:51] [main] [INFO ] [nat.phc.blog.BlogApplication] : Starting BlogApplication on PENGhc with PID 16176 (E:\code\java\SobBlogSystem\target\classes started by PengHaiChen in E:\code\java\SobBlogSystem)
[2020/07/30-19:26:51] [main] [INFO ] [nat.phc.blog.BlogApplication] : No active profile set, falling back to default profiles: default
[2020/07/30-19:26:56] [main] [INFO ] [nat.phc.blog.BlogApplication] : Started BlogApplication in 6.282 seconds (JVM running for 7.113)
[2020/07/30-19:28:56] [main] [INFO ] [nat.phc.blog.BlogApplication] : Starting BlogApplication on PENGhc with PID 704 (E:\code\java\SobBlogSystem\target\classes started by PengHaiChen in E:\code\java\SobBlogSystem)
[2020/07/30-19:28:56] [main] [INFO ] [nat.phc.blog.BlogApplication] : No active profile set, falling back to default profiles: default
[2020/07/30-19:29:01] [main] [INFO ] [nat.phc.blog.BlogApplication] : Started BlogApplication in 4.992 seconds (JVM running for 5.807)
[2020/07/30-19:31:46] [main] [INFO ] [nat.phc.blog.BlogApplication] : Starting BlogApplication on PENGhc with PID 20824 (E:\code\java\SobBlogSystem\target\classes started by PengHaiChen in E:\code\java\SobBlogSystem)
[2020/07/30-19:31:46] [main] [INFO ] [nat.phc.blog.BlogApplication] : No active profile set, falling back to default profiles: default
[2020/07/30-19:31:51] [main] [INFO ] [nat.phc.blog.BlogApplication] : Started BlogApplication in 4.84 seconds (JVM running for 5.548)
[2020/07/30-22:05:41] [main] [INFO ] [nat.phc.blog.BlogApplication] : Starting BlogApplication on PENGhc with PID 11036 (E:\code\java\SobBlogSystem\target\classes started by PengHaiChen in E:\code\java\SobBlogSystem)
[2020/07/30-22:05:41] [main] [INFO ] [nat.phc.blog.BlogApplication] : No active profile set, falling back to default profiles: default
[2020/07/30-22:05:45] [main] [INFO ] [nat.phc.blog.BlogApplication] : Started BlogApplication in 4.644 seconds (JVM running for 5.389)
[2020/07/30-22:19:14] [main] [INFO ] [nat.phc.blog.BlogApplication] : Starting BlogApplication on PENGhc with PID 13384 (E:\code\java\SobBlogSystem\target\classes started by PengHaiChen in E:\code\java\SobBlogSystem)
[2020/07/30-22:19:14] [main] [INFO ] [nat.phc.blog.BlogApplication] : No active profile set, falling back to default profiles: default
[2020/07/30-22:19:21] [main] [INFO ] [nat.phc.blog.BlogApplication] : Started BlogApplication in 6.589 seconds (JVM running for 7.488)
[2020/07/30-22:22:11] [main] [INFO ] [nat.phc.blog.BlogApplication] : Starting BlogApplication on PENGhc with PID 11696 (E:\code\java\SobBlogSystem\target\classes started by PengHaiChen in E:\code\java\SobBlogSystem)
[2020/07/30-22:22:11] [main] [INFO ] [nat.phc.blog.BlogApplication] : No active profile set, falling back to default profiles: default
[2020/07/30-22:22:15] [main] [INFO ] [nat.phc.blog.BlogApplication] : Started BlogApplication in 4.46 seconds (JVM running for 5.217)
[2020/07/30-22:27:43] [main] [INFO ] [nat.phc.blog.BlogApplication] : Starting BlogApplication on PENGhc with PID 652 (E:\code\java\SobBlogSystem\target\classes started by PengHaiChen in E:\code\java\SobBlogSystem)
[2020/07/30-22:27:43] [main] [INFO ] [nat.phc.blog.BlogApplication] : No active profile set, falling back to default profiles: default
[2020/07/30-22:27:48] [main] [INFO ] [nat.phc.blog.BlogApplication] : Started BlogApplication in 4.734 seconds (JVM running for 5.497)
