[2020/07/23-18:19:07] [main] [INFO ] [nat.phc.blog.BlogApplication] : Starting BlogApplication on PENGhc with PID 20112 (E:\code\java\SobBlogSystem\target\classes started by PengHaiChen in E:\code\java\SobBlogSystem)
[2020/07/23-18:19:07] [main] [INFO ] [nat.phc.blog.BlogApplication] : No active profile set, falling back to default profiles: default
[2020/07/23-18:19:11] [main] [INFO ] [nat.phc.blog.BlogApplication] : Started BlogApplication in 3.774 seconds (JVM running for 4.488)
[2020/07/23-18:36:06] [http-nio-2333-exec-1] [INFO ] [nat.phc.blog.service.impl.UserServiceImpl] : 0:0:0:0:0:0:0:1
[2020/07/23-18:39:21] [main] [INFO ] [nat.phc.blog.BlogApplication] : Starting BlogApplication on PENGhc with PID 18180 (E:\code\java\SobBlogSystem\target\classes started by PengHaiChen in E:\code\java\SobBlogSystem)
[2020/07/23-18:39:21] [main] [INFO ] [nat.phc.blog.BlogApplication] : No active profile set, falling back to default profiles: default
[2020/07/23-18:39:24] [main] [INFO ] [nat.phc.blog.BlogApplication] : Started BlogApplication in 3.531 seconds (JVM running for 4.248)
[2020/07/23-18:39:31] [http-nio-2333-exec-1] [INFO ] [nat.phc.blog.service.impl.UserServiceImpl] : 当前ip=====》0:0:0:0:0:0:0:1
[2020/07/23-18:42:38] [main] [INFO ] [nat.phc.blog.BlogApplication] : Starting BlogApplication on PENGhc with PID 9156 (E:\code\java\SobBlogSystem\target\classes started by PengHaiChen in E:\code\java\SobBlogSystem)
[2020/07/23-18:42:38] [main] [INFO ] [nat.phc.blog.BlogApplication] : No active profile set, falling back to default profiles: default
[2020/07/23-18:42:42] [main] [INFO ] [nat.phc.blog.BlogApplication] : Started BlogApplication in 3.781 seconds (JVM running for 4.738)
[2020/07/23-18:42:48] [http-nio-2333-exec-1] [INFO ] [nat.phc.blog.service.impl.UserServiceImpl] : 当前ip=====》0:0:0:0:0:0:0:1
[2020/07/23-18:45:14] [main] [INFO ] [nat.phc.blog.BlogApplication] : Starting BlogApplication on PENGhc with PID 3708 (E:\code\java\SobBlogSystem\target\classes started by PengHaiChen in E:\code\java\SobBlogSystem)
[2020/07/23-18:45:14] [main] [INFO ] [nat.phc.blog.BlogApplication] : No active profile set, falling back to default profiles: default
[2020/07/23-18:45:15] [main] [INFO ] [nat.phc.blog.BlogApplication] : Starting BlogApplication on PENGhc with PID 2520 (E:\code\java\SobBlogSystem\target\classes started by PengHaiChen in E:\code\java\SobBlogSystem)
[2020/07/23-18:45:15] [main] [INFO ] [nat.phc.blog.BlogApplication] : No active profile set, falling back to default profiles: default
[2020/07/23-18:45:18] [main] [INFO ] [nat.phc.blog.BlogApplication] : Started BlogApplication in 3.88 seconds (JVM running for 4.559)
[2020/07/23-18:45:28] [http-nio-2333-exec-1] [INFO ] [nat.phc.blog.service.impl.UserServiceImpl] : 当前ip=====》0:0:0:0:0:0:0:1
[2020/07/23-18:47:22] [main] [INFO ] [nat.phc.blog.BlogApplication] : Starting BlogApplication on PENGhc with PID 16160 (E:\code\java\SobBlogSystem\target\classes started by PengHaiChen in E:\code\java\SobBlogSystem)
[2020/07/23-18:47:22] [main] [INFO ] [nat.phc.blog.BlogApplication] : No active profile set, falling back to default profiles: default
[2020/07/23-18:47:25] [main] [INFO ] [nat.phc.blog.BlogApplication] : Started BlogApplication in 3.845 seconds (JVM running for 4.567)
[2020/07/23-18:47:36] [http-nio-2333-exec-1] [INFO ] [nat.phc.blog.service.impl.UserServiceImpl] : 当前ip=====》0:0:0:0:0:0:0:1
[2020/07/23-18:55:00] [http-nio-2333-exec-7] [INFO ] [nat.phc.blog.service.impl.UserServiceImpl] : 当前ip=====》0:0:0:0:0:0:0:1
[2020/07/23-18:59:10] [http-nio-2333-exec-5] [INFO ] [nat.phc.blog.service.impl.UserServiceImpl] : 当前ip=====》0:0:0:0:0:0:0:1
[2020/07/23-21:26:08] [main] [INFO ] [nat.phc.blog.BlogApplication] : Starting BlogApplication on PENGhc with PID 140 (E:\code\java\SobBlogSystem\target\classes started by PengHaiChen in E:\code\java\SobBlogSystem)
[2020/07/23-21:26:08] [main] [INFO ] [nat.phc.blog.BlogApplication] : No active profile set, falling back to default profiles: default
[2020/07/23-21:26:13] [main] [INFO ] [nat.phc.blog.BlogApplication] : Started BlogApplication in 6.144 seconds (JVM running for 7.288)
[2020/07/23-22:19:37] [main] [INFO ] [nat.phc.blog.BlogApplication] : Starting BlogApplication on PENGhc with PID 2804 (E:\code\java\SobBlogSystem\target\classes started by PengHaiChen in E:\code\java\SobBlogSystem)
[2020/07/23-22:19:37] [main] [INFO ] [nat.phc.blog.BlogApplication] : No active profile set, falling back to default profiles: default
[2020/07/23-22:19:41] [main] [INFO ] [nat.phc.blog.BlogApplication] : Started BlogApplication in 3.652 seconds (JVM running for 4.436)
