[2020/07/25-08:07:28] [main] [INFO ] [nat.phc.blog.BlogApplication] : Starting BlogApplication on PENGhc with PID 7432 (E:\code\java\SobBlogSystem\target\classes started by PengHaiChen in E:\code\java\SobBlogSystem)
[2020/07/25-08:07:28] [main] [INFO ] [nat.phc.blog.BlogApplication] : No active profile set, falling back to default profiles: default
[2020/07/25-08:07:32] [main] [INFO ] [nat.phc.blog.BlogApplication] : Started BlogApplication in 4.195 seconds (JVM running for 5.097)
[2020/07/25-08:08:12] [http-nio-2333-exec-3] [INFO ] [nat.phc.blog.controller.TestController] : captcha content == > 5fwun
[2020/07/25-08:08:22] [http-nio-2333-exec-5] [INFO ] [nat.phc.blog.controller.TestController] : hello
[2020/07/25-08:22:19] [main] [INFO ] [nat.phc.blog.BlogApplication] : Starting BlogApplication on PENGhc with PID 3936 (E:\code\java\SobBlogSystem\target\classes started by PengHaiChen in E:\code\java\SobBlogSystem)
[2020/07/25-08:22:19] [main] [INFO ] [nat.phc.blog.BlogApplication] : No active profile set, falling back to default profiles: default
[2020/07/25-08:22:23] [main] [INFO ] [nat.phc.blog.BlogApplication] : Started BlogApplication in 4.236 seconds (JVM running for 4.96)
[2020/07/25-09:42:48] [main] [INFO ] [nat.phc.blog.BlogApplication] : Starting BlogApplication on PENGhc with PID 19760 (E:\code\java\SobBlogSystem\target\classes started by PengHaiChen in E:\code\java\SobBlogSystem)
[2020/07/25-09:42:48] [main] [INFO ] [nat.phc.blog.BlogApplication] : No active profile set, falling back to default profiles: default
[2020/07/25-09:42:52] [main] [INFO ] [nat.phc.blog.BlogApplication] : Started BlogApplication in 4.78 seconds (JVM running for 5.562)
[2020/07/25-09:44:41] [http-nio-2333-exec-1] [INFO ] [nat.phc.blog.controller.TestController] : captcha content == > smzzv
[2020/07/25-10:34:52] [main] [INFO ] [nat.phc.blog.BlogApplication] : Starting BlogApplication on PENGhc with PID 276 (E:\code\java\SobBlogSystem\target\classes started by PengHaiChen in E:\code\java\SobBlogSystem)
[2020/07/25-10:34:52] [main] [INFO ] [nat.phc.blog.BlogApplication] : No active profile set, falling back to default profiles: default
[2020/07/25-10:34:57] [main] [INFO ] [nat.phc.blog.BlogApplication] : Started BlogApplication in 5.252 seconds (JVM running for 6.323)
[2020/07/25-10:35:11] [http-nio-2333-exec-1] [INFO ] [nat.phc.blog.controller.TestController] : captcha content == > 3sazn
[2020/07/25-10:44:52] [http-nio-2333-exec-8] [INFO ] [nat.phc.blog.controller.TestController] : captcha content == > vvejr
[2020/07/25-10:44:53] [http-nio-2333-exec-9] [INFO ] [nat.phc.blog.controller.TestController] : captcha content == > yjxen
[2020/07/25-11:12:49] [main] [INFO ] [nat.phc.blog.BlogApplication] : Starting BlogApplication on PENGhc with PID 13300 (E:\code\java\SobBlogSystem\target\classes started by PengHaiChen in E:\code\java\SobBlogSystem)
[2020/07/25-11:12:49] [main] [INFO ] [nat.phc.blog.BlogApplication] : No active profile set, falling back to default profiles: default
[2020/07/25-11:12:53] [main] [INFO ] [nat.phc.blog.BlogApplication] : Started BlogApplication in 4.46 seconds (JVM running for 5.315)
[2020/07/25-11:13:13] [http-nio-2333-exec-2] [INFO ] [nat.phc.blog.controller.TestController] : captcha content == > wqgmb
[2020/07/25-11:13:43] [http-nio-2333-exec-3] [INFO ] [nat.phc.blog.controller.TestController] : captcha content == > whcfj
[2020/07/25-11:13:44] [http-nio-2333-exec-4] [INFO ] [nat.phc.blog.controller.TestController] : captcha content == > qhktp
[2020/07/25-11:13:45] [http-nio-2333-exec-5] [INFO ] [nat.phc.blog.controller.TestController] : captcha content == > jmfk5
[2020/07/25-11:19:05] [http-nio-2333-exec-10] [INFO ] [nat.phc.blog.controller.TestController] : captcha content == > 3xhm3
[2020/07/25-11:53:52] [http-nio-2333-exec-1] [INFO ] [nat.phc.blog.controller.TestController] : captcha content == > btftq
[2020/07/25-12:03:28] [http-nio-2333-exec-3] [INFO ] [nat.phc.blog.controller.TestController] : captcha content == > jf58j
[2020/07/25-12:07:54] [main] [INFO ] [nat.phc.blog.BlogApplication] : Starting BlogApplication on PENGhc with PID 4248 (E:\code\java\SobBlogSystem\target\classes started by PengHaiChen in E:\code\java\SobBlogSystem)
[2020/07/25-12:07:54] [main] [INFO ] [nat.phc.blog.BlogApplication] : No active profile set, falling back to default profiles: default
[2020/07/25-12:07:58] [main] [INFO ] [nat.phc.blog.BlogApplication] : Started BlogApplication in 4.531 seconds (JVM running for 5.279)
[2020/07/25-12:08:12] [main] [INFO ] [nat.phc.blog.BlogApplication] : Starting BlogApplication on PENGhc with PID 9332 (E:\code\java\SobBlogSystem\target\classes started by PengHaiChen in E:\code\java\SobBlogSystem)
[2020/07/25-12:08:12] [main] [INFO ] [nat.phc.blog.BlogApplication] : No active profile set, falling back to default profiles: default
[2020/07/25-12:08:17] [main] [INFO ] [nat.phc.blog.BlogApplication] : Started BlogApplication in 4.947 seconds (JVM running for 5.874)
[2020/07/25-12:08:52] [http-nio-2333-exec-1] [INFO ] [nat.phc.blog.controller.TestController] : captchaContent==========>jf58j
[2020/07/25-12:09:01] [http-nio-2333-exec-3] [INFO ] [nat.phc.blog.controller.TestController] : captcha content == > g3qah
[2020/07/25-12:09:03] [http-nio-2333-exec-4] [INFO ] [nat.phc.blog.controller.TestController] : captchaContent==========>g3qah
[2020/07/25-12:09:34] [http-nio-2333-exec-5] [INFO ] [nat.phc.blog.controller.TestController] : captchaContent==========>null
[2020/07/25-12:09:41] [http-nio-2333-exec-6] [INFO ] [nat.phc.blog.controller.TestController] : captcha content == > tzthz
[2020/07/25-15:57:01] [main] [INFO ] [nat.phc.blog.BlogApplication] : Starting BlogApplication on PENGhc with PID 4848 (E:\code\java\SobBlogSystem\target\classes started by PengHaiChen in E:\code\java\SobBlogSystem)
[2020/07/25-15:57:01] [main] [INFO ] [nat.phc.blog.BlogApplication] : No active profile set, falling back to default profiles: default
[2020/07/25-15:57:05] [main] [INFO ] [nat.phc.blog.BlogApplication] : Started BlogApplication in 4.426 seconds (JVM running for 5.144)
[2020/07/25-15:57:20] [main] [INFO ] [nat.phc.blog.BlogApplication] : Starting BlogApplication on PENGhc with PID 3572 (E:\code\java\SobBlogSystem\target\classes started by PengHaiChen in E:\code\java\SobBlogSystem)
[2020/07/25-15:57:20] [main] [INFO ] [nat.phc.blog.BlogApplication] : No active profile set, falling back to default profiles: default
[2020/07/25-15:57:24] [main] [INFO ] [nat.phc.blog.BlogApplication] : Started BlogApplication in 4.381 seconds (JVM running for 5.265)
[2020/07/25-15:58:37] [http-nio-2333-exec-1] [INFO ] [nat.phc.blog.controller.TestController] : captcha content == > ek96z
[2020/07/25-15:59:50] [main] [INFO ] [nat.phc.blog.BlogApplication] : Starting BlogApplication on PENGhc with PID 1180 (E:\code\java\SobBlogSystem\target\classes started by PengHaiChen in E:\code\java\SobBlogSystem)
[2020/07/25-15:59:50] [main] [INFO ] [nat.phc.blog.BlogApplication] : No active profile set, falling back to default profiles: default
[2020/07/25-15:59:54] [main] [INFO ] [nat.phc.blog.BlogApplication] : Started BlogApplication in 4.301 seconds (JVM running for 4.986)
[2020/07/25-17:39:30] [main] [INFO ] [nat.phc.blog.BlogApplication] : Starting BlogApplication on PENGhc with PID 14012 (E:\code\java\SobBlogSystem\target\classes started by PengHaiChen in E:\code\java\SobBlogSystem)
[2020/07/25-17:39:30] [main] [INFO ] [nat.phc.blog.BlogApplication] : No active profile set, falling back to default profiles: default
[2020/07/25-17:39:34] [main] [INFO ] [nat.phc.blog.BlogApplication] : Started BlogApplication in 4.587 seconds (JVM running for 5.443)
[2020/07/25-17:47:00] [http-nio-2333-exec-1] [INFO ] [nat.phc.blog.controller.user.UserApi] : email========>1839233520@
[2020/07/25-17:47:00] [http-nio-2333-exec-1] [INFO ] [nat.phc.blog.service.impl.UserServiceImpl] : 申请发送email的ip地址为=====》0:0:0:0:0:0:0:1
[2020/07/25-17:49:14] [http-nio-2333-exec-4] [INFO ] [nat.phc.blog.controller.user.UserApi] : email========>1839233520@qq.com
[2020/07/25-17:49:14] [http-nio-2333-exec-4] [INFO ] [nat.phc.blog.service.impl.UserServiceImpl] : 申请发送email的ip地址为=====》0:0:0:0:0:0:0:1
[2020/07/25-17:51:06] [http-nio-2333-exec-6] [INFO ] [nat.phc.blog.controller.user.UserApi] : email========>1839233520@qq.com
[2020/07/25-17:51:06] [http-nio-2333-exec-6] [INFO ] [nat.phc.blog.service.impl.UserServiceImpl] : 申请发送email的ip地址为=====》0:0:0:0:0:0:0:1
[2020/07/25-17:54:34] [main] [INFO ] [nat.phc.blog.BlogApplication] : Starting BlogApplication on PENGhc with PID 13052 (E:\code\java\SobBlogSystem\target\classes started by PengHaiChen in E:\code\java\SobBlogSystem)
[2020/07/25-17:54:34] [main] [INFO ] [nat.phc.blog.BlogApplication] : No active profile set, falling back to default profiles: default
[2020/07/25-17:54:38] [main] [INFO ] [nat.phc.blog.BlogApplication] : Started BlogApplication in 4.598 seconds (JVM running for 5.336)
[2020/07/25-17:54:47] [http-nio-2333-exec-1] [INFO ] [nat.phc.blog.controller.user.UserApi] : email========>1839233520@qq.com
[2020/07/25-17:54:47] [http-nio-2333-exec-1] [INFO ] [nat.phc.blog.service.impl.UserServiceImpl] : 申请发送email的ip地址为=====》0:0:0:0:0:0:0:1
[2020/07/25-17:56:27] [main] [INFO ] [nat.phc.blog.BlogApplication] : Starting BlogApplication on PENGhc with PID 6148 (E:\code\java\SobBlogSystem\target\classes started by PengHaiChen in E:\code\java\SobBlogSystem)
[2020/07/25-17:56:27] [main] [INFO ] [nat.phc.blog.BlogApplication] : No active profile set, falling back to default profiles: default
[2020/07/25-17:56:31] [main] [INFO ] [nat.phc.blog.BlogApplication] : Started BlogApplication in 4.473 seconds (JVM running for 5.197)
[2020/07/25-17:56:44] [http-nio-2333-exec-1] [INFO ] [nat.phc.blog.controller.user.UserApi] : email========>1839233520@qq.com
[2020/07/25-17:56:44] [http-nio-2333-exec-1] [INFO ] [nat.phc.blog.service.impl.UserServiceImpl] : 申请发送email的ip地址为=====》0:0:0:0:0:0:0:1
[2020/07/25-18:05:41] [main] [INFO ] [nat.phc.blog.BlogApplication] : Starting BlogApplication on PENGhc with PID 10248 (E:\code\java\SobBlogSystem\target\classes started by PengHaiChen in E:\code\java\SobBlogSystem)
[2020/07/25-18:05:41] [main] [INFO ] [nat.phc.blog.BlogApplication] : No active profile set, falling back to default profiles: default
[2020/07/25-18:05:45] [main] [INFO ] [nat.phc.blog.BlogApplication] : Started BlogApplication in 4.398 seconds (JVM running for 5.14)
[2020/07/25-18:05:47] [http-nio-2333-exec-1] [INFO ] [nat.phc.blog.controller.user.UserApi] : email========>1839233520@qq.com
[2020/07/25-18:05:47] [http-nio-2333-exec-1] [INFO ] [nat.phc.blog.service.impl.UserServiceImpl] : 申请发送email的ip地址为=====》0:0:0:0:0:0:0:1
[2020/07/25-18:06:45] [main] [INFO ] [nat.phc.blog.BlogApplication] : Starting BlogApplication on PENGhc with PID 10768 (E:\code\java\SobBlogSystem\target\classes started by PengHaiChen in E:\code\java\SobBlogSystem)
[2020/07/25-18:06:45] [main] [INFO ] [nat.phc.blog.BlogApplication] : No active profile set, falling back to default profiles: default
[2020/07/25-18:06:49] [main] [INFO ] [nat.phc.blog.BlogApplication] : Started BlogApplication in 4.25 seconds (JVM running for 5.06)
[2020/07/25-18:06:52] [http-nio-2333-exec-2] [INFO ] [nat.phc.blog.controller.user.UserApi] : email========>1839233520@qq.com
[2020/07/25-18:06:52] [http-nio-2333-exec-2] [INFO ] [nat.phc.blog.service.impl.UserServiceImpl] : 申请发送email的ip地址为=====》0:0:0:0:0:0:0:1
[2020/07/25-18:07:47] [main] [INFO ] [nat.phc.blog.BlogApplication] : Starting BlogApplication on PENGhc with PID 16876 (E:\code\java\SobBlogSystem\target\classes started by PengHaiChen in E:\code\java\SobBlogSystem)
[2020/07/25-18:07:47] [main] [INFO ] [nat.phc.blog.BlogApplication] : No active profile set, falling back to default profiles: default
[2020/07/25-18:07:51] [main] [INFO ] [nat.phc.blog.BlogApplication] : Started BlogApplication in 4.174 seconds (JVM running for 4.883)
[2020/07/25-18:07:54] [http-nio-2333-exec-1] [INFO ] [nat.phc.blog.controller.user.UserApi] : email========>1839233520@qq.com
[2020/07/25-18:07:54] [http-nio-2333-exec-1] [INFO ] [nat.phc.blog.service.impl.UserServiceImpl] : 申请发送email的ip地址为=====》0:0:0:0:0:0:0:1
[2020/07/25-18:08:08] [main] [INFO ] [nat.phc.blog.BlogApplication] : Starting BlogApplication on PENGhc with PID 1996 (E:\code\java\SobBlogSystem\target\classes started by PengHaiChen in E:\code\java\SobBlogSystem)
[2020/07/25-18:08:08] [main] [INFO ] [nat.phc.blog.BlogApplication] : No active profile set, falling back to default profiles: default
[2020/07/25-18:08:12] [main] [INFO ] [nat.phc.blog.BlogApplication] : Started BlogApplication in 4.239 seconds (JVM running for 5.062)
[2020/07/25-18:09:45] [main] [INFO ] [nat.phc.blog.BlogApplication] : Starting BlogApplication on PENGhc with PID 13520 (E:\code\java\SobBlogSystem\target\classes started by PengHaiChen in E:\code\java\SobBlogSystem)
[2020/07/25-18:09:45] [main] [INFO ] [nat.phc.blog.BlogApplication] : No active profile set, falling back to default profiles: default
[2020/07/25-18:09:49] [main] [INFO ] [nat.phc.blog.BlogApplication] : Started BlogApplication in 4.285 seconds (JVM running for 5.021)
[2020/07/25-18:09:51] [http-nio-2333-exec-1] [INFO ] [nat.phc.blog.controller.user.UserApi] : email========>1839233520@qq.com
[2020/07/25-18:09:51] [http-nio-2333-exec-1] [INFO ] [nat.phc.blog.service.impl.UserServiceImpl] : 申请发送email的ip地址为=====》0_0_0_0_0_0_0_1
[2020/07/25-18:16:18] [main] [INFO ] [nat.phc.blog.BlogApplication] : Starting BlogApplication on PENGhc with PID 3740 (E:\code\java\SobBlogSystem\target\classes started by PengHaiChen in E:\code\java\SobBlogSystem)
[2020/07/25-18:16:18] [main] [INFO ] [nat.phc.blog.BlogApplication] : No active profile set, falling back to default profiles: default
[2020/07/25-18:16:22] [main] [INFO ] [nat.phc.blog.BlogApplication] : Started BlogApplication in 4.559 seconds (JVM running for 5.271)
[2020/07/25-18:16:23] [http-nio-2333-exec-1] [INFO ] [nat.phc.blog.controller.user.UserApi] : email========>1839233520@qq.com
[2020/07/25-18:16:23] [http-nio-2333-exec-1] [INFO ] [nat.phc.blog.service.impl.UserServiceImpl] : 申请发送email的ip地址为=====》127.0.0.1
[2020/07/25-18:17:05] [main] [INFO ] [nat.phc.blog.BlogApplication] : Starting BlogApplication on PENGhc with PID 10116 (E:\code\java\SobBlogSystem\target\classes started by PengHaiChen in E:\code\java\SobBlogSystem)
[2020/07/25-18:17:05] [main] [INFO ] [nat.phc.blog.BlogApplication] : No active profile set, falling back to default profiles: default
[2020/07/25-18:17:09] [main] [INFO ] [nat.phc.blog.BlogApplication] : Started BlogApplication in 4.268 seconds (JVM running for 5.012)
[2020/07/25-18:17:12] [http-nio-2333-exec-2] [INFO ] [nat.phc.blog.controller.user.UserApi] : email========>1839233520@qq.com
[2020/07/25-18:17:12] [http-nio-2333-exec-2] [INFO ] [nat.phc.blog.service.impl.UserServiceImpl] : 申请发送email的ip地址为=====》0_0_0_0_0_0_0_1
[2020/07/25-18:18:04] [main] [INFO ] [nat.phc.blog.BlogApplication] : Starting BlogApplication on PENGhc with PID 11720 (E:\code\java\SobBlogSystem\target\classes started by PengHaiChen in E:\code\java\SobBlogSystem)
[2020/07/25-18:18:04] [main] [INFO ] [nat.phc.blog.BlogApplication] : No active profile set, falling back to default profiles: default
[2020/07/25-18:18:08] [main] [INFO ] [nat.phc.blog.BlogApplication] : Started BlogApplication in 4.736 seconds (JVM running for 5.452)
[2020/07/25-18:18:08] [http-nio-2333-exec-1] [INFO ] [nat.phc.blog.controller.user.UserApi] : email========>1839233520@qq.com
[2020/07/25-18:18:08] [http-nio-2333-exec-1] [INFO ] [nat.phc.blog.service.impl.UserServiceImpl] : 申请发送email的ip地址为=====》127.0.0.1
[2020/07/25-18:18:09] [http-nio-2333-exec-1] [INFO ] [nat.phc.blog.service.impl.UserServiceImpl] : 申请发送email的验证码为185600
[2020/07/25-18:18:35] [http-nio-2333-exec-3] [INFO ] [nat.phc.blog.controller.user.UserApi] : email========>1839233520@qq.com
[2020/07/25-18:18:35] [http-nio-2333-exec-3] [INFO ] [nat.phc.blog.service.impl.UserServiceImpl] : 申请发送email的ip地址为=====》127.0.0.1
[2020/07/25-18:18:35] [http-nio-2333-exec-3] [INFO ] [nat.phc.blog.service.impl.UserServiceImpl] : 申请发送email的验证码为620972
[2020/07/25-18:20:31] [http-nio-2333-exec-2] [INFO ] [nat.phc.blog.controller.user.UserApi] : email========>1839233520@qq.com
[2020/07/25-18:20:31] [http-nio-2333-exec-2] [INFO ] [nat.phc.blog.service.impl.UserServiceImpl] : 申请发送email的ip地址为=====》0_0_0_0_0_0_0_1
[2020/07/25-18:20:31] [http-nio-2333-exec-2] [INFO ] [nat.phc.blog.service.impl.UserServiceImpl] : 申请发送email的验证码为443563
[2020/07/25-18:20:34] [http-nio-2333-exec-6] [INFO ] [nat.phc.blog.controller.user.UserApi] : email========>1839233520@qq.com
[2020/07/25-18:20:34] [http-nio-2333-exec-6] [INFO ] [nat.phc.blog.service.impl.UserServiceImpl] : 申请发送email的ip地址为=====》0_0_0_0_0_0_0_1
[2020/07/25-18:20:34] [http-nio-2333-exec-6] [INFO ] [nat.phc.blog.service.impl.UserServiceImpl] : 申请发送email的验证码为684415
[2020/07/25-18:20:36] [http-nio-2333-exec-7] [INFO ] [nat.phc.blog.controller.user.UserApi] : email========>1839233520@qq.com
[2020/07/25-18:20:36] [http-nio-2333-exec-7] [INFO ] [nat.phc.blog.service.impl.UserServiceImpl] : 申请发送email的ip地址为=====》0_0_0_0_0_0_0_1
[2020/07/25-18:20:36] [http-nio-2333-exec-7] [INFO ] [nat.phc.blog.service.impl.UserServiceImpl] : 申请发送email的验证码为126989
[2020/07/25-18:20:39] [http-nio-2333-exec-8] [INFO ] [nat.phc.blog.controller.user.UserApi] : email========>1839233520@qq.com
[2020/07/25-18:20:39] [http-nio-2333-exec-8] [INFO ] [nat.phc.blog.service.impl.UserServiceImpl] : 申请发送email的ip地址为=====》0_0_0_0_0_0_0_1
[2020/07/25-18:20:39] [http-nio-2333-exec-8] [INFO ] [nat.phc.blog.service.impl.UserServiceImpl] : 申请发送email的验证码为293849
[2020/07/25-18:20:41] [http-nio-2333-exec-9] [INFO ] [nat.phc.blog.controller.user.UserApi] : email========>1839233520@qq.com
[2020/07/25-18:20:41] [http-nio-2333-exec-9] [INFO ] [nat.phc.blog.service.impl.UserServiceImpl] : 申请发送email的ip地址为=====》0_0_0_0_0_0_0_1
[2020/07/25-18:20:41] [http-nio-2333-exec-9] [INFO ] [nat.phc.blog.service.impl.UserServiceImpl] : 申请发送email的验证码为220818
[2020/07/25-18:20:43] [http-nio-2333-exec-10] [INFO ] [nat.phc.blog.controller.user.UserApi] : email========>1839233520@qq.com
[2020/07/25-18:20:43] [http-nio-2333-exec-10] [INFO ] [nat.phc.blog.service.impl.UserServiceImpl] : 申请发送email的ip地址为=====》0_0_0_0_0_0_0_1
[2020/07/25-18:20:43] [http-nio-2333-exec-10] [INFO ] [nat.phc.blog.service.impl.UserServiceImpl] : 申请发送email的验证码为164398
[2020/07/25-18:20:45] [http-nio-2333-exec-1] [INFO ] [nat.phc.blog.controller.user.UserApi] : email========>1839233520@qq.com
[2020/07/25-18:20:45] [http-nio-2333-exec-1] [INFO ] [nat.phc.blog.service.impl.UserServiceImpl] : 申请发送email的ip地址为=====》0_0_0_0_0_0_0_1
[2020/07/25-18:20:45] [http-nio-2333-exec-1] [INFO ] [nat.phc.blog.service.impl.UserServiceImpl] : 申请发送email的验证码为352972
[2020/07/25-18:20:47] [http-nio-2333-exec-3] [INFO ] [nat.phc.blog.controller.user.UserApi] : email========>1839233520@qq.com
[2020/07/25-18:20:47] [http-nio-2333-exec-3] [INFO ] [nat.phc.blog.service.impl.UserServiceImpl] : 申请发送email的ip地址为=====》0_0_0_0_0_0_0_1
[2020/07/25-18:20:47] [http-nio-2333-exec-3] [INFO ] [nat.phc.blog.service.impl.UserServiceImpl] : 申请发送email的验证码为119956
[2020/07/25-18:20:49] [http-nio-2333-exec-4] [INFO ] [nat.phc.blog.controller.user.UserApi] : email========>1839233520@qq.com
[2020/07/25-18:20:49] [http-nio-2333-exec-4] [INFO ] [nat.phc.blog.service.impl.UserServiceImpl] : 申请发送email的ip地址为=====》0_0_0_0_0_0_0_1
[2020/07/25-18:20:49] [http-nio-2333-exec-4] [INFO ] [nat.phc.blog.service.impl.UserServiceImpl] : 申请发送email的验证码为199180
[2020/07/25-18:20:52] [http-nio-2333-exec-5] [INFO ] [nat.phc.blog.controller.user.UserApi] : email========>1839233520@qq.com
[2020/07/25-18:20:52] [http-nio-2333-exec-5] [INFO ] [nat.phc.blog.service.impl.UserServiceImpl] : 申请发送email的ip地址为=====》0_0_0_0_0_0_0_1
[2020/07/25-18:20:52] [http-nio-2333-exec-5] [INFO ] [nat.phc.blog.service.impl.UserServiceImpl] : 申请发送email的验证码为206664
[2020/07/25-18:20:55] [http-nio-2333-exec-2] [INFO ] [nat.phc.blog.controller.user.UserApi] : email========>1839233520@qq.com
[2020/07/25-18:20:55] [http-nio-2333-exec-2] [INFO ] [nat.phc.blog.service.impl.UserServiceImpl] : 申请发送email的ip地址为=====》0_0_0_0_0_0_0_1
[2020/07/25-18:20:55] [http-nio-2333-exec-2] [INFO ] [nat.phc.blog.service.impl.UserServiceImpl] : 申请发送email的验证码为129597
[2020/07/25-18:30:20] [http-nio-2333-exec-8] [INFO ] [nat.phc.blog.controller.user.UserApi] : email========>1839233520@qq.com
[2020/07/25-18:30:20] [http-nio-2333-exec-8] [INFO ] [nat.phc.blog.service.impl.UserServiceImpl] : 申请发送email的ip地址为=====》0_0_0_0_0_0_0_1
[2020/07/25-18:30:20] [http-nio-2333-exec-8] [INFO ] [nat.phc.blog.service.impl.UserServiceImpl] : 申请发送email的验证码为874577
[2020/07/25-18:30:57] [http-nio-2333-exec-9] [INFO ] [nat.phc.blog.controller.user.UserApi] : email========>1839233520@qq.com
[2020/07/25-18:30:57] [http-nio-2333-exec-9] [INFO ] [nat.phc.blog.service.impl.UserServiceImpl] : 申请发送email的ip地址为=====》0_0_0_0_0_0_0_1
[2020/07/25-18:30:57] [http-nio-2333-exec-9] [INFO ] [nat.phc.blog.service.impl.UserServiceImpl] : 申请发送email的验证码为137050
[2020/07/25-18:34:25] [main] [INFO ] [nat.phc.blog.BlogApplication] : Starting BlogApplication on PENGhc with PID 6388 (E:\code\java\SobBlogSystem\target\classes started by PengHaiChen in E:\code\java\SobBlogSystem)
[2020/07/25-18:34:25] [main] [INFO ] [nat.phc.blog.BlogApplication] : No active profile set, falling back to default profiles: default
[2020/07/25-18:34:29] [main] [INFO ] [nat.phc.blog.BlogApplication] : Started BlogApplication in 4.129 seconds (JVM running for 4.909)
[2020/07/25-18:34:46] [http-nio-2333-exec-3] [INFO ] [nat.phc.blog.controller.user.UserApi] : email========>1839233520@qq.com
[2020/07/25-18:34:46] [http-nio-2333-exec-3] [INFO ] [nat.phc.blog.service.impl.UserServiceImpl] : 申请发送email的ip地址为=====》0_0_0_0_0_0_0_1
[2020/07/25-18:34:46] [http-nio-2333-exec-3] [INFO ] [nat.phc.blog.service.impl.UserServiceImpl] : 当前剩余秒数null
[2020/07/25-18:34:46] [http-nio-2333-exec-3] [INFO ] [nat.phc.blog.service.impl.UserServiceImpl] : 申请发送email的验证码为526602
[2020/07/25-18:34:49] [http-nio-2333-exec-2] [INFO ] [nat.phc.blog.controller.user.UserApi] : email========>1839233520@qq.com
[2020/07/25-18:34:49] [http-nio-2333-exec-2] [INFO ] [nat.phc.blog.service.impl.UserServiceImpl] : 申请发送email的ip地址为=====》0_0_0_0_0_0_0_1
[2020/07/25-18:34:49] [http-nio-2333-exec-2] [INFO ] [nat.phc.blog.service.impl.UserServiceImpl] : 当前剩余秒数null
[2020/07/25-18:34:49] [http-nio-2333-exec-2] [INFO ] [nat.phc.blog.service.impl.UserServiceImpl] : 申请发送email的验证码为121536
[2020/07/25-18:35:57] [main] [INFO ] [nat.phc.blog.BlogApplication] : Starting BlogApplication on PENGhc with PID 6340 (E:\code\java\SobBlogSystem\target\classes started by PengHaiChen in E:\code\java\SobBlogSystem)
[2020/07/25-18:35:57] [main] [INFO ] [nat.phc.blog.BlogApplication] : No active profile set, falling back to default profiles: default
[2020/07/25-18:36:01] [main] [INFO ] [nat.phc.blog.BlogApplication] : Started BlogApplication in 4.297 seconds (JVM running for 4.982)
[2020/07/25-18:36:02] [http-nio-2333-exec-2] [INFO ] [nat.phc.blog.controller.user.UserApi] : email========>1839233520@qq.com
[2020/07/25-18:36:02] [http-nio-2333-exec-2] [INFO ] [nat.phc.blog.service.impl.UserServiceImpl] : 申请发送email的ip地址为=====》0_0_0_0_0_0_0_1
[2020/07/25-18:36:03] [http-nio-2333-exec-2] [INFO ] [nat.phc.blog.service.impl.UserServiceImpl] : 当前剩余次数null
[2020/07/25-18:36:03] [http-nio-2333-exec-2] [INFO ] [nat.phc.blog.service.impl.UserServiceImpl] : 当前剩余秒数null
[2020/07/25-18:36:03] [http-nio-2333-exec-2] [INFO ] [nat.phc.blog.service.impl.UserServiceImpl] : 申请发送email的验证码为267414
[2020/07/25-18:36:18] [http-nio-2333-exec-3] [INFO ] [nat.phc.blog.controller.user.UserApi] : email========>1839233520@qq.com
[2020/07/25-18:36:18] [http-nio-2333-exec-3] [INFO ] [nat.phc.blog.service.impl.UserServiceImpl] : 申请发送email的ip地址为=====》0_0_0_0_0_0_0_1
[2020/07/25-18:36:18] [http-nio-2333-exec-3] [INFO ] [nat.phc.blog.service.impl.UserServiceImpl] : 当前剩余次数null
[2020/07/25-18:36:18] [http-nio-2333-exec-3] [INFO ] [nat.phc.blog.service.impl.UserServiceImpl] : 当前剩余秒数null
[2020/07/25-18:36:18] [http-nio-2333-exec-3] [INFO ] [nat.phc.blog.service.impl.UserServiceImpl] : 申请发送email的验证码为840290
[2020/07/25-18:44:16] [main] [INFO ] [nat.phc.blog.BlogApplication] : Starting BlogApplication on PENGhc with PID 5576 (E:\code\java\SobBlogSystem\target\classes started by PengHaiChen in E:\code\java\SobBlogSystem)
[2020/07/25-18:44:16] [main] [INFO ] [nat.phc.blog.BlogApplication] : No active profile set, falling back to default profiles: default
[2020/07/25-18:44:20] [main] [INFO ] [nat.phc.blog.BlogApplication] : Started BlogApplication in 4.355 seconds (JVM running for 5.105)
[2020/07/25-18:44:23] [http-nio-2333-exec-1] [INFO ] [nat.phc.blog.controller.user.UserApi] : email========>1839233520@qq.com
[2020/07/25-18:44:23] [http-nio-2333-exec-1] [INFO ] [nat.phc.blog.service.impl.UserServiceImpl] : 申请发送email的ip地址为=====》0_0_0_0_0_0_0_1
[2020/07/25-18:44:24] [http-nio-2333-exec-1] [INFO ] [nat.phc.blog.service.impl.UserServiceImpl] : 当前剩余次数null
[2020/07/25-18:44:24] [http-nio-2333-exec-1] [INFO ] [nat.phc.blog.service.impl.UserServiceImpl] : 当前剩余秒数null
[2020/07/25-18:44:24] [http-nio-2333-exec-1] [INFO ] [nat.phc.blog.service.impl.UserServiceImpl] : 申请发送email的验证码为260993
[2020/07/25-18:48:49] [main] [INFO ] [nat.phc.blog.BlogApplication] : Starting BlogApplication on PENGhc with PID 16596 (E:\code\java\SobBlogSystem\target\classes started by PengHaiChen in E:\code\java\SobBlogSystem)
[2020/07/25-18:48:49] [main] [INFO ] [nat.phc.blog.BlogApplication] : No active profile set, falling back to default profiles: default
[2020/07/25-18:48:53] [main] [INFO ] [nat.phc.blog.BlogApplication] : Started BlogApplication in 4.499 seconds (JVM running for 5.247)
[2020/07/25-18:49:25] [http-nio-2333-exec-1] [INFO ] [nat.phc.blog.controller.user.UserApi] : email========>1839233520@qq.com
[2020/07/25-18:49:25] [http-nio-2333-exec-1] [INFO ] [nat.phc.blog.service.impl.UserServiceImpl] : 申请发送email的ip地址为=====》0_0_0_0_0_0_0_1
[2020/07/25-18:49:26] [http-nio-2333-exec-1] [INFO ] [nat.phc.blog.service.impl.UserServiceImpl] : 当前剩余次数null
[2020/07/25-18:49:26] [http-nio-2333-exec-1] [INFO ] [nat.phc.blog.service.impl.UserServiceImpl] : 当前剩余秒数null
[2020/07/25-18:49:26] [http-nio-2333-exec-1] [INFO ] [nat.phc.blog.service.impl.UserServiceImpl] : 申请发送email的验证码为626963
[2020/07/25-18:52:06] [main] [INFO ] [nat.phc.blog.BlogApplication] : Starting BlogApplication on PENGhc with PID 6184 (E:\code\java\SobBlogSystem\target\classes started by PengHaiChen in E:\code\java\SobBlogSystem)
[2020/07/25-18:52:06] [main] [INFO ] [nat.phc.blog.BlogApplication] : No active profile set, falling back to default profiles: default
[2020/07/25-18:52:10] [main] [INFO ] [nat.phc.blog.BlogApplication] : Started BlogApplication in 4.263 seconds (JVM running for 5.021)
[2020/07/25-18:52:14] [http-nio-2333-exec-3] [INFO ] [nat.phc.blog.controller.user.UserApi] : email========>1839233520@qq.com
[2020/07/25-18:52:14] [http-nio-2333-exec-3] [INFO ] [nat.phc.blog.service.impl.UserServiceImpl] : 申请发送email的ip地址为=====》0_0_0_0_0_0_0_1
[2020/07/25-18:52:15] [http-nio-2333-exec-3] [INFO ] [nat.phc.blog.service.impl.UserServiceImpl] : 当前剩余次数null
[2020/07/25-18:52:15] [http-nio-2333-exec-3] [INFO ] [nat.phc.blog.service.impl.UserServiceImpl] : 当前剩余秒数null
[2020/07/25-18:52:15] [http-nio-2333-exec-3] [INFO ] [nat.phc.blog.service.impl.UserServiceImpl] : 申请发送email的验证码为548972
[2020/07/25-19:02:37] [main] [INFO ] [nat.phc.blog.BlogApplication] : Starting BlogApplication on PENGhc with PID 3452 (E:\code\java\SobBlogSystem\target\classes started by PengHaiChen in E:\code\java\SobBlogSystem)
[2020/07/25-19:02:37] [main] [INFO ] [nat.phc.blog.BlogApplication] : No active profile set, falling back to default profiles: default
[2020/07/25-19:02:41] [main] [INFO ] [nat.phc.blog.BlogApplication] : Started BlogApplication in 4.252 seconds (JVM running for 4.962)
[2020/07/25-19:02:47] [http-nio-2333-exec-2] [INFO ] [nat.phc.blog.controller.user.UserApi] : email========>1839233520@qq.com
[2020/07/25-19:02:47] [http-nio-2333-exec-2] [INFO ] [nat.phc.blog.service.impl.UserServiceImpl] : 申请发送email的ip地址为=====》0_0_0_0_0_0_0_1
[2020/07/25-19:02:48] [http-nio-2333-exec-2] [INFO ] [nat.phc.blog.service.impl.UserServiceImpl] : 当前剩余次数null
[2020/07/25-19:02:48] [http-nio-2333-exec-2] [INFO ] [nat.phc.blog.service.impl.UserServiceImpl] : 当前剩余秒数null
[2020/07/25-19:02:48] [http-nio-2333-exec-2] [INFO ] [nat.phc.blog.service.impl.UserServiceImpl] : 申请发送email的验证码为897872
[2020/07/25-19:02:50] [http-nio-2333-exec-6] [INFO ] [nat.phc.blog.controller.user.UserApi] : email========>1839233520@qq.com
[2020/07/25-19:02:50] [http-nio-2333-exec-6] [INFO ] [nat.phc.blog.service.impl.UserServiceImpl] : 申请发送email的ip地址为=====》0_0_0_0_0_0_0_1
[2020/07/25-19:02:50] [http-nio-2333-exec-6] [INFO ] [nat.phc.blog.service.impl.UserServiceImpl] : 当前剩余次数none
[2020/07/25-19:02:50] [http-nio-2333-exec-6] [INFO ] [nat.phc.blog.service.impl.UserServiceImpl] : 当前剩余秒数none
[2020/07/25-19:03:25] [http-nio-2333-exec-8] [INFO ] [nat.phc.blog.controller.user.UserApi] : email========>1839233520@qq.com
[2020/07/25-19:03:25] [http-nio-2333-exec-8] [INFO ] [nat.phc.blog.service.impl.UserServiceImpl] : 申请发送email的ip地址为=====》0_0_0_0_0_0_0_1
[2020/07/25-19:03:25] [http-nio-2333-exec-8] [INFO ] [nat.phc.blog.service.impl.UserServiceImpl] : 当前剩余次数none
[2020/07/25-19:03:25] [http-nio-2333-exec-8] [INFO ] [nat.phc.blog.service.impl.UserServiceImpl] : 当前剩余秒数none
[2020/07/25-19:03:53] [http-nio-2333-exec-5] [INFO ] [nat.phc.blog.controller.user.UserApi] : email========>1839233520@qq.com
[2020/07/25-19:03:53] [http-nio-2333-exec-5] [INFO ] [nat.phc.blog.service.impl.UserServiceImpl] : 申请发送email的ip地址为=====》0_0_0_0_0_0_0_1
[2020/07/25-19:03:53] [http-nio-2333-exec-5] [INFO ] [nat.phc.blog.service.impl.UserServiceImpl] : 当前剩余次数null
[2020/07/25-19:03:53] [http-nio-2333-exec-5] [INFO ] [nat.phc.blog.service.impl.UserServiceImpl] : 当前剩余秒数null
[2020/07/25-19:03:53] [http-nio-2333-exec-5] [INFO ] [nat.phc.blog.service.impl.UserServiceImpl] : 申请发送email的验证码为689745
[2020/07/25-19:04:50] [http-nio-2333-exec-3] [INFO ] [nat.phc.blog.controller.user.UserApi] : email========>1839233520@qq.com
[2020/07/25-19:04:50] [http-nio-2333-exec-3] [INFO ] [nat.phc.blog.service.impl.UserServiceImpl] : 申请发送email的ip地址为=====》0_0_0_0_0_0_0_1
[2020/07/25-19:04:50] [http-nio-2333-exec-3] [INFO ] [nat.phc.blog.service.impl.UserServiceImpl] : 当前剩余次数none
[2020/07/25-19:04:50] [http-nio-2333-exec-3] [INFO ] [nat.phc.blog.service.impl.UserServiceImpl] : 当前剩余秒数none
[2020/07/25-19:05:31] [main] [INFO ] [nat.phc.blog.BlogApplication] : Starting BlogApplication on PENGhc with PID 14200 (E:\code\java\SobBlogSystem\target\classes started by PengHaiChen in E:\code\java\SobBlogSystem)
[2020/07/25-19:05:31] [main] [INFO ] [nat.phc.blog.BlogApplication] : No active profile set, falling back to default profiles: default
[2020/07/25-19:05:35] [main] [INFO ] [nat.phc.blog.BlogApplication] : Started BlogApplication in 4.356 seconds (JVM running for 5.144)
[2020/07/25-19:05:36] [http-nio-2333-exec-1] [INFO ] [nat.phc.blog.controller.user.UserApi] : email========>1839233520@qq.com
[2020/07/25-19:05:36] [http-nio-2333-exec-1] [INFO ] [nat.phc.blog.service.impl.UserServiceImpl] : 申请发送email的ip地址为=====》0_0_0_0_0_0_0_1
[2020/07/25-19:05:36] [http-nio-2333-exec-1] [INFO ] [nat.phc.blog.service.impl.UserServiceImpl] : 当前剩余次数null
[2020/07/25-19:05:36] [http-nio-2333-exec-1] [INFO ] [nat.phc.blog.service.impl.UserServiceImpl] : 当前剩余秒数null
[2020/07/25-19:05:36] [http-nio-2333-exec-1] [INFO ] [nat.phc.blog.service.impl.UserServiceImpl] : 申请发送email的验证码为524887
[2020/07/25-19:05:44] [http-nio-2333-exec-7] [INFO ] [nat.phc.blog.controller.user.UserApi] : email========>1839233520@qq.com
[2020/07/25-19:05:44] [http-nio-2333-exec-7] [INFO ] [nat.phc.blog.service.impl.UserServiceImpl] : 申请发送email的ip地址为=====》0_0_0_0_0_0_0_1
[2020/07/25-19:05:44] [http-nio-2333-exec-7] [INFO ] [nat.phc.blog.service.impl.UserServiceImpl] : 当前剩余次数none
[2020/07/25-19:05:44] [http-nio-2333-exec-7] [INFO ] [nat.phc.blog.service.impl.UserServiceImpl] : 当前剩余秒数none
[2020/07/25-19:05:45] [http-nio-2333-exec-9] [INFO ] [nat.phc.blog.controller.user.UserApi] : email========>1839233520@qq.com
[2020/07/25-19:05:45] [http-nio-2333-exec-9] [INFO ] [nat.phc.blog.service.impl.UserServiceImpl] : 申请发送email的ip地址为=====》0_0_0_0_0_0_0_1
[2020/07/25-19:05:45] [http-nio-2333-exec-9] [INFO ] [nat.phc.blog.service.impl.UserServiceImpl] : 当前剩余次数none
[2020/07/25-19:05:45] [http-nio-2333-exec-9] [INFO ] [nat.phc.blog.service.impl.UserServiceImpl] : 当前剩余秒数none
[2020/07/25-19:07:27] [main] [INFO ] [nat.phc.blog.BlogApplication] : Starting BlogApplication on PENGhc with PID 10908 (E:\code\java\SobBlogSystem\target\classes started by PengHaiChen in E:\code\java\SobBlogSystem)
[2020/07/25-19:07:27] [main] [INFO ] [nat.phc.blog.BlogApplication] : No active profile set, falling back to default profiles: default
[2020/07/25-19:07:31] [main] [INFO ] [nat.phc.blog.BlogApplication] : Started BlogApplication in 4.118 seconds (JVM running for 4.822)
[2020/07/25-19:08:07] [http-nio-2333-exec-2] [INFO ] [nat.phc.blog.controller.user.UserApi] : email========>1839233520@qq.com
[2020/07/25-19:08:07] [http-nio-2333-exec-2] [INFO ] [nat.phc.blog.service.impl.UserServiceImpl] : 申请发送email的ip地址为=====》0_0_0_0_0_0_0_1
[2020/07/25-19:12:22] [main] [INFO ] [nat.phc.blog.BlogApplication] : Starting BlogApplication on PENGhc with PID 2228 (E:\code\java\SobBlogSystem\target\classes started by PengHaiChen in E:\code\java\SobBlogSystem)
[2020/07/25-19:12:22] [main] [INFO ] [nat.phc.blog.BlogApplication] : No active profile set, falling back to default profiles: default
[2020/07/25-19:12:26] [main] [INFO ] [nat.phc.blog.BlogApplication] : Started BlogApplication in 4.335 seconds (JVM running for 5.033)
[2020/07/25-19:12:32] [http-nio-2333-exec-1] [INFO ] [nat.phc.blog.controller.user.UserApi] : email========>1839233520@qq.com
[2020/07/25-19:12:32] [http-nio-2333-exec-1] [INFO ] [nat.phc.blog.service.impl.UserServiceImpl] : 申请发送email的ip地址为=====》0_0_0_0_0_0_0_1
[2020/07/25-19:12:33] [http-nio-2333-exec-1] [INFO ] [nat.phc.blog.service.impl.UserServiceImpl] : 当前剩余次数null
[2020/07/25-19:12:33] [http-nio-2333-exec-1] [INFO ] [nat.phc.blog.service.impl.UserServiceImpl] : 当前剩余秒数null
[2020/07/25-19:12:33] [http-nio-2333-exec-1] [INFO ] [nat.phc.blog.service.impl.UserServiceImpl] : 申请发送email的验证码为865108
[2020/07/25-19:47:13] [main] [INFO ] [nat.phc.blog.BlogApplication] : Starting BlogApplication on PENGhc with PID 6476 (E:\code\java\SobBlogSystem\target\classes started by PengHaiChen in E:\code\java\SobBlogSystem)
[2020/07/25-19:47:13] [main] [INFO ] [nat.phc.blog.BlogApplication] : No active profile set, falling back to default profiles: default
[2020/07/25-19:47:18] [main] [INFO ] [nat.phc.blog.BlogApplication] : Started BlogApplication in 4.61 seconds (JVM running for 5.33)
[2020/07/25-19:49:15] [main] [INFO ] [nat.phc.blog.BlogApplication] : Starting BlogApplication on PENGhc with PID 16776 (E:\code\java\SobBlogSystem\target\classes started by PengHaiChen in E:\code\java\SobBlogSystem)
[2020/07/25-19:49:15] [main] [INFO ] [nat.phc.blog.BlogApplication] : No active profile set, falling back to default profiles: default
[2020/07/25-19:49:20] [main] [INFO ] [nat.phc.blog.BlogApplication] : Started BlogApplication in 4.516 seconds (JVM running for 5.28)
[2020/07/25-19:49:27] [http-nio-2333-exec-2] [INFO ] [nat.phc.blog.controller.user.UserApi] : email========>1839233520@qq.com
[2020/07/25-19:49:27] [http-nio-2333-exec-2] [INFO ] [nat.phc.blog.service.impl.UserServiceImpl] : 申请发送email的ip地址为=====》0_0_0_0_0_0_0_1
[2020/07/25-19:49:28] [http-nio-2333-exec-2] [INFO ] [nat.phc.blog.service.impl.UserServiceImpl] : 当前剩余次数null
[2020/07/25-19:49:28] [http-nio-2333-exec-2] [INFO ] [nat.phc.blog.service.impl.UserServiceImpl] : 当前剩余秒数null
[2020/07/25-19:49:28] [http-nio-2333-exec-2] [INFO ] [nat.phc.blog.service.impl.UserServiceImpl] : 申请发送email的验证码为995782
[2020/07/25-19:49:29] [phc_blog_task_worker-1] [INFO ] [nat.phc.blog.utils.EmailSender] : email send..........
[2020/07/25-19:49:49] [http-nio-2333-exec-3] [INFO ] [nat.phc.blog.controller.user.UserApi] : email========>1839233520@qq.com
[2020/07/25-19:49:49] [http-nio-2333-exec-3] [INFO ] [nat.phc.blog.service.impl.UserServiceImpl] : 申请发送email的ip地址为=====》0_0_0_0_0_0_0_1
[2020/07/25-19:49:49] [http-nio-2333-exec-3] [INFO ] [nat.phc.blog.service.impl.UserServiceImpl] : 当前剩余次数1
[2020/07/25-19:49:49] [http-nio-2333-exec-3] [INFO ] [nat.phc.blog.service.impl.UserServiceImpl] : 当前剩余秒数none
[2020/07/25-19:50:04] [http-nio-2333-exec-4] [INFO ] [nat.phc.blog.controller.user.UserApi] : email========>1839233520@qq.com
[2020/07/25-19:50:04] [http-nio-2333-exec-4] [INFO ] [nat.phc.blog.service.impl.UserServiceImpl] : 申请发送email的ip地址为=====》0_0_0_0_0_0_0_1
[2020/07/25-19:50:04] [http-nio-2333-exec-4] [INFO ] [nat.phc.blog.service.impl.UserServiceImpl] : 当前剩余次数1
[2020/07/25-19:50:04] [http-nio-2333-exec-4] [INFO ] [nat.phc.blog.service.impl.UserServiceImpl] : 当前剩余秒数none
[2020/07/25-19:50:05] [http-nio-2333-exec-5] [INFO ] [nat.phc.blog.controller.user.UserApi] : email========>1839233520@qq.com
[2020/07/25-19:50:05] [http-nio-2333-exec-5] [INFO ] [nat.phc.blog.service.impl.UserServiceImpl] : 申请发送email的ip地址为=====》0_0_0_0_0_0_0_1
[2020/07/25-19:50:05] [http-nio-2333-exec-5] [INFO ] [nat.phc.blog.service.impl.UserServiceImpl] : 当前剩余次数1
[2020/07/25-19:50:05] [http-nio-2333-exec-5] [INFO ] [nat.phc.blog.service.impl.UserServiceImpl] : 当前剩余秒数none
[2020/07/25-19:50:36] [http-nio-2333-exec-6] [INFO ] [nat.phc.blog.controller.user.UserApi] : email========>1839233520@qq.com
[2020/07/25-19:50:36] [http-nio-2333-exec-6] [INFO ] [nat.phc.blog.service.impl.UserServiceImpl] : 申请发送email的ip地址为=====》0_0_0_0_0_0_0_1
[2020/07/25-19:50:36] [http-nio-2333-exec-6] [INFO ] [nat.phc.blog.service.impl.UserServiceImpl] : 当前剩余次数1
[2020/07/25-19:50:36] [http-nio-2333-exec-6] [INFO ] [nat.phc.blog.service.impl.UserServiceImpl] : 当前剩余秒数null
[2020/07/25-19:50:36] [http-nio-2333-exec-6] [INFO ] [nat.phc.blog.service.impl.UserServiceImpl] : 申请发送email的验证码为504272
[2020/07/25-19:50:38] [phc_blog_task_worker-2] [INFO ] [nat.phc.blog.utils.EmailSender] : email send..........
[2020/07/25-19:51:28] [http-nio-2333-exec-7] [INFO ] [nat.phc.blog.controller.user.UserApi] : email========>1839233520@qq.com
[2020/07/25-19:51:28] [http-nio-2333-exec-7] [INFO ] [nat.phc.blog.service.impl.UserServiceImpl] : 申请发送email的ip地址为=====》0_0_0_0_0_0_0_1
[2020/07/25-19:51:28] [http-nio-2333-exec-7] [INFO ] [nat.phc.blog.service.impl.UserServiceImpl] : 当前剩余次数2
[2020/07/25-19:51:28] [http-nio-2333-exec-7] [INFO ] [nat.phc.blog.service.impl.UserServiceImpl] : 当前剩余秒数none
[2020/07/25-19:52:41] [http-nio-2333-exec-9] [INFO ] [nat.phc.blog.controller.user.UserApi] : email========>1839233520@qq.com
[2020/07/25-19:52:41] [http-nio-2333-exec-9] [INFO ] [nat.phc.blog.service.impl.UserServiceImpl] : 申请发送email的ip地址为=====》0_0_0_0_0_0_0_1
[2020/07/25-19:52:41] [http-nio-2333-exec-9] [INFO ] [nat.phc.blog.service.impl.UserServiceImpl] : 当前剩余次数2
[2020/07/25-19:52:41] [http-nio-2333-exec-9] [INFO ] [nat.phc.blog.service.impl.UserServiceImpl] : 当前剩余秒数null
[2020/07/25-19:52:41] [http-nio-2333-exec-9] [INFO ] [nat.phc.blog.service.impl.UserServiceImpl] : 申请发送email的验证码为258934
[2020/07/25-19:52:42] [phc_blog_task_worker-1] [INFO ] [nat.phc.blog.utils.EmailSender] : email send..........
[2020/07/25-19:52:49] [http-nio-2333-exec-1] [INFO ] [nat.phc.blog.controller.user.UserApi] : email========>1839233520@qq.com
[2020/07/25-19:52:49] [http-nio-2333-exec-1] [INFO ] [nat.phc.blog.service.impl.UserServiceImpl] : 申请发送email的ip地址为=====》0_0_0_0_0_0_0_1
[2020/07/25-19:52:49] [http-nio-2333-exec-1] [INFO ] [nat.phc.blog.service.impl.UserServiceImpl] : 当前剩余次数3
[2020/07/25-19:52:49] [http-nio-2333-exec-1] [INFO ] [nat.phc.blog.service.impl.UserServiceImpl] : 当前剩余秒数none
[2020/07/25-19:55:26] [main] [INFO ] [nat.phc.blog.BlogApplication] : Starting BlogApplication on PENGhc with PID 15024 (E:\code\java\SobBlogSystem\target\classes started by PengHaiChen in E:\code\java\SobBlogSystem)
[2020/07/25-19:55:26] [main] [INFO ] [nat.phc.blog.BlogApplication] : No active profile set, falling back to default profiles: default
[2020/07/25-19:55:30] [main] [INFO ] [nat.phc.blog.BlogApplication] : Started BlogApplication in 4.258 seconds (JVM running for 5.022)
[2020/07/25-19:55:39] [main] [INFO ] [nat.phc.blog.BlogApplication] : Starting BlogApplication on PENGhc with PID 2304 (E:\code\java\SobBlogSystem\target\classes started by PengHaiChen in E:\code\java\SobBlogSystem)
[2020/07/25-19:55:39] [main] [INFO ] [nat.phc.blog.BlogApplication] : No active profile set, falling back to default profiles: default
[2020/07/25-19:55:43] [main] [INFO ] [nat.phc.blog.BlogApplication] : Started BlogApplication in 4.292 seconds (JVM running for 5.021)
[2020/07/25-19:55:46] [http-nio-2333-exec-2] [INFO ] [nat.phc.blog.controller.user.UserApi] : email========>1839233520@qq.com
[2020/07/25-19:55:46] [http-nio-2333-exec-2] [INFO ] [nat.phc.blog.service.impl.UserServiceImpl] : 申请发送email的ip地址为=====》0_0_0_0_0_0_0_1
[2020/07/25-19:55:47] [http-nio-2333-exec-2] [INFO ] [nat.phc.blog.service.impl.UserServiceImpl] : 当前发送次数3
[2020/07/25-19:55:49] [http-nio-2333-exec-4] [INFO ] [nat.phc.blog.controller.user.UserApi] : email========>1839233520@qq.com
[2020/07/25-19:55:49] [http-nio-2333-exec-4] [INFO ] [nat.phc.blog.service.impl.UserServiceImpl] : 申请发送email的ip地址为=====》0_0_0_0_0_0_0_1
[2020/07/25-19:55:49] [http-nio-2333-exec-4] [INFO ] [nat.phc.blog.service.impl.UserServiceImpl] : 当前发送次数3
[2020/07/25-19:55:50] [http-nio-2333-exec-6] [INFO ] [nat.phc.blog.controller.user.UserApi] : email========>1839233520@qq.com
[2020/07/25-19:55:50] [http-nio-2333-exec-6] [INFO ] [nat.phc.blog.service.impl.UserServiceImpl] : 申请发送email的ip地址为=====》0_0_0_0_0_0_0_1
[2020/07/25-19:55:50] [http-nio-2333-exec-6] [INFO ] [nat.phc.blog.service.impl.UserServiceImpl] : 当前发送次数3
[2020/07/25-19:57:08] [main] [INFO ] [nat.phc.blog.BlogApplication] : Starting BlogApplication on PENGhc with PID 16124 (E:\code\java\SobBlogSystem\target\classes started by PengHaiChen in E:\code\java\SobBlogSystem)
[2020/07/25-19:57:08] [main] [INFO ] [nat.phc.blog.BlogApplication] : No active profile set, falling back to default profiles: default
[2020/07/25-19:57:12] [main] [INFO ] [nat.phc.blog.BlogApplication] : Started BlogApplication in 4.099 seconds (JVM running for 4.775)
[2020/07/25-19:57:43] [http-nio-2333-exec-1] [INFO ] [nat.phc.blog.controller.user.UserApi] : email========>1839233520@qq.com
[2020/07/25-19:57:43] [http-nio-2333-exec-1] [INFO ] [nat.phc.blog.service.impl.UserServiceImpl] : 申请发送email的ip地址为=====》0_0_0_0_0_0_0_1
[2020/07/25-19:57:43] [http-nio-2333-exec-1] [INFO ] [nat.phc.blog.service.impl.UserServiceImpl] : 当前发送次数3
[2020/07/25-19:57:43] [http-nio-2333-exec-1] [INFO ] [nat.phc.blog.service.impl.UserServiceImpl] : 申请发送email的验证码为166402
[2020/07/25-19:57:45] [phc_blog_task_worker-1] [INFO ] [nat.phc.blog.utils.EmailSender] : email send..........
[2020/07/25-19:57:53] [http-nio-2333-exec-3] [INFO ] [nat.phc.blog.controller.user.UserApi] : email========>1839233520@qq.com
[2020/07/25-19:57:53] [http-nio-2333-exec-3] [INFO ] [nat.phc.blog.service.impl.UserServiceImpl] : 申请发送email的ip地址为=====》0_0_0_0_0_0_0_1
[2020/07/25-19:57:53] [http-nio-2333-exec-3] [INFO ] [nat.phc.blog.service.impl.UserServiceImpl] : 当前发送次数4
[2020/07/25-19:58:48] [http-nio-2333-exec-4] [INFO ] [nat.phc.blog.controller.user.UserApi] : email========>1839233520@qq.com
[2020/07/25-19:58:48] [http-nio-2333-exec-4] [INFO ] [nat.phc.blog.service.impl.UserServiceImpl] : 申请发送email的ip地址为=====》0_0_0_0_0_0_0_1
[2020/07/25-19:58:48] [http-nio-2333-exec-4] [INFO ] [nat.phc.blog.service.impl.UserServiceImpl] : 当前发送次数4
[2020/07/25-19:58:48] [http-nio-2333-exec-4] [INFO ] [nat.phc.blog.service.impl.UserServiceImpl] : 申请发送email的验证码为391337
[2020/07/25-19:58:48] [phc_blog_task_worker-2] [INFO ] [nat.phc.blog.utils.EmailSender] : email send..........
[2020/07/25-19:59:30] [main] [INFO ] [nat.phc.blog.BlogApplication] : Starting BlogApplication on PENGhc with PID 7876 (E:\code\java\SobBlogSystem\target\classes started by PengHaiChen in E:\code\java\SobBlogSystem)
[2020/07/25-19:59:30] [main] [INFO ] [nat.phc.blog.BlogApplication] : No active profile set, falling back to default profiles: default
[2020/07/25-19:59:34] [main] [INFO ] [nat.phc.blog.BlogApplication] : Started BlogApplication in 4.076 seconds (JVM running for 4.772)
[2020/07/25-19:59:50] [http-nio-2333-exec-2] [INFO ] [nat.phc.blog.controller.user.UserApi] : email========>1839233520@qq.com
[2020/07/25-19:59:50] [http-nio-2333-exec-2] [INFO ] [nat.phc.blog.service.impl.UserServiceImpl] : 申请发送email的ip地址为=====》0_0_0_0_0_0_0_1
[2020/07/25-19:59:50] [http-nio-2333-exec-2] [INFO ] [nat.phc.blog.service.impl.UserServiceImpl] : 当前发送次数5
[2020/07/25-19:59:50] [http-nio-2333-exec-2] [INFO ] [nat.phc.blog.service.impl.UserServiceImpl] : 申请发送email的验证码为112371
[2020/07/25-19:59:53] [phc_blog_task_worker-1] [INFO ] [nat.phc.blog.utils.EmailSender] : email send..........
[2020/07/25-20:03:40] [main] [INFO ] [nat.phc.blog.BlogApplication] : Starting BlogApplication on PENGhc with PID 14084 (E:\code\java\SobBlogSystem\target\classes started by PengHaiChen in E:\code\java\SobBlogSystem)
[2020/07/25-20:03:40] [main] [INFO ] [nat.phc.blog.BlogApplication] : No active profile set, falling back to default profiles: default
[2020/07/25-20:03:44] [main] [INFO ] [nat.phc.blog.BlogApplication] : Started BlogApplication in 4.138 seconds (JVM running for 4.856)
[2020/07/25-20:03:48] [http-nio-2333-exec-2] [INFO ] [nat.phc.blog.controller.user.UserApi] : email========>1839233520@qq.com
[2020/07/25-20:03:48] [http-nio-2333-exec-2] [INFO ] [nat.phc.blog.service.impl.UserServiceImpl] : 申请发送email的ip地址为=====》0_0_0_0_0_0_0_1
[2020/07/25-20:03:48] [http-nio-2333-exec-2] [INFO ] [nat.phc.blog.service.impl.UserServiceImpl] : 当前发送次数6
[2020/07/25-20:03:48] [http-nio-2333-exec-2] [INFO ] [nat.phc.blog.service.impl.UserServiceImpl] : 当前剩余秒数-2
[2020/07/25-20:03:48] [http-nio-2333-exec-2] [INFO ] [nat.phc.blog.service.impl.UserServiceImpl] : 申请发送email的验证码为300873
[2020/07/25-20:03:50] [phc_blog_task_worker-1] [INFO ] [nat.phc.blog.utils.EmailSender] : email send..........
[2020/07/25-20:09:17] [main] [INFO ] [nat.phc.blog.BlogApplication] : Starting BlogApplication on PENGhc with PID 16436 (E:\code\java\SobBlogSystem\target\classes started by PengHaiChen in E:\code\java\SobBlogSystem)
[2020/07/25-20:09:17] [main] [INFO ] [nat.phc.blog.BlogApplication] : No active profile set, falling back to default profiles: default
[2020/07/25-20:09:21] [main] [INFO ] [nat.phc.blog.BlogApplication] : Started BlogApplication in 4.178 seconds (JVM running for 4.899)
[2020/07/25-20:09:31] [http-nio-2333-exec-1] [INFO ] [nat.phc.blog.controller.user.UserApi] : email========>1839233520@qq.com
[2020/07/25-20:09:31] [http-nio-2333-exec-1] [INFO ] [nat.phc.blog.service.impl.UserServiceImpl] : 申请发送email的ip地址为=====》0_0_0_0_0_0_0_1
[2020/07/25-20:09:32] [http-nio-2333-exec-1] [INFO ] [nat.phc.blog.service.impl.UserServiceImpl] : 当前发送次数7
[2020/07/25-20:09:32] [http-nio-2333-exec-1] [INFO ] [nat.phc.blog.service.impl.UserServiceImpl] : 是否存再验证码对象null
[2020/07/25-20:09:32] [http-nio-2333-exec-1] [INFO ] [nat.phc.blog.service.impl.UserServiceImpl] : 申请发送email的验证码为573690
[2020/07/25-20:09:33] [phc_blog_task_worker-1] [INFO ] [nat.phc.blog.utils.EmailSender] : email send..........
[2020/07/25-20:09:38] [http-nio-2333-exec-4] [INFO ] [nat.phc.blog.controller.user.UserApi] : email========>1839233520@qq.com
[2020/07/25-20:09:38] [http-nio-2333-exec-4] [INFO ] [nat.phc.blog.service.impl.UserServiceImpl] : 申请发送email的ip地址为=====》0_0_0_0_0_0_0_1
[2020/07/25-20:09:38] [http-nio-2333-exec-4] [INFO ] [nat.phc.blog.service.impl.UserServiceImpl] : 当前发送次数8
[2020/07/25-20:09:38] [http-nio-2333-exec-4] [INFO ] [nat.phc.blog.service.impl.UserServiceImpl] : 是否存再验证码对象none
