[2020/07/21-07:57:51] [main] [INFO ] [nat.phc.blog.BlogApplication] : Starting BlogApplication on PENGhc with PID 9376 (E:\code\java\SobBlogSystem\target\classes started by PengHaiChen in E:\code\java\SobBlogSystem)
[2020/07/21-07:57:51] [main] [INFO ] [nat.phc.blog.BlogApplication] : No active profile set, falling back to default profiles: default
[2020/07/21-07:57:53] [main] [INFO ] [nat.phc.blog.BlogApplication] : Started BlogApplication in 3.219 seconds (JVM running for 3.954)
[2020/07/21-08:46:31] [main] [INFO ] [nat.phc.blog.BlogApplication] : Starting BlogApplication on PENGhc with PID 2084 (E:\code\java\SobBlogSystem\target\classes started by PengHaiChen in E:\code\java\SobBlogSystem)
[2020/07/21-08:46:31] [main] [INFO ] [nat.phc.blog.BlogApplication] : No active profile set, falling back to default profiles: default
[2020/07/21-08:46:33] [main] [INFO ] [nat.phc.blog.BlogApplication] : Started BlogApplication in 2.491 seconds (JVM running for 3.143)
[2020/07/21-14:21:55] [main] [INFO ] [nat.phc.blog.BlogApplication] : Starting BlogApplication on PENGhc with PID 5912 (E:\code\java\SobBlogSystem\target\classes started by PengHaiChen in E:\code\java\SobBlogSystem)
[2020/07/21-14:21:55] [main] [INFO ] [nat.phc.blog.BlogApplication] : No active profile set, falling back to default profiles: default
[2020/07/21-14:21:57] [main] [INFO ] [nat.phc.blog.BlogApplication] : Starting BlogApplication on PENGhc with PID 15388 (E:\code\java\SobBlogSystem\target\classes started by PengHaiChen in E:\code\java\SobBlogSystem)
[2020/07/21-14:21:57] [main] [INFO ] [nat.phc.blog.BlogApplication] : No active profile set, falling back to default profiles: default
[2020/07/21-14:21:59] [main] [INFO ] [nat.phc.blog.BlogApplication] : Started BlogApplication in 2.989 seconds (JVM running for 3.835)
[2020/07/21-14:24:11] [main] [INFO ] [nat.phc.blog.BlogApplication] : Starting BlogApplication on PENGhc with PID 12612 (E:\code\java\SobBlogSystem\target\classes started by PengHaiChen in E:\code\java\SobBlogSystem)
[2020/07/21-14:24:11] [main] [INFO ] [nat.phc.blog.BlogApplication] : No active profile set, falling back to default profiles: default
[2020/07/21-14:24:14] [main] [INFO ] [nat.phc.blog.BlogApplication] : Started BlogApplication in 2.75 seconds (JVM running for 3.44)
[2020/07/21-14:43:14] [main] [INFO ] [nat.phc.blog.BlogApplication] : Starting BlogApplication on PENGhc with PID 10552 (E:\code\java\SobBlogSystem\target\classes started by PengHaiChen in E:\code\java\SobBlogSystem)
[2020/07/21-14:43:14] [main] [INFO ] [nat.phc.blog.BlogApplication] : No active profile set, falling back to default profiles: default
[2020/07/21-14:43:16] [main] [INFO ] [nat.phc.blog.BlogApplication] : Started BlogApplication in 2.542 seconds (JVM running for 3.223)
[2020/07/21-15:01:01] [http-nio-2333-exec-4] [INFO ] [nat.phc.blog.controller.user.UserApi] : email========>phcebst2017@123.com
[2020/07/21-15:06:16] [http-nio-2333-exec-7] [INFO ] [nat.phc.blog.controller.user.UserApi] : email========>phcebst2017@123.com
[2020/07/21-16:46:23] [main] [INFO ] [nat.phc.blog.BlogApplication] : Starting BlogApplication on PENGhc with PID 2072 (E:\code\java\SobBlogSystem\target\classes started by PengHaiChen in E:\code\java\SobBlogSystem)
[2020/07/21-16:46:23] [main] [INFO ] [nat.phc.blog.BlogApplication] : No active profile set, falling back to default profiles: default
[2020/07/21-16:46:26] [main] [INFO ] [nat.phc.blog.BlogApplication] : Started BlogApplication in 3.081 seconds (JVM running for 3.729)
[2020/07/21-16:54:57] [main] [INFO ] [nat.phc.blog.BlogApplication] : Starting BlogApplication on PENGhc with PID 13188 (E:\code\java\SobBlogSystem\target\classes started by PengHaiChen in E:\code\java\SobBlogSystem)
[2020/07/21-16:54:57] [main] [INFO ] [nat.phc.blog.BlogApplication] : No active profile set, falling back to default profiles: default
[2020/07/21-16:55:00] [main] [INFO ] [nat.phc.blog.BlogApplication] : Started BlogApplication in 3.105 seconds (JVM running for 3.763)
[2020/07/21-17:10:56] [http-nio-2333-exec-4] [INFO ] [nat.phc.blog.controller.user.UserApi] : email========>phcbets
[2020/07/21-17:11:01] [http-nio-2333-exec-8] [INFO ] [nat.phc.blog.controller.user.UserApi] : email========>phcbets
[2020/07/21-17:12:45] [main] [INFO ] [nat.phc.blog.BlogApplication] : Starting BlogApplication on PENGhc with PID 6276 (E:\code\java\SobBlogSystem\target\classes started by PengHaiChen in E:\code\java\SobBlogSystem)
[2020/07/21-17:12:45] [main] [INFO ] [nat.phc.blog.BlogApplication] : No active profile set, falling back to default profiles: default
[2020/07/21-17:12:48] [main] [INFO ] [nat.phc.blog.BlogApplication] : Started BlogApplication in 3.104 seconds (JVM running for 3.75)
[2020/07/21-17:39:31] [main] [INFO ] [nat.phc.blog.BlogApplication] : Starting BlogApplication on PENGhc with PID 9708 (E:\code\java\SobBlogSystem\target\classes started by PengHaiChen in E:\code\java\SobBlogSystem)
[2020/07/21-17:39:31] [main] [INFO ] [nat.phc.blog.BlogApplication] : No active profile set, falling back to default profiles: default
[2020/07/21-17:39:35] [main] [INFO ] [nat.phc.blog.BlogApplication] : Started BlogApplication in 3.466 seconds (JVM running for 4.146)
[2020/07/21-19:47:11] [main] [INFO ] [nat.phc.blog.BlogApplication] : Starting BlogApplication on PENGhc with PID 12224 (E:\code\java\SobBlogSystem\target\classes started by PengHaiChen in E:\code\java\SobBlogSystem)
[2020/07/21-19:47:11] [main] [INFO ] [nat.phc.blog.BlogApplication] : No active profile set, falling back to default profiles: default
[2020/07/21-19:48:38] [main] [INFO ] [nat.phc.blog.BlogApplication] : Starting BlogApplication on PENGhc with PID 14324 (E:\code\java\SobBlogSystem\target\classes started by PengHaiChen in E:\code\java\SobBlogSystem)
[2020/07/21-19:48:38] [main] [INFO ] [nat.phc.blog.BlogApplication] : No active profile set, falling back to default profiles: default
[2020/07/21-19:57:32] [main] [INFO ] [nat.phc.blog.BlogApplication] : Starting BlogApplication on PENGhc with PID 1620 (E:\code\java\SobBlogSystem\target\classes started by PengHaiChen in E:\code\java\SobBlogSystem)
[2020/07/21-19:57:32] [main] [INFO ] [nat.phc.blog.BlogApplication] : No active profile set, falling back to default profiles: default
[2020/07/21-19:59:58] [main] [INFO ] [nat.phc.blog.BlogApplication] : Starting BlogApplication on PENGhc with PID 2400 (E:\code\java\SobBlogSystem\target\classes started by PengHaiChen in E:\code\java\SobBlogSystem)
[2020/07/21-19:59:58] [main] [INFO ] [nat.phc.blog.BlogApplication] : No active profile set, falling back to default profiles: default
[2020/07/21-20:00:01] [main] [INFO ] [nat.phc.blog.BlogApplication] : Started BlogApplication in 3.126 seconds (JVM running for 3.795)
[2020/07/21-21:42:49] [main] [INFO ] [nat.phc.blog.BlogApplication] : Starting BlogApplication on PENGhc with PID 2652 (E:\code\java\SobBlogSystem\target\classes started by PengHaiChen in E:\code\java\SobBlogSystem)
[2020/07/21-21:42:49] [main] [INFO ] [nat.phc.blog.BlogApplication] : No active profile set, falling back to default profiles: default
[2020/07/21-21:42:52] [main] [INFO ] [nat.phc.blog.BlogApplication] : Started BlogApplication in 3.476 seconds (JVM running for 4.26)
