[2020/07/31-09:30:54] [main] [INFO ] [nat.phc.blog.BlogApplication] : Starting BlogApplication on PENGhc with PID 20928 (E:\code\java\SobBlogSystem\target\classes started by PengHaiChen in E:\code\java\SobBlogSystem)
[2020/07/31-09:30:54] [main] [INFO ] [nat.phc.blog.BlogApplication] : No active profile set, falling back to default profiles: default
[2020/07/31-09:57:44] [main] [INFO ] [nat.phc.blog.BlogApplication] : Starting BlogApplication on PENGhc with PID 4136 (E:\code\java\SobBlogSystem\target\classes started by PengHaiChen in E:\code\java\SobBlogSystem)
[2020/07/31-09:57:44] [main] [INFO ] [nat.phc.blog.BlogApplication] : No active profile set, falling back to default profiles: default
[2020/07/31-09:58:49] [main] [INFO ] [nat.phc.blog.BlogApplication] : Starting BlogApplication on PENGhc with PID 9716 (E:\code\java\SobBlogSystem\target\classes started by PengHaiChen in E:\code\java\SobBlogSystem)
[2020/07/31-09:58:49] [main] [INFO ] [nat.phc.blog.BlogApplication] : No active profile set, falling back to default profiles: default
[2020/07/31-09:58:54] [main] [INFO ] [nat.phc.blog.BlogApplication] : Started BlogApplication in 5.188 seconds (JVM running for 6.119)
[2020/07/31-17:24:59] [main] [INFO ] [nat.phc.blog.BlogApplication] : Starting BlogApplication on PENGhc with PID 9464 (E:\code\java\SobBlogSystem\target\classes started by PengHaiChen in E:\code\java\SobBlogSystem)
[2020/07/31-17:24:59] [main] [INFO ] [nat.phc.blog.BlogApplication] : No active profile set, falling back to default profiles: default
[2020/07/31-17:25:04] [main] [INFO ] [nat.phc.blog.BlogApplication] : Started BlogApplication in 5.281 seconds (JVM running for 6.166)
[2020/07/31-17:39:42] [http-nio-2333-exec-10] [INFO ] [nat.phc.blog.controller.TestController] : 评论内容===》2020-07-30 15:34:39 
[2020/07/31-17:53:29] [main] [INFO ] [nat.phc.blog.BlogApplication] : Starting BlogApplication on PENGhc with PID 11860 (E:\code\java\SobBlogSystem\target\classes started by PengHaiChen in E:\code\java\SobBlogSystem)
[2020/07/31-17:53:29] [main] [INFO ] [nat.phc.blog.BlogApplication] : No active profile set, falling back to default profiles: default
[2020/07/31-17:53:34] [main] [INFO ] [nat.phc.blog.BlogApplication] : Started BlogApplication in 4.629 seconds (JVM running for 5.4)
[2020/07/31-17:53:54] [http-nio-2333-exec-9] [INFO ] [nat.phc.blog.utils.RedisUtils] : 似乎因为有老账号的原因没有删除成功
[2020/07/31-17:54:04] [http-nio-2333-exec-10] [INFO ] [nat.phc.blog.controller.TestController] : 评论内容===》2020-07-30 15:34:39 
[2020/07/31-17:54:11] [http-nio-2333-exec-1] [INFO ] [nat.phc.blog.controller.TestController] : 评论内容===》2020-07-31 17:54:08  
[2020/07/31-17:54:27] [http-nio-2333-exec-3] [INFO ] [nat.phc.blog.controller.TestController] : 评论内容===》阿西吧
[2020/07/31-17:54:39] [http-nio-2333-exec-4] [INFO ] [nat.phc.blog.controller.TestController] : 评论内容===》罪恶的三角贸易
[2020/07/31-17:54:48] [http-nio-2333-exec-5] [INFO ] [nat.phc.blog.controller.TestController] : 评论内容===》想打手冲啊啊啊啊啊啊啊啊
[2020/07/31-17:55:50] [http-nio-2333-exec-8] [INFO ] [nat.phc.blog.controller.TestController] : 评论内容===》想打手冲啊啊啊啊啊啊啊啊
[2020/07/31-17:57:40] [main] [INFO ] [nat.phc.blog.BlogApplication] : Starting BlogApplication on PENGhc with PID 3804 (E:\code\java\SobBlogSystem\target\classes started by PengHaiChen in E:\code\java\SobBlogSystem)
[2020/07/31-17:57:40] [main] [INFO ] [nat.phc.blog.BlogApplication] : No active profile set, falling back to default profiles: default
[2020/07/31-17:57:44] [main] [INFO ] [nat.phc.blog.BlogApplication] : Started BlogApplication in 4.599 seconds (JVM running for 5.399)
[2020/07/31-18:02:29] [main] [INFO ] [nat.phc.blog.BlogApplication] : Starting BlogApplication on PENGhc with PID 15868 (E:\code\java\SobBlogSystem\target\classes started by PengHaiChen in E:\code\java\SobBlogSystem)
[2020/07/31-18:02:29] [main] [INFO ] [nat.phc.blog.BlogApplication] : No active profile set, falling back to default profiles: default
[2020/07/31-18:02:33] [main] [INFO ] [nat.phc.blog.BlogApplication] : Started BlogApplication in 4.638 seconds (JVM running for 5.405)
[2020/07/31-18:03:21] [http-nio-2333-exec-7] [INFO ] [nat.phc.blog.utils.RedisUtils] : 似乎因为有老账号的原因没有删除成功
[2020/07/31-18:04:00] [http-nio-2333-exec-5] [INFO ] [nat.phc.blog.controller.TestController] : 评论内容===》想打手冲啊啊啊啊啊啊啊啊
[2020/07/31-18:06:59] [http-nio-2333-exec-10] [INFO ] [nat.phc.blog.controller.TestController] : 评论内容===》想打手冲啊啊啊啊啊啊啊啊
[2020/07/31-18:06:59] [http-nio-2333-exec-4] [INFO ] [nat.phc.blog.controller.TestController] : 评论内容===》想打手冲啊啊啊啊啊啊啊啊
[2020/07/31-18:06:59] [http-nio-2333-exec-1] [INFO ] [nat.phc.blog.controller.TestController] : 评论内容===》想打手冲啊啊啊啊啊啊啊啊
[2020/07/31-18:07:00] [http-nio-2333-exec-3] [INFO ] [nat.phc.blog.controller.TestController] : 评论内容===》想打手冲啊啊啊啊啊啊啊啊
[2020/07/31-18:07:05] [http-nio-2333-exec-2] [INFO ] [nat.phc.blog.controller.TestController] : 评论内容===》想打手冲啊啊啊啊啊啊啊啊
[2020/07/31-18:07:05] [http-nio-2333-exec-7] [INFO ] [nat.phc.blog.controller.TestController] : 评论内容===》想打手冲啊啊啊啊啊啊啊啊
[2020/07/31-18:07:06] [http-nio-2333-exec-6] [INFO ] [nat.phc.blog.controller.TestController] : 评论内容===》想打手冲啊啊啊啊啊啊啊啊
[2020/07/31-18:07:09] [http-nio-2333-exec-5] [INFO ] [nat.phc.blog.controller.TestController] : 评论内容===》想打手冲啊啊啊啊啊啊啊啊
[2020/07/31-18:07:10] [http-nio-2333-exec-8] [INFO ] [nat.phc.blog.controller.TestController] : 评论内容===》想打手冲啊啊啊啊啊啊啊啊
[2020/07/31-18:07:10] [http-nio-2333-exec-9] [INFO ] [nat.phc.blog.controller.TestController] : 评论内容===》想打手冲啊啊啊啊啊啊啊啊
[2020/07/31-18:07:11] [http-nio-2333-exec-10] [INFO ] [nat.phc.blog.controller.TestController] : 评论内容===》想打手冲啊啊啊啊啊啊啊啊
[2020/07/31-18:07:11] [http-nio-2333-exec-4] [INFO ] [nat.phc.blog.controller.TestController] : 评论内容===》想打手冲啊啊啊啊啊啊啊啊
[2020/07/31-18:07:12] [http-nio-2333-exec-1] [INFO ] [nat.phc.blog.controller.TestController] : 评论内容===》想打手冲啊啊啊啊啊啊啊啊
[2020/07/31-18:07:12] [http-nio-2333-exec-3] [INFO ] [nat.phc.blog.controller.TestController] : 评论内容===》想打手冲啊啊啊啊啊啊啊啊
[2020/07/31-18:07:13] [http-nio-2333-exec-2] [INFO ] [nat.phc.blog.controller.TestController] : 评论内容===》想打手冲啊啊啊啊啊啊啊啊
[2020/07/31-18:10:55] [http-nio-2333-exec-5] [INFO ] [nat.phc.blog.controller.TestController] : 评论内容===》想打手冲啊啊啊啊啊啊啊啊
[2020/07/31-18:10:55] [http-nio-2333-exec-8] [INFO ] [nat.phc.blog.controller.TestController] : 评论内容===》想打手冲啊啊啊啊啊啊啊啊
[2020/07/31-18:10:56] [http-nio-2333-exec-9] [INFO ] [nat.phc.blog.controller.TestController] : 评论内容===》想打手冲啊啊啊啊啊啊啊啊
[2020/07/31-18:10:57] [http-nio-2333-exec-10] [INFO ] [nat.phc.blog.controller.TestController] : 评论内容===》想打手冲啊啊啊啊啊啊啊啊
[2020/07/31-18:10:57] [http-nio-2333-exec-4] [INFO ] [nat.phc.blog.controller.TestController] : 评论内容===》想打手冲啊啊啊啊啊啊啊啊
[2020/07/31-18:10:58] [http-nio-2333-exec-1] [INFO ] [nat.phc.blog.controller.TestController] : 评论内容===》想打手冲啊啊啊啊啊啊啊啊
[2020/07/31-18:10:58] [http-nio-2333-exec-3] [INFO ] [nat.phc.blog.controller.TestController] : 评论内容===》想打手冲啊啊啊啊啊啊啊啊
[2020/07/31-18:11:25] [http-nio-2333-exec-2] [INFO ] [nat.phc.blog.controller.TestController] : 评论内容===》想打手冲啊啊啊啊啊啊啊啊
[2020/07/31-18:11:25] [http-nio-2333-exec-7] [INFO ] [nat.phc.blog.controller.TestController] : 评论内容===》想打手冲啊啊啊啊啊啊啊啊
[2020/07/31-18:11:26] [http-nio-2333-exec-6] [INFO ] [nat.phc.blog.controller.TestController] : 评论内容===》想打手冲啊啊啊啊啊啊啊啊
[2020/07/31-18:11:32] [http-nio-2333-exec-5] [INFO ] [nat.phc.blog.controller.TestController] : 评论内容===》想打手冲啊啊啊啊啊啊啊啊
[2020/07/31-18:11:32] [http-nio-2333-exec-8] [INFO ] [nat.phc.blog.controller.TestController] : 评论内容===》想打手冲啊啊啊啊啊啊啊啊
[2020/07/31-18:11:33] [http-nio-2333-exec-9] [INFO ] [nat.phc.blog.controller.TestController] : 评论内容===》想打手冲啊啊啊啊啊啊啊啊
[2020/07/31-18:13:07] [main] [INFO ] [nat.phc.blog.BlogApplication] : Starting BlogApplication on PENGhc with PID 8912 (E:\code\java\SobBlogSystem\target\classes started by PengHaiChen in E:\code\java\SobBlogSystem)
[2020/07/31-18:13:07] [main] [INFO ] [nat.phc.blog.BlogApplication] : No active profile set, falling back to default profiles: default
[2020/07/31-18:13:11] [main] [INFO ] [nat.phc.blog.BlogApplication] : Started BlogApplication in 4.794 seconds (JVM running for 5.517)
[2020/07/31-18:13:23] [http-nio-2333-exec-2] [INFO ] [nat.phc.blog.controller.TestController] : 评论内容===》想打手冲啊啊啊啊啊啊啊啊
[2020/07/31-18:13:29] [http-nio-2333-exec-4] [INFO ] [nat.phc.blog.controller.TestController] : 评论内容===》想打手冲啊啊啊啊啊啊啊啊
[2020/07/31-18:13:30] [http-nio-2333-exec-3] [INFO ] [nat.phc.blog.controller.TestController] : 评论内容===》想打手冲啊啊啊啊啊啊啊啊
[2020/07/31-18:13:36] [http-nio-2333-exec-7] [INFO ] [nat.phc.blog.controller.TestController] : 评论内容===》想打手冲啊啊啊啊啊啊啊啊
[2020/07/31-18:13:37] [http-nio-2333-exec-6] [INFO ] [nat.phc.blog.controller.TestController] : 评论内容===》想打手冲啊啊啊啊啊啊啊啊
[2020/07/31-18:13:37] [http-nio-2333-exec-9] [INFO ] [nat.phc.blog.controller.TestController] : 评论内容===》想打手冲啊啊啊啊啊啊啊啊
[2020/07/31-18:13:38] [http-nio-2333-exec-8] [INFO ] [nat.phc.blog.controller.TestController] : 评论内容===》想打手冲啊啊啊啊啊啊啊啊
[2020/07/31-18:13:41] [http-nio-2333-exec-10] [INFO ] [nat.phc.blog.controller.TestController] : 评论内容===》想打手冲啊啊啊啊啊啊啊啊
[2020/07/31-18:13:42] [http-nio-2333-exec-5] [INFO ] [nat.phc.blog.controller.TestController] : 评论内容===》想打手冲啊啊啊啊啊啊啊啊
[2020/07/31-18:16:20] [http-nio-2333-exec-4] [INFO ] [nat.phc.blog.controller.TestController] : 评论内容===》想打手冲啊啊啊啊啊啊啊啊
[2020/07/31-18:16:20] [http-nio-2333-exec-3] [INFO ] [nat.phc.blog.controller.TestController] : 评论内容===》想打手冲啊啊啊啊啊啊啊啊
[2020/07/31-18:16:22] [http-nio-2333-exec-7] [INFO ] [nat.phc.blog.controller.TestController] : 评论内容===》想打手冲啊啊啊啊啊啊啊啊
[2020/07/31-18:16:23] [http-nio-2333-exec-6] [INFO ] [nat.phc.blog.controller.TestController] : 评论内容===》想打手冲啊啊啊啊啊啊啊啊
[2020/07/31-18:16:23] [http-nio-2333-exec-9] [INFO ] [nat.phc.blog.controller.TestController] : 评论内容===》想打手冲啊啊啊啊啊啊啊啊
[2020/07/31-18:16:24] [http-nio-2333-exec-8] [INFO ] [nat.phc.blog.controller.TestController] : 评论内容===》想打手冲啊啊啊啊啊啊啊啊
[2020/07/31-18:16:24] [http-nio-2333-exec-10] [INFO ] [nat.phc.blog.controller.TestController] : 评论内容===》想打手冲啊啊啊啊啊啊啊啊
[2020/07/31-18:16:25] [http-nio-2333-exec-5] [INFO ] [nat.phc.blog.controller.TestController] : 评论内容===》想打手冲啊啊啊啊啊啊啊啊
[2020/07/31-18:16:25] [http-nio-2333-exec-1] [INFO ] [nat.phc.blog.controller.TestController] : 评论内容===》想打手冲啊啊啊啊啊啊啊啊
[2020/07/31-18:16:26] [http-nio-2333-exec-2] [INFO ] [nat.phc.blog.controller.TestController] : 评论内容===》想打手冲啊啊啊啊啊啊啊啊
[2020/07/31-18:16:31] [http-nio-2333-exec-4] [INFO ] [nat.phc.blog.controller.TestController] : 评论内容===》想打手冲啊啊啊啊啊啊啊啊
[2020/07/31-18:16:32] [http-nio-2333-exec-3] [INFO ] [nat.phc.blog.controller.TestController] : 评论内容===》想打手冲啊啊啊啊啊啊啊啊
[2020/07/31-18:16:34] [http-nio-2333-exec-7] [INFO ] [nat.phc.blog.controller.TestController] : 评论内容===》想打手冲啊啊啊啊啊啊啊啊
[2020/07/31-18:16:35] [http-nio-2333-exec-6] [INFO ] [nat.phc.blog.controller.TestController] : 评论内容===》想打手冲啊啊啊啊啊啊啊啊
[2020/07/31-18:16:40] [http-nio-2333-exec-9] [INFO ] [nat.phc.blog.controller.TestController] : 评论内容===》想打手冲啊啊啊啊啊啊啊啊
[2020/07/31-18:16:44] [http-nio-2333-exec-8] [INFO ] [nat.phc.blog.controller.TestController] : 评论内容===》想打手冲啊啊啊啊啊啊啊啊
[2020/07/31-18:24:47] [http-nio-2333-exec-1] [INFO ] [nat.phc.blog.controller.TestController] : 评论内容===》想打手冲啊啊啊啊啊啊啊啊
[2020/07/31-18:24:48] [http-nio-2333-exec-2] [INFO ] [nat.phc.blog.controller.TestController] : 评论内容===》想打手冲啊啊啊啊啊啊啊啊
[2020/07/31-18:24:48] [http-nio-2333-exec-4] [INFO ] [nat.phc.blog.controller.TestController] : 评论内容===》想打手冲啊啊啊啊啊啊啊啊
[2020/07/31-18:24:49] [http-nio-2333-exec-3] [INFO ] [nat.phc.blog.controller.TestController] : 评论内容===》想打手冲啊啊啊啊啊啊啊啊
[2020/07/31-18:24:50] [http-nio-2333-exec-7] [INFO ] [nat.phc.blog.controller.TestController] : 评论内容===》想打手冲啊啊啊啊啊啊啊啊
[2020/07/31-18:24:50] [http-nio-2333-exec-6] [INFO ] [nat.phc.blog.controller.TestController] : 评论内容===》想打手冲啊啊啊啊啊啊啊啊
[2020/07/31-18:32:41] [main] [INFO ] [nat.phc.blog.BlogApplication] : Starting BlogApplication on PENGhc with PID 13276 (E:\code\java\SobBlogSystem\target\classes started by PengHaiChen in E:\code\java\SobBlogSystem)
[2020/07/31-18:32:41] [main] [INFO ] [nat.phc.blog.BlogApplication] : No active profile set, falling back to default profiles: default
[2020/07/31-18:32:45] [main] [INFO ] [nat.phc.blog.BlogApplication] : Started BlogApplication in 4.658 seconds (JVM running for 5.435)
[2020/07/31-18:32:47] [http-nio-2333-exec-2] [INFO ] [nat.phc.blog.controller.TestController] : 评论内容===》想打手冲啊啊啊啊啊啊啊啊
[2020/07/31-18:32:47] [http-nio-2333-exec-2] [INFO ] [nat.phc.blog.service.impl.UserServiceImpl] : 拿到的tokenKey为====70efd9776c6fe9e5224d91074ac338d8
[2020/07/31-18:32:55] [http-nio-2333-exec-5] [INFO ] [nat.phc.blog.controller.TestController] : 评论内容===》啊啊啊啊啊啊啊啊
[2020/07/31-18:32:55] [http-nio-2333-exec-5] [INFO ] [nat.phc.blog.service.impl.UserServiceImpl] : 拿到的tokenKey为====02218413dbecb7bc9bf2e733d12d8091
[2020/07/31-18:34:17] [main] [INFO ] [nat.phc.blog.BlogApplication] : Starting BlogApplication on PENGhc with PID 21408 (E:\code\java\SobBlogSystem\target\classes started by PengHaiChen in E:\code\java\SobBlogSystem)
[2020/07/31-18:34:17] [main] [INFO ] [nat.phc.blog.BlogApplication] : No active profile set, falling back to default profiles: default
[2020/07/31-18:34:22] [main] [INFO ] [nat.phc.blog.BlogApplication] : Started BlogApplication in 4.478 seconds (JVM running for 5.17)
[2020/07/31-18:34:25] [http-nio-2333-exec-2] [INFO ] [nat.phc.blog.controller.TestController] : 评论内容===》啊啊啊啊啊啊啊啊
[2020/07/31-18:34:25] [http-nio-2333-exec-2] [INFO ] [nat.phc.blog.service.impl.UserServiceImpl] : 拿到的tokenKey为====03aefa9c8dcdbe8fdfccc65657fa42d6
[2020/07/31-18:42:24] [main] [INFO ] [nat.phc.blog.BlogApplication] : Starting BlogApplication on PENGhc with PID 21048 (E:\code\java\SobBlogSystem\target\classes started by PengHaiChen in E:\code\java\SobBlogSystem)
[2020/07/31-18:42:24] [main] [INFO ] [nat.phc.blog.BlogApplication] : No active profile set, falling back to default profiles: default
[2020/07/31-18:42:29] [main] [INFO ] [nat.phc.blog.BlogApplication] : Started BlogApplication in 5.309 seconds (JVM running for 6.078)
[2020/07/31-18:42:50] [http-nio-2333-exec-2] [INFO ] [nat.phc.blog.controller.TestController] : 评论内容===》啊啊啊啊啊啊啊啊
[2020/07/31-18:42:50] [http-nio-2333-exec-2] [INFO ] [nat.phc.blog.service.impl.UserServiceImpl] : 拿到的tokenKey为====03aefa9c8dcdbe8fdfccc65657fa42d6
[2020/07/31-20:10:50] [main] [INFO ] [nat.phc.blog.BlogApplication] : Starting BlogApplication on PENGhc with PID 9640 (E:\code\java\SobBlogSystem\target\classes started by PengHaiChen in E:\code\java\SobBlogSystem)
[2020/07/31-20:10:50] [main] [INFO ] [nat.phc.blog.BlogApplication] : No active profile set, falling back to default profiles: default
[2020/07/31-20:10:54] [main] [INFO ] [nat.phc.blog.BlogApplication] : Started BlogApplication in 4.479 seconds (JVM running for 5.23)
[2020/07/31-20:11:01] [http-nio-2333-exec-1] [INFO ] [nat.phc.blog.controller.TestController] : 评论内容===》啊啊啊啊啊啊啊啊
[2020/07/31-20:11:01] [http-nio-2333-exec-1] [INFO ] [nat.phc.blog.service.impl.UserServiceImpl] : 拿到的tokenKey为====03aefa9c8dcdbe8fdfccc65657fa42d6
[2020/07/31-20:11:05] [http-nio-2333-exec-3] [INFO ] [nat.phc.blog.controller.TestController] : 评论内容===》啊啊啊啊啊啊啊啊
[2020/07/31-20:11:05] [http-nio-2333-exec-3] [INFO ] [nat.phc.blog.service.impl.UserServiceImpl] : 拿到的tokenKey为====25eee04aafdff18a45f387b6295ad747
[2020/07/31-20:11:07] [http-nio-2333-exec-4] [INFO ] [nat.phc.blog.controller.TestController] : 评论内容===》啊啊啊啊啊啊啊啊
[2020/07/31-20:11:07] [http-nio-2333-exec-4] [INFO ] [nat.phc.blog.service.impl.UserServiceImpl] : 拿到的tokenKey为====25eee04aafdff18a45f387b6295ad747
[2020/07/31-20:11:42] [http-nio-2333-exec-5] [INFO ] [nat.phc.blog.controller.TestController] : 评论内容===》啊啊啊啊啊啊啊啊
[2020/07/31-20:11:42] [http-nio-2333-exec-5] [INFO ] [nat.phc.blog.service.impl.UserServiceImpl] : 拿到的tokenKey为====25eee04aafdff18a45f387b6295ad747
[2020/07/31-20:12:19] [http-nio-2333-exec-6] [INFO ] [nat.phc.blog.controller.TestController] : 评论内容===》啊啊啊啊啊啊啊啊
[2020/07/31-20:12:19] [http-nio-2333-exec-6] [INFO ] [nat.phc.blog.service.impl.UserServiceImpl] : 拿到的tokenKey为====f8cf08598aee4e02f9c312989f1c4d80
[2020/07/31-20:12:21] [http-nio-2333-exec-7] [INFO ] [nat.phc.blog.controller.TestController] : 评论内容===》啊啊啊啊啊啊啊啊
[2020/07/31-20:12:21] [http-nio-2333-exec-7] [INFO ] [nat.phc.blog.service.impl.UserServiceImpl] : 拿到的tokenKey为====253599a93e1bebf577b33f4419e0b8bb
[2020/07/31-20:12:22] [http-nio-2333-exec-8] [INFO ] [nat.phc.blog.controller.TestController] : 评论内容===》啊啊啊啊啊啊啊啊
[2020/07/31-20:12:22] [http-nio-2333-exec-8] [INFO ] [nat.phc.blog.service.impl.UserServiceImpl] : 拿到的tokenKey为====253599a93e1bebf577b33f4419e0b8bb
[2020/07/31-20:12:33] [http-nio-2333-exec-9] [INFO ] [nat.phc.blog.controller.TestController] : 评论内容===》啊啊啊啊啊啊啊啊
[2020/07/31-20:12:33] [http-nio-2333-exec-9] [INFO ] [nat.phc.blog.service.impl.UserServiceImpl] : 拿到的tokenKey为====253599a93e1bebf577b33f4419e0b8bb
[2020/07/31-20:12:33] [http-nio-2333-exec-10] [INFO ] [nat.phc.blog.controller.TestController] : 评论内容===》啊啊啊啊啊啊啊啊
[2020/07/31-20:12:33] [http-nio-2333-exec-10] [INFO ] [nat.phc.blog.service.impl.UserServiceImpl] : 拿到的tokenKey为====0565a0f4a8dc11bb7a020fee69ddb300
[2020/07/31-20:12:34] [http-nio-2333-exec-2] [INFO ] [nat.phc.blog.controller.TestController] : 评论内容===》啊啊啊啊啊啊啊啊
[2020/07/31-20:12:34] [http-nio-2333-exec-2] [INFO ] [nat.phc.blog.service.impl.UserServiceImpl] : 拿到的tokenKey为====0565a0f4a8dc11bb7a020fee69ddb300
[2020/07/31-20:12:35] [http-nio-2333-exec-1] [INFO ] [nat.phc.blog.controller.TestController] : 评论内容===》啊啊啊啊啊啊啊啊
[2020/07/31-20:12:35] [http-nio-2333-exec-1] [INFO ] [nat.phc.blog.service.impl.UserServiceImpl] : 拿到的tokenKey为====0565a0f4a8dc11bb7a020fee69ddb300
[2020/07/31-20:12:57] [http-nio-2333-exec-3] [INFO ] [nat.phc.blog.controller.TestController] : 评论内容===》啊啊啊啊啊啊啊啊
[2020/07/31-20:12:57] [http-nio-2333-exec-3] [INFO ] [nat.phc.blog.service.impl.UserServiceImpl] : 拿到的tokenKey为====0565a0f4a8dc11bb7a020fee69ddb300
[2020/07/31-20:12:57] [http-nio-2333-exec-4] [INFO ] [nat.phc.blog.controller.TestController] : 评论内容===》啊啊啊啊啊啊啊啊
[2020/07/31-20:12:57] [http-nio-2333-exec-4] [INFO ] [nat.phc.blog.service.impl.UserServiceImpl] : 拿到的tokenKey为====6328179b8725552d7dadfc4814c11a49
[2020/07/31-20:12:58] [http-nio-2333-exec-5] [INFO ] [nat.phc.blog.controller.TestController] : 评论内容===》啊啊啊啊啊啊啊啊
[2020/07/31-20:12:58] [http-nio-2333-exec-5] [INFO ] [nat.phc.blog.service.impl.UserServiceImpl] : 拿到的tokenKey为====6328179b8725552d7dadfc4814c11a49
[2020/07/31-20:13:22] [http-nio-2333-exec-6] [INFO ] [nat.phc.blog.controller.TestController] : 评论内容===》啊啊啊啊啊啊啊啊
[2020/07/31-20:13:22] [http-nio-2333-exec-6] [INFO ] [nat.phc.blog.service.impl.UserServiceImpl] : 拿到的tokenKey为====6328179b8725552d7dadfc4814c11a49
[2020/07/31-20:21:15] [http-nio-2333-exec-9] [INFO ] [nat.phc.blog.controller.TestController] : 评论内容===》啊啊啊啊啊啊啊啊
[2020/07/31-20:21:15] [http-nio-2333-exec-9] [INFO ] [nat.phc.blog.service.impl.UserServiceImpl] : 拿到的tokenKey为====05f690220ebecb262c9d4c5abe770363
[2020/07/31-20:57:23] [main] [INFO ] [nat.phc.blog.BlogApplication] : Starting BlogApplication on PENGhc with PID 17044 (E:\code\java\SobBlogSystem\target\classes started by PengHaiChen in E:\code\java\SobBlogSystem)
[2020/07/31-20:57:23] [main] [INFO ] [nat.phc.blog.BlogApplication] : No active profile set, falling back to default profiles: default
[2020/07/31-20:57:27] [main] [INFO ] [nat.phc.blog.BlogApplication] : Started BlogApplication in 4.592 seconds (JVM running for 5.346)
[2020/07/31-20:57:32] [http-nio-2333-exec-2] [INFO ] [nat.phc.blog.controller.TestController] : 评论内容===》啊啊啊啊啊啊啊啊
[2020/07/31-20:57:32] [http-nio-2333-exec-2] [INFO ] [nat.phc.blog.service.impl.UserServiceImpl] : 拿到的tokenKey为====fdeda968736889542707a22a53588959
[2020/07/31-20:57:48] [http-nio-2333-exec-3] [INFO ] [nat.phc.blog.controller.TestController] : 评论内容===》啊啊啊啊啊啊啊啊
[2020/07/31-20:57:48] [http-nio-2333-exec-3] [INFO ] [nat.phc.blog.service.impl.UserServiceImpl] : 拿到的tokenKey为====2649e6f13bd8557ecd65b46569f9b092
[2020/07/31-20:59:22] [http-nio-2333-exec-6] [INFO ] [nat.phc.blog.controller.TestController] : 评论内容===》啊啊啊啊啊啊啊啊
[2020/07/31-20:59:22] [http-nio-2333-exec-6] [INFO ] [nat.phc.blog.service.impl.UserServiceImpl] : 拿到的tokenKey为====2649e6f13bd8557ecd65b46569f9b092
[2020/07/31-21:14:57] [http-nio-2333-exec-9] [INFO ] [nat.phc.blog.controller.TestController] : 评论内容===》啊啊啊啊啊啊啊啊
[2020/07/31-21:14:57] [http-nio-2333-exec-9] [INFO ] [nat.phc.blog.service.impl.UserServiceImpl] : 拿到的tokenKey为====2649e6f13bd8557ecd65b46569f9b092
[2020/07/31-21:14:59] [http-nio-2333-exec-10] [INFO ] [nat.phc.blog.controller.TestController] : 评论内容===》啊啊啊啊啊啊啊啊
[2020/07/31-21:14:59] [http-nio-2333-exec-10] [INFO ] [nat.phc.blog.service.impl.UserServiceImpl] : 拿到的tokenKey为====2649e6f13bd8557ecd65b46569f9b092
[2020/07/31-22:05:26] [http-nio-2333-exec-3] [INFO ] [nat.phc.blog.controller.TestController] : 评论内容===》啊啊啊啊啊啊啊啊
[2020/07/31-22:05:26] [http-nio-2333-exec-3] [INFO ] [nat.phc.blog.service.impl.UserServiceImpl] : 拿到的tokenKey为====2649e6f13bd8557ecd65b46569f9b092
[2020/07/31-22:06:01] [main] [INFO ] [nat.phc.blog.BlogApplication] : Starting BlogApplication on PENGhc with PID 20128 (E:\code\java\SobBlogSystem\target\classes started by PengHaiChen in E:\code\java\SobBlogSystem)
[2020/07/31-22:06:01] [main] [INFO ] [nat.phc.blog.BlogApplication] : No active profile set, falling back to default profiles: default
[2020/07/31-22:06:05] [main] [INFO ] [nat.phc.blog.BlogApplication] : Started BlogApplication in 4.464 seconds (JVM running for 5.213)
[2020/07/31-22:15:04] [main] [INFO ] [nat.phc.blog.BlogApplication] : Starting BlogApplication on PENGhc with PID 23084 (E:\code\java\SobBlogSystem\target\classes started by PengHaiChen in E:\code\java\SobBlogSystem)
[2020/07/31-22:15:04] [main] [INFO ] [nat.phc.blog.BlogApplication] : No active profile set, falling back to default profiles: default
[2020/07/31-22:15:08] [main] [INFO ] [nat.phc.blog.BlogApplication] : Started BlogApplication in 4.651 seconds (JVM running for 5.401)
[2020/07/31-22:15:41] [http-nio-2333-exec-1] [INFO ] [nat.phc.blog.utils.JwtUtils] : token有效期时间为====》Sat Aug 01 00:15:41 CST 2020
[2020/07/31-22:16:50] [main] [INFO ] [nat.phc.blog.BlogApplication] : Starting BlogApplication on PENGhc with PID 18944 (E:\code\java\SobBlogSystem\target\classes started by PengHaiChen in E:\code\java\SobBlogSystem)
[2020/07/31-22:16:50] [main] [INFO ] [nat.phc.blog.BlogApplication] : No active profile set, falling back to default profiles: default
[2020/07/31-22:16:54] [main] [INFO ] [nat.phc.blog.BlogApplication] : Started BlogApplication in 4.525 seconds (JVM running for 5.268)
[2020/07/31-22:29:45] [main] [INFO ] [nat.phc.blog.BlogApplication] : Starting BlogApplication on PENGhc with PID 11600 (E:\code\java\SobBlogSystem\target\classes started by PengHaiChen in E:\code\java\SobBlogSystem)
[2020/07/31-22:29:45] [main] [INFO ] [nat.phc.blog.BlogApplication] : No active profile set, falling back to default profiles: default
[2020/07/31-22:29:49] [main] [INFO ] [nat.phc.blog.BlogApplication] : Started BlogApplication in 4.778 seconds (JVM running for 5.501)
[2020/07/31-22:32:39] [http-nio-2333-exec-4] [INFO ] [nat.phc.blog.utils.RedisUtils] : 出现删除错误，可能是没有元素能删或没删掉
[2020/07/31-22:32:39] [http-nio-2333-exec-4] [INFO ] [nat.phc.blog.utils.JwtUtils] : token有效期时间为====》Sat Aug 01 00:32:39 CST 2020
[2020/07/31-22:32:43] [http-nio-2333-exec-5] [INFO ] [nat.phc.blog.controller.TestController] : 评论内容===》啊啊啊啊啊啊啊啊
[2020/07/31-22:32:43] [http-nio-2333-exec-5] [INFO ] [nat.phc.blog.service.impl.UserServiceImpl] : 拿到的tokenKey为====3a58e93b163b0d2653e0dffd6fa201b8
[2020/07/31-22:32:44] [http-nio-2333-exec-6] [INFO ] [nat.phc.blog.controller.TestController] : 评论内容===》啊啊啊啊啊啊啊啊
[2020/07/31-22:32:44] [http-nio-2333-exec-6] [INFO ] [nat.phc.blog.service.impl.UserServiceImpl] : 拿到的tokenKey为====3a58e93b163b0d2653e0dffd6fa201b8
[2020/07/31-22:39:57] [main] [INFO ] [nat.phc.blog.BlogApplication] : Starting BlogApplication on PENGhc with PID 24156 (E:\code\java\SobBlogSystem\target\classes started by PengHaiChen in E:\code\java\SobBlogSystem)
[2020/07/31-22:39:57] [main] [INFO ] [nat.phc.blog.BlogApplication] : No active profile set, falling back to default profiles: default
[2020/07/31-22:40:01] [main] [INFO ] [nat.phc.blog.BlogApplication] : Started BlogApplication in 4.31 seconds (JVM running for 4.999)
[2020/07/31-22:40:23] [http-nio-2333-exec-3] [INFO ] [nat.phc.blog.utils.RedisUtils] : 出现删除错误，可能是没有元素能删或没删掉
[2020/07/31-22:40:23] [http-nio-2333-exec-3] [INFO ] [nat.phc.blog.utils.JwtUtils] : token有效期时间为====》Sat Aug 01 00:40:23 CST 2020
[2020/07/31-22:40:25] [http-nio-2333-exec-4] [INFO ] [nat.phc.blog.controller.TestController] : 评论内容===》啊啊啊啊啊啊啊啊
[2020/07/31-22:40:25] [http-nio-2333-exec-4] [INFO ] [nat.phc.blog.service.impl.UserServiceImpl] : 拿到的tokenKey为====18644a9126f4ac0696ffff661cd25b44
[2020/07/31-22:41:27] [http-nio-2333-exec-6] [INFO ] [nat.phc.blog.utils.RedisUtils] : 出现删除错误，可能是没有元素能删或没删掉
[2020/07/31-22:41:27] [http-nio-2333-exec-6] [INFO ] [nat.phc.blog.utils.JwtUtils] : token有效期时间为====》Sat Aug 01 00:41:27 CST 2020
[2020/07/31-22:41:29] [http-nio-2333-exec-7] [INFO ] [nat.phc.blog.controller.TestController] : 评论内容===》啊啊啊啊啊啊啊啊
[2020/07/31-22:41:29] [http-nio-2333-exec-7] [INFO ] [nat.phc.blog.service.impl.UserServiceImpl] : 拿到的tokenKey为====70bcece215751da9cd57a4e43991528e
[2020/07/31-22:41:30] [http-nio-2333-exec-8] [INFO ] [nat.phc.blog.controller.TestController] : 评论内容===》啊啊啊啊啊啊啊啊
[2020/07/31-22:41:30] [http-nio-2333-exec-8] [INFO ] [nat.phc.blog.service.impl.UserServiceImpl] : 拿到的tokenKey为====70bcece215751da9cd57a4e43991528e
[2020/07/31-22:41:31] [http-nio-2333-exec-9] [INFO ] [nat.phc.blog.controller.TestController] : 评论内容===》啊啊啊啊啊啊啊啊
[2020/07/31-22:41:31] [http-nio-2333-exec-9] [INFO ] [nat.phc.blog.service.impl.UserServiceImpl] : 拿到的tokenKey为====70bcece215751da9cd57a4e43991528e
[2020/07/31-22:44:33] [main] [INFO ] [nat.phc.blog.BlogApplication] : Starting BlogApplication on PENGhc with PID 4200 (E:\code\java\SobBlogSystem\target\classes started by PengHaiChen in E:\code\java\SobBlogSystem)
[2020/07/31-22:44:33] [main] [INFO ] [nat.phc.blog.BlogApplication] : No active profile set, falling back to default profiles: default
[2020/07/31-22:44:38] [main] [INFO ] [nat.phc.blog.BlogApplication] : Started BlogApplication in 4.884 seconds (JVM running for 5.641)
[2020/07/31-22:44:40] [http-nio-2333-exec-1] [INFO ] [nat.phc.blog.controller.TestController] : 评论内容===》啊啊啊啊啊啊啊啊
[2020/07/31-22:44:40] [http-nio-2333-exec-1] [INFO ] [nat.phc.blog.service.impl.UserServiceImpl] : 拿到的tokenKey为====70bcece215751da9cd57a4e43991528e
[2020/07/31-22:45:17] [main] [INFO ] [nat.phc.blog.BlogApplication] : Starting BlogApplication on PENGhc with PID 23880 (E:\code\java\SobBlogSystem\target\classes started by PengHaiChen in E:\code\java\SobBlogSystem)
[2020/07/31-22:45:17] [main] [INFO ] [nat.phc.blog.BlogApplication] : No active profile set, falling back to default profiles: default
[2020/07/31-22:45:21] [main] [INFO ] [nat.phc.blog.BlogApplication] : Started BlogApplication in 4.576 seconds (JVM running for 5.314)
[2020/07/31-22:47:58] [main] [INFO ] [nat.phc.blog.BlogApplication] : Starting BlogApplication on PENGhc with PID 9404 (E:\code\java\SobBlogSystem\target\classes started by PengHaiChen in E:\code\java\SobBlogSystem)
[2020/07/31-22:47:58] [main] [INFO ] [nat.phc.blog.BlogApplication] : No active profile set, falling back to default profiles: default
[2020/07/31-22:48:02] [main] [INFO ] [nat.phc.blog.BlogApplication] : Started BlogApplication in 4.695 seconds (JVM running for 5.43)
[2020/07/31-22:48:13] [http-nio-2333-exec-2] [INFO ] [nat.phc.blog.controller.TestController] : 评论内容===》啊啊啊啊啊啊啊啊
[2020/07/31-22:48:13] [http-nio-2333-exec-2] [INFO ] [nat.phc.blog.service.impl.UserServiceImpl] : 拿到的tokenKey为====70bcece215751da9cd57a4e43991528e
[2020/07/31-22:48:57] [main] [INFO ] [nat.phc.blog.BlogApplication] : Starting BlogApplication on PENGhc with PID 24696 (E:\code\java\SobBlogSystem\target\classes started by PengHaiChen in E:\code\java\SobBlogSystem)
[2020/07/31-22:48:57] [main] [INFO ] [nat.phc.blog.BlogApplication] : No active profile set, falling back to default profiles: default
[2020/07/31-22:49:02] [main] [INFO ] [nat.phc.blog.BlogApplication] : Started BlogApplication in 4.964 seconds (JVM running for 5.912)
[2020/07/31-22:49:08] [http-nio-2333-exec-3] [INFO ] [nat.phc.blog.controller.TestController] : 评论内容===》啊啊啊啊啊啊啊啊
[2020/07/31-22:49:08] [http-nio-2333-exec-3] [INFO ] [nat.phc.blog.service.impl.UserServiceImpl] : 拿到的tokenKey为====70bcece215751da9cd57a4e43991528e
[2020/07/31-22:51:15] [main] [INFO ] [nat.phc.blog.BlogApplication] : Starting BlogApplication on PENGhc with PID 23752 (E:\code\java\SobBlogSystem\target\classes started by PengHaiChen in E:\code\java\SobBlogSystem)
[2020/07/31-22:51:15] [main] [INFO ] [nat.phc.blog.BlogApplication] : No active profile set, falling back to default profiles: default
[2020/07/31-22:51:20] [main] [INFO ] [nat.phc.blog.BlogApplication] : Starting BlogApplication on PENGhc with PID 24664 (E:\code\java\SobBlogSystem\target\classes started by PengHaiChen in E:\code\java\SobBlogSystem)
[2020/07/31-22:51:20] [main] [INFO ] [nat.phc.blog.BlogApplication] : No active profile set, falling back to default profiles: default
[2020/07/31-22:51:25] [main] [INFO ] [nat.phc.blog.BlogApplication] : Started BlogApplication in 4.707 seconds (JVM running for 5.678)
[2020/07/31-22:51:32] [http-nio-2333-exec-1] [INFO ] [nat.phc.blog.controller.TestController] : 评论内容===》啊啊啊啊啊啊啊啊
[2020/07/31-22:51:32] [http-nio-2333-exec-1] [INFO ] [nat.phc.blog.service.impl.UserServiceImpl] : 拿到的tokenKey为====70bcece215751da9cd57a4e43991528e
[2020/07/31-22:53:15] [main] [INFO ] [nat.phc.blog.BlogApplication] : Starting BlogApplication on PENGhc with PID 17228 (E:\code\java\SobBlogSystem\target\classes started by PengHaiChen in E:\code\java\SobBlogSystem)
[2020/07/31-22:53:15] [main] [INFO ] [nat.phc.blog.BlogApplication] : No active profile set, falling back to default profiles: default
[2020/07/31-22:53:19] [main] [INFO ] [nat.phc.blog.BlogApplication] : Started BlogApplication in 4.803 seconds (JVM running for 5.636)
[2020/07/31-22:53:30] [main] [INFO ] [nat.phc.blog.BlogApplication] : Starting BlogApplication on PENGhc with PID 10904 (E:\code\java\SobBlogSystem\target\classes started by PengHaiChen in E:\code\java\SobBlogSystem)
[2020/07/31-22:53:30] [main] [INFO ] [nat.phc.blog.BlogApplication] : No active profile set, falling back to default profiles: default
[2020/07/31-22:53:34] [main] [INFO ] [nat.phc.blog.BlogApplication] : Started BlogApplication in 5.163 seconds (JVM running for 5.875)
[2020/07/31-22:53:37] [http-nio-2333-exec-2] [INFO ] [nat.phc.blog.controller.TestController] : 评论内容===》啊啊啊啊啊啊啊啊
[2020/07/31-22:53:37] [http-nio-2333-exec-2] [INFO ] [nat.phc.blog.service.impl.UserServiceImpl] : 拿到的tokenKey为====70bcece215751da9cd57a4e43991528e
[2020/07/31-22:55:00] [main] [INFO ] [nat.phc.blog.BlogApplication] : Starting BlogApplication on PENGhc with PID 17432 (E:\code\java\SobBlogSystem\target\classes started by PengHaiChen in E:\code\java\SobBlogSystem)
[2020/07/31-22:55:00] [main] [INFO ] [nat.phc.blog.BlogApplication] : No active profile set, falling back to default profiles: default
[2020/07/31-22:55:04] [main] [INFO ] [nat.phc.blog.BlogApplication] : Started BlogApplication in 4.728 seconds (JVM running for 5.498)
