[2021/02/22-11:28:56] [main] [INFO ] [nat.phc.blog.BlogApplication] : Starting BlogApplication on PengHc with PID 8892 (E:\code\java\SobBlogSystem\target\classes started by PengHaiChen in E:\code\java\SobBlogSystem)
[2021/02/22-11:28:56] [main] [INFO ] [nat.phc.blog.BlogApplication] : No active profile set, falling back to default profiles: default
[2021/02/22-11:29:42] [main] [INFO ] [nat.phc.blog.BlogApplication] : Starting BlogApplication on PengHc with PID 9708 (E:\code\java\SobBlogSystem\target\classes started by PengHaiChen in E:\code\java\SobBlogSystem)
[2021/02/22-11:29:42] [main] [INFO ] [nat.phc.blog.BlogApplication] : No active profile set, falling back to default profiles: default
[2021/02/22-11:29:47] [main] [INFO ] [nat.phc.blog.BlogApplication] : Started BlogApplication in 5.382 seconds (JVM running for 6.326)
[2021/02/22-14:39:41] [main] [INFO ] [nat.phc.blog.BlogApplication] : Starting BlogApplication on PengHc with PID 14812 (E:\code\java\SobBlogSystem\target\classes started by PengHaiChen in E:\code\java\SobBlogSystem)
[2021/02/22-14:39:41] [main] [INFO ] [nat.phc.blog.BlogApplication] : No active profile set, falling back to default profiles: default
[2021/02/22-14:40:04] [main] [INFO ] [nat.phc.blog.BlogApplication] : Starting BlogApplication on PengHc with PID 16148 (E:\code\java\SobBlogSystem\target\classes started by PengHaiChen in E:\code\java\SobBlogSystem)
[2021/02/22-14:40:04] [main] [INFO ] [nat.phc.blog.BlogApplication] : No active profile set, falling back to default profiles: default
[2021/02/22-14:41:46] [main] [INFO ] [nat.phc.blog.BlogApplication] : Starting BlogApplication on PengHc with PID 10608 (E:\code\java\SobBlogSystem\target\classes started by PengHaiChen in E:\code\java\SobBlogSystem)
[2021/02/22-14:41:46] [main] [INFO ] [nat.phc.blog.BlogApplication] : No active profile set, falling back to default profiles: default
[2021/02/22-14:43:29] [main] [INFO ] [nat.phc.blog.BlogApplication] : Starting BlogApplication on PengHc with PID 596 (E:\code\java\SobBlogSystem\target\classes started by PengHaiChen in E:\code\java\SobBlogSystem)
[2021/02/22-14:43:29] [main] [INFO ] [nat.phc.blog.BlogApplication] : No active profile set, falling back to default profiles: default
[2021/02/22-14:45:10] [main] [INFO ] [nat.phc.blog.BlogApplication] : Starting BlogApplication on PengHc with PID 15496 (E:\code\java\SobBlogSystem\target\classes started by PengHaiChen in E:\code\java\SobBlogSystem)
[2021/02/22-14:45:10] [main] [INFO ] [nat.phc.blog.BlogApplication] : No active profile set, falling back to default profiles: default
[2021/02/22-14:46:21] [main] [INFO ] [nat.phc.blog.BlogApplication] : Starting BlogApplication on PengHc with PID 9816 (E:\code\java\SobBlogSystem\target\classes started by PengHaiChen in E:\code\java\SobBlogSystem)
[2021/02/22-14:46:21] [main] [INFO ] [nat.phc.blog.BlogApplication] : No active profile set, falling back to default profiles: default
[2021/02/22-14:47:49] [main] [INFO ] [nat.phc.blog.BlogApplication] : Starting BlogApplication on PengHc with PID 1280 (E:\code\java\SobBlogSystem\target\classes started by PengHaiChen in E:\code\java\SobBlogSystem)
[2021/02/22-14:47:49] [main] [INFO ] [nat.phc.blog.BlogApplication] : No active profile set, falling back to default profiles: default
[2021/02/22-14:47:53] [main] [INFO ] [nat.phc.blog.BlogApplication] : Started BlogApplication in 4.892 seconds (JVM running for 5.977)
[2021/02/22-14:48:08] [main] [INFO ] [nat.phc.blog.BlogApplication] : Starting BlogApplication on PengHc with PID 12080 (E:\code\java\SobBlogSystem\target\classes started by PengHaiChen in E:\code\java\SobBlogSystem)
[2021/02/22-14:48:08] [main] [INFO ] [nat.phc.blog.BlogApplication] : No active profile set, falling back to default profiles: default
[2021/02/22-14:48:13] [main] [INFO ] [nat.phc.blog.BlogApplication] : Started BlogApplication in 4.734 seconds (JVM running for 5.709)
[2021/02/22-14:58:24] [main] [INFO ] [nat.phc.blog.BlogApplication] : Starting BlogApplication on PengHc with PID 14720 (E:\code\java\SobBlogSystem\target\classes started by PengHaiChen in E:\code\java\SobBlogSystem)
[2021/02/22-14:58:24] [main] [INFO ] [nat.phc.blog.BlogApplication] : No active profile set, falling back to default profiles: default
[2021/02/22-14:58:28] [main] [INFO ] [nat.phc.blog.BlogApplication] : Started BlogApplication in 5.006 seconds (JVM running for 5.953)
[2021/02/22-14:58:36] [main] [INFO ] [nat.phc.blog.BlogApplication] : Starting BlogApplication on PengHc with PID 11592 (E:\code\java\SobBlogSystem\target\classes started by PengHaiChen in E:\code\java\SobBlogSystem)
[2021/02/22-14:58:36] [main] [INFO ] [nat.phc.blog.BlogApplication] : No active profile set, falling back to default profiles: default
[2021/02/22-14:58:40] [main] [INFO ] [nat.phc.blog.BlogApplication] : Started BlogApplication in 4.486 seconds (JVM running for 5.292)
[2021/02/22-14:58:45] [http-nio-2333-exec-1] [INFO ] [nat.phc.blog.interceptor.TestInterceptor] : 没有匹配到拦截器
[2021/02/22-14:58:45] [http-nio-2333-exec-4] [INFO ] [nat.phc.blog.interceptor.TestInterceptor] : 没有匹配到拦截器
[2021/02/22-14:58:45] [http-nio-2333-exec-6] [INFO ] [nat.phc.blog.interceptor.TestInterceptor] : 没有匹配到拦截器
[2021/02/22-14:58:45] [http-nio-2333-exec-2] [INFO ] [nat.phc.blog.interceptor.TestInterceptor] : 没有匹配到拦截器
[2021/02/22-14:58:45] [http-nio-2333-exec-6] [INFO ] [nat.phc.blog.interceptor.TestInterceptor] : 没有匹配到拦截器
[2021/02/22-14:58:45] [http-nio-2333-exec-5] [INFO ] [nat.phc.blog.interceptor.TestInterceptor] : 没有匹配到拦截器
[2021/02/22-14:58:45] [http-nio-2333-exec-3] [INFO ] [nat.phc.blog.interceptor.TestInterceptor] : 没有匹配到拦截器
[2021/02/22-14:58:45] [http-nio-2333-exec-7] [INFO ] [nat.phc.blog.interceptor.TestInterceptor] : 没有匹配到拦截器
[2021/02/22-14:58:45] [http-nio-2333-exec-8] [INFO ] [nat.phc.blog.interceptor.TestInterceptor] : 没有匹配到拦截器
[2021/02/22-14:58:45] [http-nio-2333-exec-9] [INFO ] [nat.phc.blog.interceptor.TestInterceptor] : 没有匹配到拦截器
[2021/02/22-14:58:45] [http-nio-2333-exec-10] [INFO ] [nat.phc.blog.interceptor.TestInterceptor] : 没有匹配到拦截器
[2021/02/22-14:58:45] [http-nio-2333-exec-4] [INFO ] [nat.phc.blog.interceptor.TestInterceptor] : 没有匹配到拦截器
[2021/02/22-14:58:45] [http-nio-2333-exec-4] [INFO ] [nat.phc.blog.interceptor.TestInterceptor] : 没有匹配到拦截器
[2021/02/22-14:58:45] [http-nio-2333-exec-2] [INFO ] [nat.phc.blog.interceptor.TestInterceptor] : 没有匹配到拦截器
[2021/02/22-14:58:45] [http-nio-2333-exec-2] [INFO ] [nat.phc.blog.interceptor.TestInterceptor] : 没有匹配到拦截器
[2021/02/22-14:58:46] [http-nio-2333-exec-5] [INFO ] [nat.phc.blog.interceptor.TestInterceptor] : 没有匹配到拦截器
[2021/02/22-14:58:46] [http-nio-2333-exec-6] [INFO ] [nat.phc.blog.interceptor.TestInterceptor] : 没有匹配到拦截器
[2021/02/22-14:58:46] [http-nio-2333-exec-7] [INFO ] [nat.phc.blog.interceptor.TestInterceptor] : 没有匹配到拦截器
[2021/02/22-14:58:48] [http-nio-2333-exec-3] [INFO ] [nat.phc.blog.interceptor.TestInterceptor] : 没有匹配到拦截器
[2021/02/22-14:58:48] [http-nio-2333-exec-9] [INFO ] [nat.phc.blog.interceptor.TestInterceptor] : 没有匹配到拦截器
[2021/02/22-14:58:48] [http-nio-2333-exec-8] [INFO ] [nat.phc.blog.interceptor.TestInterceptor] : 没有匹配到拦截器
[2021/02/22-14:58:48] [http-nio-2333-exec-10] [INFO ] [nat.phc.blog.interceptor.TestInterceptor] : 没有匹配到拦截器
[2021/02/22-14:58:48] [http-nio-2333-exec-4] [INFO ] [nat.phc.blog.interceptor.TestInterceptor] : 没有匹配到拦截器
[2021/02/22-14:58:48] [http-nio-2333-exec-2] [INFO ] [nat.phc.blog.interceptor.TestInterceptor] : 没有匹配到拦截器
[2021/02/22-14:58:49] [http-nio-2333-exec-1] [INFO ] [nat.phc.blog.interceptor.TestInterceptor] : 没有匹配到拦截器
[2021/02/22-14:58:49] [http-nio-2333-exec-7] [INFO ] [nat.phc.blog.interceptor.TestInterceptor] : 没有匹配到拦截器
[2021/02/22-14:58:49] [http-nio-2333-exec-5] [INFO ] [nat.phc.blog.interceptor.TestInterceptor] : 没有匹配到拦截器
[2021/02/22-14:58:49] [http-nio-2333-exec-6] [INFO ] [nat.phc.blog.interceptor.TestInterceptor] : 没有匹配到拦截器
[2021/02/22-14:58:49] [http-nio-2333-exec-8] [INFO ] [nat.phc.blog.interceptor.TestInterceptor] : 没有匹配到拦截器
[2021/02/22-14:58:49] [http-nio-2333-exec-8] [INFO ] [nat.phc.blog.interceptor.TestInterceptor] : 没有匹配到拦截器
[2021/02/22-14:58:49] [http-nio-2333-exec-9] [INFO ] [nat.phc.blog.interceptor.TestInterceptor] : 没有匹配到拦截器
[2021/02/22-14:58:49] [http-nio-2333-exec-9] [INFO ] [nat.phc.blog.interceptor.TestInterceptor] : 没有匹配到拦截器
[2021/02/22-14:58:49] [http-nio-2333-exec-4] [INFO ] [nat.phc.blog.interceptor.TestInterceptor] : 没有匹配到拦截器
[2021/02/22-14:58:49] [http-nio-2333-exec-2] [INFO ] [nat.phc.blog.interceptor.TestInterceptor] : 没有匹配到拦截器
[2021/02/22-14:58:49] [http-nio-2333-exec-10] [INFO ] [nat.phc.blog.interceptor.TestInterceptor] : 没有匹配到拦截器
[2021/02/22-14:58:54] [http-nio-2333-exec-1] [INFO ] [nat.phc.blog.interceptor.TestInterceptor] : 没有匹配到拦截器
[2021/02/22-14:59:17] [http-nio-2333-exec-7] [INFO ] [nat.phc.blog.interceptor.TestInterceptor] : 没有匹配到拦截器
[2021/02/22-14:59:32] [http-nio-2333-exec-5] [INFO ] [nat.phc.blog.interceptor.TestInterceptor] : 没有匹配到拦截器
[2021/02/22-14:59:32] [http-nio-2333-exec-6] [INFO ] [nat.phc.blog.interceptor.TestInterceptor] : 没有匹配到拦截器
[2021/02/22-14:59:59] [http-nio-2333-exec-9] [INFO ] [nat.phc.blog.interceptor.TestInterceptor] : 没有匹配到拦截器
[2021/02/22-15:00:03] [http-nio-2333-exec-4] [INFO ] [nat.phc.blog.interceptor.TestInterceptor] : 没有匹配到拦截器
[2021/02/22-15:00:50] [main] [INFO ] [nat.phc.blog.BlogApplication] : Starting BlogApplication on PengHc with PID 14192 (E:\code\java\SobBlogSystem\target\classes started by PengHaiChen in E:\code\java\SobBlogSystem)
[2021/02/22-15:00:50] [main] [INFO ] [nat.phc.blog.BlogApplication] : No active profile set, falling back to default profiles: default
[2021/02/22-15:00:54] [main] [INFO ] [nat.phc.blog.BlogApplication] : Started BlogApplication in 4.477 seconds (JVM running for 5.317)
[2021/02/22-15:01:06] [http-nio-2333-exec-1] [INFO ] [nat.phc.blog.interceptor.TestInterceptor] : /test/Interceptor/wqwe
[2021/02/22-15:01:06] [http-nio-2333-exec-1] [INFO ] [nat.phc.blog.interceptor.TestInterceptor] : 没有匹配到拦截器
[2021/02/22-15:01:28] [main] [INFO ] [nat.phc.blog.BlogApplication] : Starting BlogApplication on PengHc with PID 8996 (E:\code\java\SobBlogSystem\target\classes started by PengHaiChen in E:\code\java\SobBlogSystem)
[2021/02/22-15:01:28] [main] [INFO ] [nat.phc.blog.BlogApplication] : No active profile set, falling back to default profiles: default
[2021/02/22-15:01:32] [main] [INFO ] [nat.phc.blog.BlogApplication] : Started BlogApplication in 4.463 seconds (JVM running for 5.33)
[2021/02/22-15:01:37] [http-nio-2333-exec-1] [INFO ] [nat.phc.blog.interceptor.TestInterceptor] : /test/Interceptor/wqwe
[2021/02/22-15:01:37] [http-nio-2333-exec-1] [INFO ] [nat.phc.blog.interceptor.TestInterceptor] : 没有匹配到拦截器
[2021/02/22-15:01:37] [http-nio-2333-exec-1] [INFO ] [nat.phc.blog.interceptor.TestInterceptor] : /error
[2021/02/22-15:01:37] [http-nio-2333-exec-1] [INFO ] [nat.phc.blog.interceptor.TestInterceptor] : 没有匹配到拦截器
[2021/02/22-15:01:40] [http-nio-2333-exec-2] [INFO ] [nat.phc.blog.interceptor.TestInterceptor] : /test/Interceptor/wqwe
[2021/02/22-15:01:40] [http-nio-2333-exec-2] [INFO ] [nat.phc.blog.interceptor.TestInterceptor] : 没有匹配到拦截器
[2021/02/22-15:01:40] [http-nio-2333-exec-2] [INFO ] [nat.phc.blog.interceptor.TestInterceptor] : /error
[2021/02/22-15:01:40] [http-nio-2333-exec-2] [INFO ] [nat.phc.blog.interceptor.TestInterceptor] : 没有匹配到拦截器
[2021/02/22-15:01:44] [http-nio-2333-exec-3] [INFO ] [nat.phc.blog.interceptor.TestInterceptor] : /test/Interceptor/wqwe
[2021/02/22-15:01:44] [http-nio-2333-exec-3] [INFO ] [nat.phc.blog.interceptor.TestInterceptor] : 没有匹配到拦截器
[2021/02/22-15:01:44] [http-nio-2333-exec-3] [INFO ] [nat.phc.blog.interceptor.TestInterceptor] : /error
[2021/02/22-15:01:44] [http-nio-2333-exec-3] [INFO ] [nat.phc.blog.interceptor.TestInterceptor] : 没有匹配到拦截器
[2021/02/22-15:01:57] [http-nio-2333-exec-8] [INFO ] [nat.phc.blog.interceptor.TestInterceptor] : /test/Interceptor/wqwe
[2021/02/22-15:01:57] [http-nio-2333-exec-8] [INFO ] [nat.phc.blog.interceptor.TestInterceptor] : 没有匹配到拦截器
[2021/02/22-15:01:57] [http-nio-2333-exec-8] [INFO ] [nat.phc.blog.interceptor.TestInterceptor] : /error
[2021/02/22-15:01:57] [http-nio-2333-exec-8] [INFO ] [nat.phc.blog.interceptor.TestInterceptor] : 没有匹配到拦截器
[2021/02/22-15:02:01] [http-nio-2333-exec-10] [INFO ] [nat.phc.blog.interceptor.TestInterceptor] : /test/Interceptor/qweqwe
[2021/02/22-15:02:01] [http-nio-2333-exec-10] [INFO ] [nat.phc.blog.interceptor.TestInterceptor] : 没有匹配到拦截器
[2021/02/22-15:02:01] [http-nio-2333-exec-10] [INFO ] [nat.phc.blog.interceptor.TestInterceptor] : /error
[2021/02/22-15:02:01] [http-nio-2333-exec-10] [INFO ] [nat.phc.blog.interceptor.TestInterceptor] : 没有匹配到拦截器
[2021/02/22-15:02:07] [http-nio-2333-exec-6] [INFO ] [nat.phc.blog.interceptor.TestInterceptor] : /swagger-ui.html
[2021/02/22-15:02:07] [http-nio-2333-exec-6] [INFO ] [nat.phc.blog.interceptor.TestInterceptor] : 没有匹配到拦截器
[2021/02/22-15:02:07] [http-nio-2333-exec-7] [INFO ] [nat.phc.blog.interceptor.TestInterceptor] : /webjars/springfox-swagger-ui/springfox.css
[2021/02/22-15:02:07] [http-nio-2333-exec-7] [INFO ] [nat.phc.blog.interceptor.TestInterceptor] : 没有匹配到拦截器
[2021/02/22-15:02:07] [http-nio-2333-exec-4] [INFO ] [nat.phc.blog.interceptor.TestInterceptor] : /webjars/springfox-swagger-ui/swagger-ui.css
[2021/02/22-15:02:07] [http-nio-2333-exec-4] [INFO ] [nat.phc.blog.interceptor.TestInterceptor] : 没有匹配到拦截器
[2021/02/22-15:02:07] [http-nio-2333-exec-9] [INFO ] [nat.phc.blog.interceptor.TestInterceptor] : /webjars/springfox-swagger-ui/swagger-ui-bundle.js
[2021/02/22-15:02:07] [http-nio-2333-exec-9] [INFO ] [nat.phc.blog.interceptor.TestInterceptor] : 没有匹配到拦截器
[2021/02/22-15:02:07] [http-nio-2333-exec-5] [INFO ] [nat.phc.blog.interceptor.TestInterceptor] : /webjars/springfox-swagger-ui/swagger-ui-standalone-preset.js
[2021/02/22-15:02:07] [http-nio-2333-exec-5] [INFO ] [nat.phc.blog.interceptor.TestInterceptor] : 没有匹配到拦截器
[2021/02/22-15:02:07] [http-nio-2333-exec-1] [INFO ] [nat.phc.blog.interceptor.TestInterceptor] : /webjars/springfox-swagger-ui/springfox.js
[2021/02/22-15:02:07] [http-nio-2333-exec-1] [INFO ] [nat.phc.blog.interceptor.TestInterceptor] : 没有匹配到拦截器
[2021/02/22-15:02:07] [http-nio-2333-exec-2] [INFO ] [nat.phc.blog.interceptor.TestInterceptor] : /swagger-resources/configuration/ui
[2021/02/22-15:02:07] [http-nio-2333-exec-2] [INFO ] [nat.phc.blog.interceptor.TestInterceptor] : 没有匹配到拦截器
[2021/02/22-15:02:07] [http-nio-2333-exec-3] [INFO ] [nat.phc.blog.interceptor.TestInterceptor] : /swagger-resources/configuration/security
[2021/02/22-15:02:07] [http-nio-2333-exec-3] [INFO ] [nat.phc.blog.interceptor.TestInterceptor] : 没有匹配到拦截器
[2021/02/22-15:02:07] [http-nio-2333-exec-8] [INFO ] [nat.phc.blog.interceptor.TestInterceptor] : /swagger-resources
[2021/02/22-15:02:07] [http-nio-2333-exec-8] [INFO ] [nat.phc.blog.interceptor.TestInterceptor] : 没有匹配到拦截器
[2021/02/22-15:02:07] [http-nio-2333-exec-10] [INFO ] [nat.phc.blog.interceptor.TestInterceptor] : /webjars/springfox-swagger-ui/fonts/titillium-web-v6-latin-700.woff2
[2021/02/22-15:02:07] [http-nio-2333-exec-10] [INFO ] [nat.phc.blog.interceptor.TestInterceptor] : 没有匹配到拦截器
[2021/02/22-15:02:07] [http-nio-2333-exec-7] [INFO ] [nat.phc.blog.interceptor.TestInterceptor] : /
[2021/02/22-15:02:07] [http-nio-2333-exec-7] [INFO ] [nat.phc.blog.interceptor.TestInterceptor] : 没有匹配到拦截器
[2021/02/22-15:02:07] [http-nio-2333-exec-7] [INFO ] [nat.phc.blog.interceptor.TestInterceptor] : /error
[2021/02/22-15:02:07] [http-nio-2333-exec-7] [INFO ] [nat.phc.blog.interceptor.TestInterceptor] : 没有匹配到拦截器
[2021/02/22-15:02:07] [http-nio-2333-exec-4] [INFO ] [nat.phc.blog.interceptor.TestInterceptor] : /csrf
[2021/02/22-15:02:07] [http-nio-2333-exec-4] [INFO ] [nat.phc.blog.interceptor.TestInterceptor] : 没有匹配到拦截器
[2021/02/22-15:02:07] [http-nio-2333-exec-4] [INFO ] [nat.phc.blog.interceptor.TestInterceptor] : /error
[2021/02/22-15:02:07] [http-nio-2333-exec-4] [INFO ] [nat.phc.blog.interceptor.TestInterceptor] : 没有匹配到拦截器
[2021/02/22-15:02:07] [http-nio-2333-exec-5] [INFO ] [nat.phc.blog.interceptor.TestInterceptor] : /webjars/springfox-swagger-ui/fonts/open-sans-v15-latin-regular.woff2
[2021/02/22-15:02:07] [http-nio-2333-exec-1] [INFO ] [nat.phc.blog.interceptor.TestInterceptor] : /webjars/springfox-swagger-ui/fonts/source-code-pro-v7-latin-300.woff2
[2021/02/22-15:02:07] [http-nio-2333-exec-9] [INFO ] [nat.phc.blog.interceptor.TestInterceptor] : /webjars/springfox-swagger-ui/fonts/open-sans-v15-latin-700.woff2
[2021/02/22-15:02:07] [http-nio-2333-exec-5] [INFO ] [nat.phc.blog.interceptor.TestInterceptor] : 没有匹配到拦截器
[2021/02/22-15:02:07] [http-nio-2333-exec-9] [INFO ] [nat.phc.blog.interceptor.TestInterceptor] : 没有匹配到拦截器
[2021/02/22-15:02:07] [http-nio-2333-exec-1] [INFO ] [nat.phc.blog.interceptor.TestInterceptor] : 没有匹配到拦截器
[2021/02/22-15:02:14] [http-nio-2333-exec-2] [INFO ] [nat.phc.blog.interceptor.TestInterceptor] : /webjars/springfox-swagger-ui/fonts/source-code-pro-v7-latin-600.woff2
[2021/02/22-15:02:14] [http-nio-2333-exec-2] [INFO ] [nat.phc.blog.interceptor.TestInterceptor] : 没有匹配到拦截器
[2021/02/22-15:02:15] [http-nio-2333-exec-3] [INFO ] [nat.phc.blog.interceptor.TestInterceptor] : /webjars/springfox-swagger-ui/fonts/titillium-web-v6-latin-regular.woff2
[2021/02/22-15:02:15] [http-nio-2333-exec-3] [INFO ] [nat.phc.blog.interceptor.TestInterceptor] : 没有匹配到拦截器
[2021/02/22-15:02:21] [http-nio-2333-exec-8] [INFO ] [nat.phc.blog.interceptor.TestInterceptor] : /test/interceptor/123123
[2021/02/22-15:02:21] [http-nio-2333-exec-8] [INFO ] [nat.phc.blog.interceptor.TestInterceptor] : 匹配到拦截器
[2021/02/22-15:02:21] [http-nio-2333-exec-10] [INFO ] [nat.phc.blog.interceptor.TestInterceptor] : /webjars/springfox-swagger-ui/fonts/titillium-web-v6-latin-600.woff2
[2021/02/22-15:02:21] [http-nio-2333-exec-10] [INFO ] [nat.phc.blog.interceptor.TestInterceptor] : 没有匹配到拦截器
[2021/02/22-15:02:29] [http-nio-2333-exec-7] [INFO ] [nat.phc.blog.interceptor.TestInterceptor] : /test/interceptor/123123
[2021/02/22-15:02:29] [http-nio-2333-exec-7] [INFO ] [nat.phc.blog.interceptor.TestInterceptor] : 匹配到拦截器
[2021/02/22-15:02:29] [http-nio-2333-exec-4] [INFO ] [nat.phc.blog.interceptor.TestInterceptor] : /webjars/springfox-swagger-ui/favicon-32x32.png
[2021/02/22-15:02:29] [http-nio-2333-exec-4] [INFO ] [nat.phc.blog.interceptor.TestInterceptor] : 没有匹配到拦截器
