[2020/08/01-09:18:14] [main] [INFO ] [nat.phc.blog.BlogApplication] : Starting BlogApplication on PENGhc with PID 24932 (E:\code\java\SobBlogSystem\target\classes started by PengHaiChen in E:\code\java\SobBlogSystem)
[2020/08/01-09:18:14] [main] [INFO ] [nat.phc.blog.BlogApplication] : No active profile set, falling back to default profiles: default
[2020/08/01-09:18:19] [main] [INFO ] [nat.phc.blog.BlogApplication] : Started BlogApplication in 5.278 seconds (JVM running for 6.11)
[2020/08/01-09:29:11] [main] [INFO ] [nat.phc.blog.BlogApplication] : Starting BlogApplication on PENGhc with PID 6008 (E:\code\java\SobBlogSystem\target\classes started by PengHaiChen in E:\code\java\SobBlogSystem)
[2020/08/01-09:29:11] [main] [INFO ] [nat.phc.blog.BlogApplication] : No active profile set, falling back to default profiles: default
[2020/08/01-09:29:15] [main] [INFO ] [nat.phc.blog.BlogApplication] : Started BlogApplication in 4.498 seconds (JVM running for 5.214)
[2020/08/01-09:33:31] [http-nio-2333-exec-2] [INFO ] [nat.phc.blog.service.impl.UserServiceImpl] : 拿到的tokenKey为====70bcece215751da9cd57a4e43991528e
[2020/08/01-09:33:32] [http-nio-2333-exec-2] [INFO ] [nat.phc.blog.utils.JwtUtils] : token有效期时间为====》Sat Aug 01 11:33:32 CST 2020
[2020/08/01-09:33:37] [http-nio-2333-exec-3] [INFO ] [nat.phc.blog.controller.TestController] : 评论内容===》啊啊啊啊啊啊啊啊
[2020/08/01-09:33:37] [http-nio-2333-exec-3] [INFO ] [nat.phc.blog.service.impl.UserServiceImpl] : 拿到的tokenKey为====08a0f92aa6aad057a7ac19f6d64cd1d6
[2020/08/01-09:34:24] [http-nio-2333-exec-4] [INFO ] [nat.phc.blog.controller.TestController] : 评论内容===》啊啊啊啊啊啊啊啊
[2020/08/01-09:34:24] [http-nio-2333-exec-4] [INFO ] [nat.phc.blog.service.impl.UserServiceImpl] : 拿到的tokenKey为====08a0f92aa6aad057a7ac19f6d64cd1d6
[2020/08/01-09:34:26] [http-nio-2333-exec-6] [INFO ] [nat.phc.blog.controller.TestController] : 评论内容===》啊啊啊啊啊啊啊啊
[2020/08/01-09:34:26] [http-nio-2333-exec-6] [INFO ] [nat.phc.blog.service.impl.UserServiceImpl] : 拿到的tokenKey为====08a0f92aa6aad057a7ac19f6d64cd1d6
[2020/08/01-09:34:28] [http-nio-2333-exec-5] [INFO ] [nat.phc.blog.controller.TestController] : 评论内容===》啊啊啊啊啊啊啊啊
[2020/08/01-09:34:28] [http-nio-2333-exec-5] [INFO ] [nat.phc.blog.service.impl.UserServiceImpl] : 拿到的tokenKey为====08a0f92aa6aad057a7ac19f6d64cd1d6
[2020/08/01-09:36:42] [http-nio-2333-exec-4] [INFO ] [nat.phc.blog.utils.RedisUtils] : 出现删除错误，可能是没有元素能删或没删掉
[2020/08/01-09:36:42] [http-nio-2333-exec-4] [INFO ] [nat.phc.blog.utils.JwtUtils] : token有效期时间为====》Sat Aug 01 11:36:42 CST 2020
[2020/08/01-09:36:50] [http-nio-2333-exec-6] [INFO ] [nat.phc.blog.controller.TestController] : 评论内容===》啊啊啊啊啊啊啊啊
[2020/08/01-09:36:50] [http-nio-2333-exec-6] [INFO ] [nat.phc.blog.service.impl.UserServiceImpl] : 拿到的tokenKey为====212f6e1d7f9ca92c65ceffe26b23d2e3
[2020/08/01-09:37:25] [http-nio-2333-exec-5] [INFO ] [nat.phc.blog.service.impl.UserServiceImpl] : 拿到的tokenKey为====212f6e1d7f9ca92c65ceffe26b23d2e3
[2020/08/01-09:37:28] [http-nio-2333-exec-8] [INFO ] [nat.phc.blog.controller.TestController] : 评论内容===》啊啊啊啊啊啊啊啊
[2020/08/01-09:37:28] [http-nio-2333-exec-8] [INFO ] [nat.phc.blog.service.impl.UserServiceImpl] : 拿到的tokenKey为====212f6e1d7f9ca92c65ceffe26b23d2e3
[2020/08/01-09:46:36] [http-nio-2333-exec-10] [INFO ] [nat.phc.blog.service.impl.UserServiceImpl] : 拿到的tokenKey为====212f6e1d7f9ca92c65ceffe26b23d2e3
[2020/08/01-09:48:30] [main] [INFO ] [nat.phc.blog.BlogApplication] : Starting BlogApplication on PENGhc with PID 24548 (E:\code\java\SobBlogSystem\target\classes started by PengHaiChen in E:\code\java\SobBlogSystem)
[2020/08/01-09:48:30] [main] [INFO ] [nat.phc.blog.BlogApplication] : No active profile set, falling back to default profiles: default
[2020/08/01-09:48:34] [main] [INFO ] [nat.phc.blog.BlogApplication] : Started BlogApplication in 4.307 seconds (JVM running for 5.714)
[2020/08/01-09:49:15] [http-nio-2333-exec-1] [INFO ] [nat.phc.blog.service.impl.UserServiceImpl] : 拿到的tokenKey为====212f6e1d7f9ca92c65ceffe26b23d2e3
[2020/08/01-09:49:15] [http-nio-2333-exec-1] [INFO ] [nat.phc.blog.utils.JwtUtils] : token有效期时间为====》Sat Aug 01 11:49:15 CST 2020
[2020/08/01-09:50:18] [main] [INFO ] [nat.phc.blog.BlogApplication] : Starting BlogApplication on PENGhc with PID 6528 (E:\code\java\SobBlogSystem\target\classes started by PengHaiChen in E:\code\java\SobBlogSystem)
[2020/08/01-09:50:18] [main] [INFO ] [nat.phc.blog.BlogApplication] : No active profile set, falling back to default profiles: default
[2020/08/01-09:50:23] [main] [INFO ] [nat.phc.blog.BlogApplication] : Started BlogApplication in 5.306 seconds (JVM running for 7.271)
[2020/08/01-09:50:50] [http-nio-2333-exec-2] [INFO ] [nat.phc.blog.service.impl.UserServiceImpl] : 拿到的tokenKey为====f0d486c89a0e015af48173e5974e21af
[2020/08/01-09:51:04] [http-nio-2333-exec-3] [INFO ] [nat.phc.blog.service.impl.UserServiceImpl] : 拿到的tokenKey为====f0d486c89a0e015af48173e5974e21af
[2020/08/01-09:51:40] [http-nio-2333-exec-5] [INFO ] [nat.phc.blog.service.impl.UserServiceImpl] : 拿到的tokenKey为====f0d486c89a0e015af48173e5974e21af
[2020/08/01-10:03:50] [main] [INFO ] [nat.phc.blog.BlogApplication] : Starting BlogApplication on PENGhc with PID 23316 (E:\code\java\SobBlogSystem\target\classes started by PengHaiChen in E:\code\java\SobBlogSystem)
[2020/08/01-10:03:50] [main] [INFO ] [nat.phc.blog.BlogApplication] : No active profile set, falling back to default profiles: default
[2020/08/01-10:03:54] [main] [INFO ] [nat.phc.blog.BlogApplication] : Started BlogApplication in 4.29 seconds (JVM running for 4.998)
[2020/08/01-10:04:55] [http-nio-2333-exec-1] [INFO ] [nat.phc.blog.service.impl.UserServiceImpl] : 拿到的tokenKey为====f0d486c89a0e015af48173e5974e21af
[2020/08/01-10:05:00] [http-nio-2333-exec-5] [INFO ] [nat.phc.blog.controller.TestController] : 评论内容===》啊啊啊啊啊啊啊啊
[2020/08/01-10:05:00] [http-nio-2333-exec-5] [INFO ] [nat.phc.blog.service.impl.UserServiceImpl] : 拿到的tokenKey为====f0d486c89a0e015af48173e5974e21af
[2020/08/01-10:05:00] [http-nio-2333-exec-5] [INFO ] [nat.phc.blog.utils.JwtUtils] : token有效期时间为====》Sat Aug 01 12:05:00 CST 2020
[2020/08/01-10:10:14] [main] [INFO ] [nat.phc.blog.BlogApplication] : Starting BlogApplication on PENGhc with PID 23032 (E:\code\java\SobBlogSystem\target\classes started by PengHaiChen in E:\code\java\SobBlogSystem)
[2020/08/01-10:10:14] [main] [INFO ] [nat.phc.blog.BlogApplication] : No active profile set, falling back to default profiles: default
[2020/08/01-10:10:18] [main] [INFO ] [nat.phc.blog.BlogApplication] : Started BlogApplication in 4.529 seconds (JVM running for 5.307)
[2020/08/01-10:10:25] [http-nio-2333-exec-1] [INFO ] [nat.phc.blog.controller.TestController] : 评论内容===》啊啊啊啊啊啊啊啊
[2020/08/01-10:10:25] [http-nio-2333-exec-1] [INFO ] [nat.phc.blog.service.impl.UserServiceImpl] : 拿到的tokenKey为====d68ce00294d5366b30bbe40b0c5af9d8
[2020/08/01-10:10:27] [http-nio-2333-exec-2] [INFO ] [nat.phc.blog.controller.TestController] : 评论内容===》啊啊啊啊啊啊啊啊
[2020/08/01-10:10:27] [http-nio-2333-exec-2] [INFO ] [nat.phc.blog.service.impl.UserServiceImpl] : 拿到的tokenKey为====d68ce00294d5366b30bbe40b0c5af9d8
[2020/08/01-10:10:27] [http-nio-2333-exec-6] [INFO ] [nat.phc.blog.controller.TestController] : 评论内容===》啊啊啊啊啊啊啊啊
[2020/08/01-10:10:27] [http-nio-2333-exec-6] [INFO ] [nat.phc.blog.service.impl.UserServiceImpl] : 拿到的tokenKey为====d68ce00294d5366b30bbe40b0c5af9d8
[2020/08/01-10:10:28] [http-nio-2333-exec-5] [INFO ] [nat.phc.blog.controller.TestController] : 评论内容===》啊啊啊啊啊啊啊啊
[2020/08/01-10:10:28] [http-nio-2333-exec-5] [INFO ] [nat.phc.blog.service.impl.UserServiceImpl] : 拿到的tokenKey为====d68ce00294d5366b30bbe40b0c5af9d8
[2020/08/01-10:10:28] [http-nio-2333-exec-4] [INFO ] [nat.phc.blog.controller.TestController] : 评论内容===》啊啊啊啊啊啊啊啊
[2020/08/01-10:10:28] [http-nio-2333-exec-4] [INFO ] [nat.phc.blog.service.impl.UserServiceImpl] : 拿到的tokenKey为====d68ce00294d5366b30bbe40b0c5af9d8
[2020/08/01-10:18:34] [main] [INFO ] [nat.phc.blog.BlogApplication] : Starting BlogApplication on PENGhc with PID 23428 (E:\code\java\SobBlogSystem\target\classes started by PengHaiChen in E:\code\java\SobBlogSystem)
[2020/08/01-10:18:34] [main] [INFO ] [nat.phc.blog.BlogApplication] : No active profile set, falling back to default profiles: default
[2020/08/01-10:18:38] [main] [INFO ] [nat.phc.blog.BlogApplication] : Started BlogApplication in 4.33 seconds (JVM running for 5.063)
[2020/08/01-10:19:02] [http-nio-2333-exec-2] [INFO ] [nat.phc.blog.controller.TestController] : 评论内容===》啊啊啊啊啊啊啊啊
[2020/08/01-10:19:02] [http-nio-2333-exec-2] [INFO ] [nat.phc.blog.service.impl.UserServiceImpl] : 拿到的tokenKey为====key_token_d68ce00294d5366b30bbe40b0c5af9d8
[2020/08/01-10:20:19] [main] [INFO ] [nat.phc.blog.BlogApplication] : Starting BlogApplication on PENGhc with PID 22588 (E:\code\java\SobBlogSystem\target\classes started by PengHaiChen in E:\code\java\SobBlogSystem)
[2020/08/01-10:20:19] [main] [INFO ] [nat.phc.blog.BlogApplication] : No active profile set, falling back to default profiles: default
[2020/08/01-10:20:23] [main] [INFO ] [nat.phc.blog.BlogApplication] : Started BlogApplication in 4.411 seconds (JVM running for 5.103)
[2020/08/01-10:20:27] [http-nio-2333-exec-2] [INFO ] [nat.phc.blog.controller.TestController] : 评论内容===》啊啊啊啊啊啊啊啊
[2020/08/01-10:20:27] [http-nio-2333-exec-2] [INFO ] [nat.phc.blog.service.impl.UserServiceImpl] : 拿到的tokenKey为====d68ce00294d5366b30bbe40b0c5af9d8
[2020/08/01-10:20:30] [http-nio-2333-exec-3] [INFO ] [nat.phc.blog.controller.TestController] : 评论内容===》啊啊啊啊啊啊啊啊
[2020/08/01-10:20:30] [http-nio-2333-exec-3] [INFO ] [nat.phc.blog.service.impl.UserServiceImpl] : 拿到的tokenKey为====d68ce00294d5366b30bbe40b0c5af9d8
[2020/08/01-10:20:39] [main] [INFO ] [nat.phc.blog.BlogApplication] : Starting BlogApplication on PENGhc with PID 22316 (E:\code\java\SobBlogSystem\target\classes started by PengHaiChen in E:\code\java\SobBlogSystem)
[2020/08/01-10:20:39] [main] [INFO ] [nat.phc.blog.BlogApplication] : No active profile set, falling back to default profiles: default
[2020/08/01-10:20:42] [main] [INFO ] [nat.phc.blog.BlogApplication] : Starting BlogApplication on PENGhc with PID 18928 (E:\code\java\SobBlogSystem\target\classes started by PengHaiChen in E:\code\java\SobBlogSystem)
[2020/08/01-10:20:42] [main] [INFO ] [nat.phc.blog.BlogApplication] : No active profile set, falling back to default profiles: default
[2020/08/01-10:20:46] [main] [INFO ] [nat.phc.blog.BlogApplication] : Started BlogApplication in 5.152 seconds (JVM running for 6.532)
[2020/08/01-10:21:39] [http-nio-2333-exec-2] [INFO ] [nat.phc.blog.controller.TestController] : 评论内容===》啊啊啊啊啊啊啊啊
[2020/08/01-10:21:39] [http-nio-2333-exec-2] [INFO ] [nat.phc.blog.service.impl.UserServiceImpl] : 拿到的tokenKey为====d68ce00294d5366b30bbe40b0c5af9d8
[2020/08/01-10:27:20] [http-nio-2333-exec-5] [INFO ] [nat.phc.blog.controller.TestController] : 评论内容===》啊啊啊啊啊啊啊啊
[2020/08/01-10:27:20] [http-nio-2333-exec-5] [INFO ] [nat.phc.blog.service.impl.UserServiceImpl] : 拿到的tokenKey为====d68ce00294d5366b30bbe40b0c5af9d8
[2020/08/01-10:27:31] [http-nio-2333-exec-5] [INFO ] [nat.phc.blog.utils.JwtUtils] : token有效期时间为====》Sat Aug 01 12:27:31 CST 2020
[2020/08/01-10:27:36] [main] [INFO ] [nat.phc.blog.BlogApplication] : Starting BlogApplication on PENGhc with PID 904 (E:\code\java\SobBlogSystem\target\classes started by PengHaiChen in E:\code\java\SobBlogSystem)
[2020/08/01-10:27:36] [main] [INFO ] [nat.phc.blog.BlogApplication] : No active profile set, falling back to default profiles: default
[2020/08/01-10:27:41] [main] [INFO ] [nat.phc.blog.BlogApplication] : Started BlogApplication in 5.456 seconds (JVM running for 6.759)
[2020/08/01-10:27:48] [http-nio-2333-exec-2] [INFO ] [nat.phc.blog.controller.TestController] : 评论内容===》啊啊啊啊啊啊啊啊
[2020/08/01-10:27:48] [http-nio-2333-exec-2] [INFO ] [nat.phc.blog.service.impl.UserServiceImpl] : 拿到的tokenKey为====253f4e5078e0ed1e91dcb0298e9e79e3
[2020/08/01-10:32:35] [http-nio-2333-exec-7] [INFO ] [nat.phc.blog.utils.RedisUtils] : 出现删除错误，可能是没有元素能删或没删掉
[2020/08/01-10:32:35] [http-nio-2333-exec-7] [INFO ] [nat.phc.blog.utils.JwtUtils] : token有效期时间为====》Sat Aug 01 12:32:35 CST 2020
[2020/08/01-10:34:25] [http-nio-2333-exec-9] [INFO ] [nat.phc.blog.service.impl.UserServiceImpl] : 拿到的tokenKey为====187aefec5a694d0f4f303fe004b1cacf
[2020/08/01-10:34:27] [http-nio-2333-exec-1] [INFO ] [nat.phc.blog.service.impl.UserServiceImpl] : 拿到的tokenKey为====187aefec5a694d0f4f303fe004b1cacf
[2020/08/01-10:34:52] [http-nio-2333-exec-2] [INFO ] [nat.phc.blog.service.impl.UserServiceImpl] : 拿到的tokenKey为====187aefec5a694d0f4f303fe004b1cacf
[2020/08/01-10:39:52] [http-nio-2333-exec-8] [INFO ] [nat.phc.blog.controller.TestController] : 评论内容===》啊啊啊啊啊啊啊啊
[2020/08/01-10:39:52] [http-nio-2333-exec-8] [INFO ] [nat.phc.blog.service.impl.UserServiceImpl] : 拿到的tokenKey为====187aefec5a694d0f4f303fe004b1cacf
[2020/08/01-10:39:56] [http-nio-2333-exec-10] [INFO ] [nat.phc.blog.service.impl.UserServiceImpl] : 拿到的tokenKey为====187aefec5a694d0f4f303fe004b1cacf
[2020/08/01-10:39:57] [http-nio-2333-exec-9] [INFO ] [nat.phc.blog.service.impl.UserServiceImpl] : 拿到的tokenKey为====187aefec5a694d0f4f303fe004b1cacf
[2020/08/01-10:39:58] [http-nio-2333-exec-1] [INFO ] [nat.phc.blog.service.impl.UserServiceImpl] : 拿到的tokenKey为====187aefec5a694d0f4f303fe004b1cacf
[2020/08/01-10:39:58] [http-nio-2333-exec-2] [INFO ] [nat.phc.blog.service.impl.UserServiceImpl] : 拿到的tokenKey为====187aefec5a694d0f4f303fe004b1cacf
[2020/08/01-10:40:15] [http-nio-2333-exec-3] [INFO ] [nat.phc.blog.controller.TestController] : 评论内容===》啊啊啊啊啊啊啊啊
[2020/08/01-10:40:15] [http-nio-2333-exec-3] [INFO ] [nat.phc.blog.service.impl.UserServiceImpl] : 拿到的tokenKey为====187aefec5a694d0f4f303fe004b1cacf
[2020/08/01-10:40:16] [http-nio-2333-exec-4] [INFO ] [nat.phc.blog.controller.TestController] : 评论内容===》啊啊啊啊啊啊啊啊
[2020/08/01-10:40:16] [http-nio-2333-exec-4] [INFO ] [nat.phc.blog.service.impl.UserServiceImpl] : 拿到的tokenKey为====187aefec5a694d0f4f303fe004b1cacf
[2020/08/01-10:40:57] [http-nio-2333-exec-5] [INFO ] [nat.phc.blog.service.impl.UserServiceImpl] : 拿到的tokenKey为====187aefec5a694d0f4f303fe004b1cacf
[2020/08/01-14:46:42] [main] [INFO ] [nat.phc.blog.BlogApplication] : Starting BlogApplication on PENGhc with PID 18988 (E:\code\java\SobBlogSystem\target\classes started by PengHaiChen in E:\code\java\SobBlogSystem)
[2020/08/01-14:46:42] [main] [INFO ] [nat.phc.blog.BlogApplication] : No active profile set, falling back to default profiles: default
[2020/08/01-14:46:46] [main] [INFO ] [nat.phc.blog.BlogApplication] : Started BlogApplication in 4.645 seconds (JVM running for 5.355)
[2020/08/01-14:53:34] [main] [INFO ] [nat.phc.blog.BlogApplication] : Starting BlogApplication on PENGhc with PID 13624 (E:\code\java\SobBlogSystem\target\classes started by PengHaiChen in E:\code\java\SobBlogSystem)
[2020/08/01-14:53:34] [main] [INFO ] [nat.phc.blog.BlogApplication] : No active profile set, falling back to default profiles: default
[2020/08/01-14:53:39] [main] [INFO ] [nat.phc.blog.BlogApplication] : Started BlogApplication in 4.681 seconds (JVM running for 5.621)
[2020/08/01-14:54:49] [http-nio-2333-exec-2] [INFO ] [nat.phc.blog.service.impl.UserServiceImpl] : 拿到的tokenKey为====187aefec5a694d0f4f303fe004b1cacf
[2020/08/01-14:54:49] [http-nio-2333-exec-2] [INFO ] [nat.phc.blog.utils.JwtUtils] : token有效期时间为====》Sat Aug 01 16:54:49 CST 2020
[2020/08/01-14:55:22] [http-nio-2333-exec-4] [INFO ] [nat.phc.blog.utils.RedisUtils] : 出现删除错误，可能是没有元素能删或没删掉
[2020/08/01-14:55:22] [http-nio-2333-exec-4] [INFO ] [nat.phc.blog.utils.JwtUtils] : token有效期时间为====》Sat Aug 01 16:55:22 CST 2020
[2020/08/01-14:55:27] [http-nio-2333-exec-8] [INFO ] [nat.phc.blog.service.impl.UserServiceImpl] : 拿到的tokenKey为====2ea495289c24202790e4c62d822af474
[2020/08/01-14:56:12] [main] [INFO ] [nat.phc.blog.BlogApplication] : Starting BlogApplication on PENGhc with PID 17768 (E:\code\java\SobBlogSystem\target\classes started by PengHaiChen in E:\code\java\SobBlogSystem)
[2020/08/01-14:56:12] [main] [INFO ] [nat.phc.blog.BlogApplication] : No active profile set, falling back to default profiles: default
[2020/08/01-14:56:17] [main] [INFO ] [nat.phc.blog.BlogApplication] : Started BlogApplication in 4.809 seconds (JVM running for 5.536)
[2020/08/01-14:56:22] [http-nio-2333-exec-1] [INFO ] [nat.phc.blog.service.impl.UserServiceImpl] : 拿到的tokenKey为====2ea495289c24202790e4c62d822af474
[2020/08/01-14:57:44] [http-nio-2333-exec-7] [INFO ] [nat.phc.blog.service.impl.UserServiceImpl] : 拿到的tokenKey为====2ea495289c24202790e4c62d822af474
[2020/08/01-16:37:31] [http-nio-2333-exec-6] [INFO ] [nat.phc.blog.service.impl.UserServiceImpl] : 拿到的tokenKey为====2ea495289c24202790e4c62d822af474
[2020/08/01-16:57:54] [http-nio-2333-exec-9] [INFO ] [nat.phc.blog.utils.RedisUtils] : 出现删除错误，可能是没有元素能删或没删掉
[2020/08/01-16:57:54] [http-nio-2333-exec-9] [INFO ] [nat.phc.blog.utils.JwtUtils] : token有效期时间为====》Sat Aug 01 18:57:54 CST 2020
[2020/08/01-16:58:04] [http-nio-2333-exec-10] [INFO ] [nat.phc.blog.service.impl.UserServiceImpl] : 拿到的tokenKey为====ca4c73dd3eb4323b54aae73826cfb0ea
[2020/08/01-17:00:16] [http-nio-2333-exec-7] [INFO ] [nat.phc.blog.utils.RedisUtils] : 出现删除错误，可能是没有元素能删或没删掉
[2020/08/01-17:00:16] [http-nio-2333-exec-7] [INFO ] [nat.phc.blog.utils.JwtUtils] : token有效期时间为====》Sat Aug 01 19:00:16 CST 2020
[2020/08/01-17:01:31] [http-nio-2333-exec-4] [INFO ] [nat.phc.blog.controller.TestController] : 评论内容===》啊啊啊啊啊啊啊啊
[2020/08/01-17:01:31] [http-nio-2333-exec-4] [INFO ] [nat.phc.blog.service.impl.UserServiceImpl] : 拿到的tokenKey为====da1fefcb2c40400d164a6af9ed878a3e
[2020/08/01-17:05:32] [main] [INFO ] [nat.phc.blog.BlogApplication] : Starting BlogApplication on PENGhc with PID 10012 (E:\code\java\SobBlogSystem\target\classes started by PengHaiChen in E:\code\java\SobBlogSystem)
[2020/08/01-17:05:32] [main] [INFO ] [nat.phc.blog.BlogApplication] : No active profile set, falling back to default profiles: default
[2020/08/01-17:05:36] [main] [INFO ] [nat.phc.blog.BlogApplication] : Started BlogApplication in 4.924 seconds (JVM running for 5.678)
[2020/08/01-17:06:08] [http-nio-2333-exec-2] [INFO ] [nat.phc.blog.service.impl.UserServiceImpl] : 拿到的tokenKey为====da1fefcb2c40400d164a6af9ed878a3e
[2020/08/01-17:06:15] [main] [INFO ] [nat.phc.blog.BlogApplication] : Starting BlogApplication on PENGhc with PID 21712 (E:\code\java\SobBlogSystem\target\classes started by PengHaiChen in E:\code\java\SobBlogSystem)
[2020/08/01-17:06:15] [main] [INFO ] [nat.phc.blog.BlogApplication] : No active profile set, falling back to default profiles: default
[2020/08/01-17:06:19] [main] [INFO ] [nat.phc.blog.BlogApplication] : Started BlogApplication in 4.617 seconds (JVM running for 5.337)
[2020/08/01-17:06:23] [http-nio-2333-exec-2] [INFO ] [nat.phc.blog.service.impl.UserServiceImpl] : 拿到的tokenKey为====da1fefcb2c40400d164a6af9ed878a3e
[2020/08/01-17:07:37] [main] [INFO ] [nat.phc.blog.BlogApplication] : Starting BlogApplication on PENGhc with PID 7984 (E:\code\java\SobBlogSystem\target\classes started by PengHaiChen in E:\code\java\SobBlogSystem)
[2020/08/01-17:07:37] [main] [INFO ] [nat.phc.blog.BlogApplication] : No active profile set, falling back to default profiles: default
[2020/08/01-17:07:41] [main] [INFO ] [nat.phc.blog.BlogApplication] : Started BlogApplication in 4.37 seconds (JVM running for 5.109)
[2020/08/01-17:09:35] [http-nio-2333-exec-2] [INFO ] [nat.phc.blog.service.impl.UserServiceImpl] : 拿到的tokenKey为====da1fefcb2c40400d164a6af9ed878a3e
[2020/08/01-21:11:54] [main] [INFO ] [nat.phc.blog.BlogApplication] : Starting BlogApplication on PENGhc with PID 20736 (E:\code\java\SobBlogSystem\target\classes started by PengHaiChen in E:\code\java\SobBlogSystem)
[2020/08/01-21:11:54] [main] [INFO ] [nat.phc.blog.BlogApplication] : No active profile set, falling back to default profiles: default
[2020/08/01-21:11:59] [main] [INFO ] [nat.phc.blog.BlogApplication] : Started BlogApplication in 4.718 seconds (JVM running for 5.605)
[2020/08/01-21:13:48] [http-nio-2333-exec-3] [INFO ] [nat.phc.blog.service.impl.UserServiceImpl] : 拿到的tokenKey为====da1fefcb2c40400d164a6af9ed878a3e
[2020/08/01-21:13:49] [http-nio-2333-exec-3] [INFO ] [nat.phc.blog.utils.JwtUtils] : token有效期时间为====》Sat Aug 01 23:13:49 CST 2020
[2020/08/01-21:17:02] [http-nio-2333-exec-4] [INFO ] [nat.phc.blog.service.impl.UserServiceImpl] : 拿到的tokenKey为====491d3d46eed837562b3aa126913560e3
[2020/08/01-21:17:07] [http-nio-2333-exec-6] [INFO ] [nat.phc.blog.service.impl.UserServiceImpl] : 拿到的tokenKey为====491d3d46eed837562b3aa126913560e3
[2020/08/01-21:17:12] [http-nio-2333-exec-7] [INFO ] [nat.phc.blog.service.impl.UserServiceImpl] : 拿到的tokenKey为====491d3d46eed837562b3aa126913560e3
[2020/08/01-21:17:16] [main] [INFO ] [nat.phc.blog.BlogApplication] : Starting BlogApplication on PENGhc with PID 14288 (E:\code\java\SobBlogSystem\target\classes started by PengHaiChen in E:\code\java\SobBlogSystem)
[2020/08/01-21:17:16] [main] [INFO ] [nat.phc.blog.BlogApplication] : No active profile set, falling back to default profiles: default
[2020/08/01-21:17:21] [main] [INFO ] [nat.phc.blog.BlogApplication] : Started BlogApplication in 4.651 seconds (JVM running for 5.42)
[2020/08/01-21:17:29] [http-nio-2333-exec-1] [INFO ] [nat.phc.blog.service.impl.UserServiceImpl] : 拿到的tokenKey为====491d3d46eed837562b3aa126913560e3
[2020/08/01-21:18:22] [main] [INFO ] [nat.phc.blog.BlogApplication] : Starting BlogApplication on PENGhc with PID 2988 (E:\code\java\SobBlogSystem\target\classes started by PengHaiChen in E:\code\java\SobBlogSystem)
[2020/08/01-21:18:22] [main] [INFO ] [nat.phc.blog.BlogApplication] : No active profile set, falling back to default profiles: default
[2020/08/01-21:18:26] [main] [INFO ] [nat.phc.blog.BlogApplication] : Started BlogApplication in 4.883 seconds (JVM running for 5.571)
[2020/08/01-21:18:34] [http-nio-2333-exec-2] [INFO ] [nat.phc.blog.service.impl.UserServiceImpl] : 拿到的tokenKey为====491d3d46eed837562b3aa126913560e3
[2020/08/01-21:18:50] [http-nio-2333-exec-4] [INFO ] [nat.phc.blog.service.impl.UserServiceImpl] : 拿到的tokenKey为====491d3d46eed837562b3aa126913560e3
[2020/08/01-21:25:01] [http-nio-2333-exec-7] [INFO ] [nat.phc.blog.service.impl.UserServiceImpl] : 拿到的tokenKey为====491d3d46eed837562b3aa126913560e3
[2020/08/01-22:09:09] [main] [INFO ] [nat.phc.blog.BlogApplication] : Starting BlogApplication on PENGhc with PID 12540 (E:\code\java\SobBlogSystem\target\classes started by PengHaiChen in E:\code\java\SobBlogSystem)
[2020/08/01-22:09:09] [main] [INFO ] [nat.phc.blog.BlogApplication] : No active profile set, falling back to default profiles: default
[2020/08/01-22:09:13] [main] [INFO ] [nat.phc.blog.BlogApplication] : Started BlogApplication in 4.524 seconds (JVM running for 5.222)
[2020/08/01-22:09:33] [http-nio-2333-exec-3] [INFO ] [nat.phc.blog.service.impl.UserServiceImpl] : 拿到的tokenKey为====491d3d46eed837562b3aa126913560e3
[2020/08/01-22:13:21] [main] [INFO ] [nat.phc.blog.BlogApplication] : Starting BlogApplication on PENGhc with PID 3828 (E:\code\java\SobBlogSystem\target\classes started by PengHaiChen in E:\code\java\SobBlogSystem)
[2020/08/01-22:13:21] [main] [INFO ] [nat.phc.blog.BlogApplication] : No active profile set, falling back to default profiles: default
[2020/08/01-22:13:25] [main] [INFO ] [nat.phc.blog.BlogApplication] : Started BlogApplication in 4.54 seconds (JVM running for 5.279)
[2020/08/01-22:13:29] [http-nio-2333-exec-4] [INFO ] [nat.phc.blog.service.impl.UserServiceImpl] : 拿到的tokenKey为====491d3d46eed837562b3aa126913560e3
[2020/08/01-22:13:34] [http-nio-2333-exec-7] [INFO ] [nat.phc.blog.service.impl.UserServiceImpl] : 拿到的tokenKey为====491d3d46eed837562b3aa126913560e3
[2020/08/01-22:17:50] [main] [INFO ] [nat.phc.blog.BlogApplication] : Starting BlogApplication on PENGhc with PID 12348 (E:\code\java\SobBlogSystem\target\classes started by PengHaiChen in E:\code\java\SobBlogSystem)
[2020/08/01-22:17:50] [main] [INFO ] [nat.phc.blog.BlogApplication] : No active profile set, falling back to default profiles: default
[2020/08/01-22:17:54] [main] [INFO ] [nat.phc.blog.BlogApplication] : Started BlogApplication in 4.65 seconds (JVM running for 5.346)
[2020/08/01-22:18:05] [http-nio-2333-exec-2] [INFO ] [nat.phc.blog.service.impl.UserServiceImpl] : 拿到的tokenKey为====491d3d46eed837562b3aa126913560e3
[2020/08/01-22:21:23] [main] [INFO ] [nat.phc.blog.BlogApplication] : Starting BlogApplication on PENGhc with PID 24976 (E:\code\java\SobBlogSystem\target\classes started by PengHaiChen in E:\code\java\SobBlogSystem)
[2020/08/01-22:21:23] [main] [INFO ] [nat.phc.blog.BlogApplication] : No active profile set, falling back to default profiles: default
[2020/08/01-22:21:28] [main] [INFO ] [nat.phc.blog.BlogApplication] : Started BlogApplication in 4.645 seconds (JVM running for 5.376)
[2020/08/01-22:21:34] [http-nio-2333-exec-2] [INFO ] [nat.phc.blog.service.impl.UserServiceImpl] : 拿到的tokenKey为====491d3d46eed837562b3aa126913560e3
